<?xml version="1.0" encoding="UTF-8" ?>
<testsuite tests="1" failures="0" name="dao.CancelTableTest" time="0.64" errors="1" skipped="0">
  <properties>
    <property name="idea.version" value="2018.1.5"/>
    <property name="java.runtime.name" value="Java(TM) SE Runtime Environment"/>
    <property name="sun.boot.library.path" value="C:\Program Files\Java\jdk1.8.0_60\jre\bin"/>
    <property name="java.vm.version" value="25.60-b23"/>
    <property name="java.vm.vendor" value="Oracle Corporation"/>
    <property name="maven.multiModuleProjectDirectory" value="D:\IntelliJ IDEA\IdeaProjects\decorationsystem"/>
    <property name="java.vendor.url" value="http://java.oracle.com/"/>
    <property name="path.separator" value=";"/>
    <property name="guice.disable.misplaced.annotation.check" value="true"/>
    <property name="java.vm.name" value="Java HotSpot(TM) 64-Bit Server VM"/>
    <property name="file.encoding.pkg" value="sun.io"/>
    <property name="user.script" value=""/>
    <property name="user.country" value="CN"/>
    <property name="sun.java.launcher" value="SUN_STANDARD"/>
    <property name="sun.os.patch.level" value=""/>
    <property name="java.vm.specification.name" value="Java Virtual Machine Specification"/>
    <property name="user.dir" value="D:\IntelliJ IDEA\IdeaProjects\decorationsystem"/>
    <property name="java.runtime.version" value="1.8.0_60-b27"/>
    <property name="java.awt.graphicsenv" value="sun.awt.Win32GraphicsEnvironment"/>
    <property name="java.endorsed.dirs" value="C:\Program Files\Java\jdk1.8.0_60\jre\lib\endorsed"/>
    <property name="os.arch" value="amd64"/>
    <property name="java.io.tmpdir" value="C:\Users\swye\AppData\Local\Temp\"/>
    <property name="line.separator" value="
"/>
    <property name="java.vm.specification.vendor" value="Oracle Corporation"/>
    <property name="user.variant" value=""/>
    <property name="os.name" value="Windows 10"/>
    <property name="classworlds.conf" value="C:\Program Files\JetBrains\IntelliJ IDEA 2018.1.5\plugins\maven\lib\maven3\bin\m2.conf"/>
    <property name="sun.jnu.encoding" value="GBK"/>
    <property name="java.library.path" value="C:\Program Files\Java\jdk1.8.0_60\bin;C:\WINDOWS\Sun\Java\bin;C:\WINDOWS\system32;C:\WINDOWS;C:\Program Files (x86)\Common Files\Oracle\Java\javapath;C:\Program Files\Docker\Docker\Resources\bin;C:\Program Files\Java\jdk1.8.0_60\bin;C:\Windows\system32;C:\Windows;C:\Windows\System32\Wbem;C:\Windows\System32\WindowsPowerShell\v1.0\;C:\Program Files\Microsoft SQL Server\110\Tools\Binn\;C:\Program Files\Microsoft SQL Server\120\DTS\Binn\;C:\Program Files\Microsoft SQL Server\Client SDK\ODBC\110\Tools\Binn\;C:\Program Files (x86)\Microsoft SQL Server\120\Tools\Binn\;C:\Program Files\Microsoft SQL Server\120\Tools\Binn\;C:\Program Files (x86)\Microsoft SQL Server\120\Tools\Binn\ManagementStudio\;C:\Program Files (x86)\Microsoft SQL Server\120\DTS\Binn\;C:\apache-tomcat-8.0.32\bin;C:\Program Files\MySQL\mysql-5.6.12\bin;C:\WINDOWS\system32;C:\WINDOWS;C:\WINDOWS\System32\Wbem;C:\WINDOWS\System32\WindowsPowerShell\v1.0\;C:\Program Files\Microsoft\Web Platform Installer\;C:\Program Files (x86)\Microsoft ASP.NET\ASP.NET Web Pages\v1.0\;C:\Program Files (x86)\Windows Kits\8.0\Windows Performance Toolkit\;C:\Python27;G:\Program Files (x86)\Rational\Common;C:\Program Files (x86)\NVIDIA Corporation\PhysX\Common;C:\WorkSoftware\apache-maven-3.5.0\bin;C:\WINDOWS\system32;C:\WINDOWS;C:\WINDOWS\System32\Wbem;C:\WINDOWS\System32\WindowsPowerShell\v1.0\;C:\Program Files\Git\cmd;C:\Program Files\PuTTY\;C:\Users\swye\AppData\Local\Microsoft\WindowsApps;;."/>
    <property name="java.specification.name" value="Java Platform API Specification"/>
    <property name="java.class.version" value="52.0"/>
    <property name="sun.management.compiler" value="HotSpot 64-Bit Tiered Compilers"/>
    <property name="os.version" value="10.0"/>
    <property name="user.home" value="C:\Users\swye"/>
    <property name="user.timezone" value="Asia/Shanghai"/>
    <property name="java.awt.printerjob" value="sun.awt.windows.WPrinterJob"/>
    <property name="java.specification.version" value="1.8"/>
    <property name="file.encoding" value="UTF-8"/>
    <property name="user.name" value="swye"/>
    <property name="java.class.path" value="C:\Program Files\JetBrains\IntelliJ IDEA 2018.1.5\plugins\maven\lib\maven3\boot\plexus-classworlds-2.5.2.jar;C:\Program Files\JetBrains\IntelliJ IDEA 2018.1.5\lib\idea_rt.jar"/>
    <property name="java.vm.specification.version" value="1.8"/>
    <property name="sun.arch.data.model" value="64"/>
    <property name="java.home" value="C:\Program Files\Java\jdk1.8.0_60\jre"/>
    <property name="sun.java.command" value="org.codehaus.classworlds.Launcher -Didea.version=2018.1.5 install -f pom.xml"/>
    <property name="java.specification.vendor" value="Oracle Corporation"/>
    <property name="user.language" value="zh"/>
    <property name="awt.toolkit" value="sun.awt.windows.WToolkit"/>
    <property name="java.vm.info" value="mixed mode"/>
    <property name="java.version" value="1.8.0_60"/>
    <property name="java.ext.dirs" value="C:\Program Files\Java\jdk1.8.0_60\jre\lib\ext;C:\WINDOWS\Sun\Java\lib\ext"/>
    <property name="sun.boot.class.path" value="C:\Program Files\Java\jdk1.8.0_60\jre\lib\resources.jar;C:\Program Files\Java\jdk1.8.0_60\jre\lib\rt.jar;C:\Program Files\Java\jdk1.8.0_60\jre\lib\sunrsasign.jar;C:\Program Files\Java\jdk1.8.0_60\jre\lib\jsse.jar;C:\Program Files\Java\jdk1.8.0_60\jre\lib\jce.jar;C:\Program Files\Java\jdk1.8.0_60\jre\lib\charsets.jar;C:\Program Files\Java\jdk1.8.0_60\jre\lib\jfr.jar;C:\Program Files\Java\jdk1.8.0_60\jre\classes"/>
    <property name="java.vendor" value="Oracle Corporation"/>
    <property name="maven.home" value="C:\Program Files\JetBrains\IntelliJ IDEA 2018.1.5\plugins\maven\lib\maven3"/>
    <property name="file.separator" value="\"/>
    <property name="java.vendor.url.bug" value="http://bugreport.sun.com/bugreport/"/>
    <property name="sun.cpu.endian" value="little"/>
    <property name="sun.io.unicode.encoding" value="UnicodeLittle"/>
    <property name="sun.desktop" value="windows"/>
    <property name="sun.cpu.isalist" value="amd64"/>
  </properties>
  <testcase classname="dao.CancelTableTest" name="Test" time="0.64">
    <error message="
### Error updating database.  Cause: com.mysql.jdbc.exceptions.jdbc4.MySQLIntegrityConstraintViolationException: Duplicate entry &apos;100001&apos; for key &apos;registration_id&apos;
### The error may involve com.sise.dao.CancelTableDao.insertCancelTable-Inline
### The error occurred while setting parameters
### SQL: INSERT INTO cancel_table(cancel_content,cancel_time,employee_id,registration_id,cancel_status) VALUES (?,?,?,?,?)
### Cause: com.mysql.jdbc.exceptions.jdbc4.MySQLIntegrityConstraintViolationException: Duplicate entry &apos;100001&apos; for key &apos;registration_id&apos;
; SQL []; Duplicate entry &apos;100001&apos; for key &apos;registration_id&apos;; nested exception is com.mysql.jdbc.exceptions.jdbc4.MySQLIntegrityConstraintViolationException: Duplicate entry &apos;100001&apos; for key &apos;registration_id&apos;" type="org.springframework.dao.DuplicateKeyException">org.springframework.dao.DuplicateKeyException: 
### Error updating database.  Cause: com.mysql.jdbc.exceptions.jdbc4.MySQLIntegrityConstraintViolationException: Duplicate entry &apos;100001&apos; for key &apos;registration_id&apos;
### The error may involve com.sise.dao.CancelTableDao.insertCancelTable-Inline
### The error occurred while setting parameters
### SQL: INSERT INTO cancel_table(cancel_content,cancel_time,employee_id,registration_id,cancel_status) VALUES (?,?,?,?,?)
### Cause: com.mysql.jdbc.exceptions.jdbc4.MySQLIntegrityConstraintViolationException: Duplicate entry &apos;100001&apos; for key &apos;registration_id&apos;
; SQL []; Duplicate entry &apos;100001&apos; for key &apos;registration_id&apos;; nested exception is com.mysql.jdbc.exceptions.jdbc4.MySQLIntegrityConstraintViolationException: Duplicate entry &apos;100001&apos; for key &apos;registration_id&apos;
	at org.springframework.jdbc.support.SQLErrorCodeSQLExceptionTranslator.doTranslate(SQLErrorCodeSQLExceptionTranslator.java:239)
	at org.springframework.jdbc.support.AbstractFallbackSQLExceptionTranslator.translate(AbstractFallbackSQLExceptionTranslator.java:73)
	at org.mybatis.spring.MyBatisExceptionTranslator.translateExceptionIfPossible(MyBatisExceptionTranslator.java:75)
	at org.mybatis.spring.SqlSessionTemplate$SqlSessionInterceptor.invoke(SqlSessionTemplate.java:447)
	at com.sun.proxy.$Proxy21.insert(Unknown Source)
	at org.mybatis.spring.SqlSessionTemplate.insert(SqlSessionTemplate.java:279)
	at org.apache.ibatis.binding.MapperMethod.execute(MapperMethod.java:57)
	at org.apache.ibatis.binding.MapperProxy.invoke(MapperProxy.java:59)
	at com.sun.proxy.$Proxy40.insertCancelTable(Unknown Source)
	at com.sise.service.serviceimpl.CancelTableServiceImpl.saveCancelTable(CancelTableServiceImpl.java:21)
	at dao.CancelTableTest.Test(CancelTableTest.java:28)
	at sun.reflect.NativeMethodAccessorImpl.invoke0(Native Method)
	at sun.reflect.NativeMethodAccessorImpl.invoke(NativeMethodAccessorImpl.java:62)
	at sun.reflect.DelegatingMethodAccessorImpl.invoke(DelegatingMethodAccessorImpl.java:43)
	at java.lang.reflect.Method.invoke(Method.java:497)
	at org.junit.runners.model.FrameworkMethod$1.runReflectiveCall(FrameworkMethod.java:50)
	at org.junit.internal.runners.model.ReflectiveCallable.run(ReflectiveCallable.java:12)
	at org.junit.runners.model.FrameworkMethod.invokeExplosively(FrameworkMethod.java:47)
	at org.junit.internal.runners.statements.InvokeMethod.evaluate(InvokeMethod.java:17)
	at org.springframework.test.context.junit4.statements.RunBeforeTestMethodCallbacks.evaluate(RunBeforeTestMethodCallbacks.java:75)
	at org.springframework.test.context.junit4.statements.RunAfterTestMethodCallbacks.evaluate(RunAfterTestMethodCallbacks.java:86)
	at org.springframework.test.context.junit4.statements.SpringRepeat.evaluate(SpringRepeat.java:84)
	at org.junit.runners.ParentRunner.runLeaf(ParentRunner.java:325)
	at org.springframework.test.context.junit4.SpringJUnit4ClassRunner.runChild(SpringJUnit4ClassRunner.java:252)
	at org.springframework.test.context.junit4.SpringJUnit4ClassRunner.runChild(SpringJUnit4ClassRunner.java:94)
	at org.junit.runners.ParentRunner$3.run(ParentRunner.java:290)
	at org.junit.runners.ParentRunner$1.schedule(ParentRunner.java:71)
	at org.junit.runners.ParentRunner.runChildren(ParentRunner.java:288)
	at org.junit.runners.ParentRunner.access$000(ParentRunner.java:58)
	at org.junit.runners.ParentRunner$2.evaluate(ParentRunner.java:268)
	at org.springframework.test.context.junit4.statements.RunBeforeTestClassCallbacks.evaluate(RunBeforeTestClassCallbacks.java:61)
	at org.springframework.test.context.junit4.statements.RunAfterTestClassCallbacks.evaluate(RunAfterTestClassCallbacks.java:70)
	at org.junit.runners.ParentRunner.run(ParentRunner.java:363)
	at org.springframework.test.context.junit4.SpringJUnit4ClassRunner.run(SpringJUnit4ClassRunner.java:191)
	at org.apache.maven.surefire.junit4.JUnit4Provider.execute(JUnit4Provider.java:252)
	at org.apache.maven.surefire.junit4.JUnit4Provider.executeTestSet(JUnit4Provider.java:141)
	at org.apache.maven.surefire.junit4.JUnit4Provider.invoke(JUnit4Provider.java:112)
	at sun.reflect.NativeMethodAccessorImpl.invoke0(Native Method)
	at sun.reflect.NativeMethodAccessorImpl.invoke(NativeMethodAccessorImpl.java:62)
	at sun.reflect.DelegatingMethodAccessorImpl.invoke(DelegatingMethodAccessorImpl.java:43)
	at java.lang.reflect.Method.invoke(Method.java:497)
	at org.apache.maven.surefire.util.ReflectionUtils.invokeMethodWithArray(ReflectionUtils.java:189)
	at org.apache.maven.surefire.booter.ProviderFactory$ProviderProxy.invoke(ProviderFactory.java:165)
	at org.apache.maven.surefire.booter.ProviderFactory.invokeProvider(ProviderFactory.java:85)
	at org.apache.maven.surefire.booter.ForkedBooter.runSuitesInProcess(ForkedBooter.java:115)
	at org.apache.maven.surefire.booter.ForkedBooter.main(ForkedBooter.java:75)
Caused by: com.mysql.jdbc.exceptions.jdbc4.MySQLIntegrityConstraintViolationException: Duplicate entry &apos;100001&apos; for key &apos;registration_id&apos;
	at sun.reflect.NativeConstructorAccessorImpl.newInstance0(Native Method)
	at sun.reflect.NativeConstructorAccessorImpl.newInstance(NativeConstructorAccessorImpl.java:62)
	at sun.reflect.DelegatingConstructorAccessorImpl.newInstance(DelegatingConstructorAccessorImpl.java:45)
	at java.lang.reflect.Constructor.newInstance(Constructor.java:422)
	at com.mysql.jdbc.Util.handleNewInstance(Util.java:409)
	at com.mysql.jdbc.Util.getInstance(Util.java:384)
	at com.mysql.jdbc.SQLError.createSQLException(SQLError.java:1039)
	at com.mysql.jdbc.MysqlIO.checkErrorPacket(MysqlIO.java:4232)
	at com.mysql.jdbc.MysqlIO.checkErrorPacket(MysqlIO.java:4164)
	at com.mysql.jdbc.MysqlIO.sendCommand(MysqlIO.java:2615)
	at com.mysql.jdbc.MysqlIO.sqlQueryDirect(MysqlIO.java:2776)
	at com.mysql.jdbc.ConnectionImpl.execSQL(ConnectionImpl.java:2838)
	at com.mysql.jdbc.PreparedStatement.executeInternal(PreparedStatement.java:2082)
	at com.mysql.jdbc.PreparedStatement.execute(PreparedStatement.java:1307)
	at com.mchange.v2.c3p0.impl.NewProxyPreparedStatement.execute(NewProxyPreparedStatement.java:67)
	at sun.reflect.NativeMethodAccessorImpl.invoke0(Native Method)
	at sun.reflect.NativeMethodAccessorImpl.invoke(NativeMethodAccessorImpl.java:62)
	at sun.reflect.DelegatingMethodAccessorImpl.invoke(DelegatingMethodAccessorImpl.java:43)
	at java.lang.reflect.Method.invoke(Method.java:497)
	at org.apache.ibatis.logging.jdbc.PreparedStatementLogger.invoke(PreparedStatementLogger.java:59)
	at com.sun.proxy.$Proxy54.execute(Unknown Source)
	at org.apache.ibatis.executor.statement.PreparedStatementHandler.update(PreparedStatementHandler.java:46)
	at org.apache.ibatis.executor.statement.RoutingStatementHandler.update(RoutingStatementHandler.java:74)
	at org.apache.ibatis.executor.ReuseExecutor.doUpdate(ReuseExecutor.java:52)
	at org.apache.ibatis.executor.BaseExecutor.update(BaseExecutor.java:117)
	at org.apache.ibatis.executor.CachingExecutor.update(CachingExecutor.java:76)
	at sun.reflect.NativeMethodAccessorImpl.invoke0(Native Method)
	at sun.reflect.NativeMethodAccessorImpl.invoke(NativeMethodAccessorImpl.java:62)
	at sun.reflect.DelegatingMethodAccessorImpl.invoke(DelegatingMethodAccessorImpl.java:43)
	at java.lang.reflect.Method.invoke(Method.java:497)
	at org.apache.ibatis.plugin.Plugin.invoke(Plugin.java:63)
	at com.sun.proxy.$Proxy52.update(Unknown Source)
	at org.apache.ibatis.session.defaults.DefaultSqlSession.update(DefaultSqlSession.java:198)
	at org.apache.ibatis.session.defaults.DefaultSqlSession.insert(DefaultSqlSession.java:185)
	at sun.reflect.NativeMethodAccessorImpl.invoke0(Native Method)
	at sun.reflect.NativeMethodAccessorImpl.invoke(NativeMethodAccessorImpl.java:62)
	at sun.reflect.DelegatingMethodAccessorImpl.invoke(DelegatingMethodAccessorImpl.java:43)
	at java.lang.reflect.Method.invoke(Method.java:497)
	at org.mybatis.spring.SqlSessionTemplate$SqlSessionInterceptor.invoke(SqlSessionTemplate.java:434)
	... 42 more
</error>
    <system-out>DEBUG - SpringJUnit4ClassRunner constructor called with [class dao.CancelTableTest]
DEBUG - Instantiating CacheAwareContextLoaderDelegate from class [org.springframework.test.context.cache.DefaultCacheAwareContextLoaderDelegate]
DEBUG - Instantiating BootstrapContext using constructor [public org.springframework.test.context.support.DefaultBootstrapContext(java.lang.Class,org.springframework.test.context.CacheAwareContextLoaderDelegate)]
DEBUG - Instantiating TestContextBootstrapper for test class [dao.CancelTableTest] from class [org.springframework.test.context.support.DefaultTestContextBootstrapper]
DEBUG - Delegating to GenericXmlContextLoader to process context configuration [ContextConfigurationAttributes@59fa1d9b declaringClass = &apos;dao.CancelTableTest&apos;, classes = &apos;{}&apos;, locations = &apos;{classpath:ssm/applicationContext.xml}&apos;, inheritLocations = true, initializers = &apos;{}&apos;, inheritInitializers = true, name = [null], contextLoaderClass = &apos;org.springframework.test.context.ContextLoader&apos;].
DEBUG - Could not find an &apos;annotation declaring class&apos; for annotation type [org.springframework.test.context.ActiveProfiles] and class [dao.CancelTableTest]
DEBUG - @TestExecutionListeners is not present for class [dao.CancelTableTest]: using defaults.
INFO - Loaded default TestExecutionListener class names from location [META-INF/spring.factories]: [org.springframework.test.context.web.ServletTestExecutionListener, org.springframework.test.context.support.DirtiesContextBeforeModesTestExecutionListener, org.springframework.test.context.support.DependencyInjectionTestExecutionListener, org.springframework.test.context.support.DirtiesContextTestExecutionListener, org.springframework.test.context.transaction.TransactionalTestExecutionListener, org.springframework.test.context.jdbc.SqlScriptsTestExecutionListener]
INFO - Using TestExecutionListeners: [org.springframework.test.context.web.ServletTestExecutionListener@57536d79, org.springframework.test.context.support.DirtiesContextBeforeModesTestExecutionListener@3b0143d3, org.springframework.test.context.support.DependencyInjectionTestExecutionListener@5a8e6209, org.springframework.test.context.support.DirtiesContextTestExecutionListener@4b4523f8, org.springframework.test.context.transaction.TransactionalTestExecutionListener@731a74c, org.springframework.test.context.jdbc.SqlScriptsTestExecutionListener@369f73a2]
DEBUG - Retrieved @ProfileValueSourceConfiguration [null] for test class [dao.CancelTableTest]
DEBUG - Retrieved ProfileValueSource type [class org.springframework.test.annotation.SystemProfileValueSource] for class [dao.CancelTableTest]
DEBUG - Retrieved @ProfileValueSourceConfiguration [null] for test class [dao.CancelTableTest]
DEBUG - Retrieved ProfileValueSource type [class org.springframework.test.annotation.SystemProfileValueSource] for class [dao.CancelTableTest]
DEBUG - Before test class: context [DefaultTestContext@610694f1 testClass = CancelTableTest, testInstance = [null], testMethod = [null], testException = [null], mergedContextConfiguration = [MergedContextConfiguration@43814d18 testClass = CancelTableTest, locations = &apos;{classpath:ssm/applicationContext.xml}&apos;, classes = &apos;{}&apos;, contextInitializerClasses = &apos;[]&apos;, activeProfiles = &apos;{}&apos;, propertySourceLocations = &apos;{}&apos;, propertySourceProperties = &apos;{}&apos;, contextCustomizers = set[[empty]], contextLoader = &apos;org.springframework.test.context.support.DelegatingSmartContextLoader&apos;, parent = [null]]], class annotated with @DirtiesContext [false] with mode [null].
DEBUG - Retrieved @ProfileValueSourceConfiguration [null] for test class [dao.CancelTableTest]
DEBUG - Retrieved ProfileValueSource type [class org.springframework.test.annotation.SystemProfileValueSource] for class [dao.CancelTableTest]
DEBUG - Performing dependency injection for test context [[DefaultTestContext@610694f1 testClass = CancelTableTest, testInstance = dao.CancelTableTest@49fc609f, testMethod = [null], testException = [null], mergedContextConfiguration = [MergedContextConfiguration@43814d18 testClass = CancelTableTest, locations = &apos;{classpath:ssm/applicationContext.xml}&apos;, classes = &apos;{}&apos;, contextInitializerClasses = &apos;[]&apos;, activeProfiles = &apos;{}&apos;, propertySourceLocations = &apos;{}&apos;, propertySourceProperties = &apos;{}&apos;, contextCustomizers = set[[empty]], contextLoader = &apos;org.springframework.test.context.support.DelegatingSmartContextLoader&apos;, parent = [null]]]].
DEBUG - Delegating to GenericXmlContextLoader to load context from [MergedContextConfiguration@43814d18 testClass = CancelTableTest, locations = &apos;{classpath:ssm/applicationContext.xml}&apos;, classes = &apos;{}&apos;, contextInitializerClasses = &apos;[]&apos;, activeProfiles = &apos;{}&apos;, propertySourceLocations = &apos;{}&apos;, propertySourceProperties = &apos;{}&apos;, contextCustomizers = set[[empty]], contextLoader = &apos;org.springframework.test.context.support.DelegatingSmartContextLoader&apos;, parent = [null]].
DEBUG - Loading ApplicationContext for merged context configuration [[MergedContextConfiguration@43814d18 testClass = CancelTableTest, locations = &apos;{classpath:ssm/applicationContext.xml}&apos;, classes = &apos;{}&apos;, contextInitializerClasses = &apos;[]&apos;, activeProfiles = &apos;{}&apos;, propertySourceLocations = &apos;{}&apos;, propertySourceProperties = &apos;{}&apos;, contextCustomizers = set[[empty]], contextLoader = &apos;org.springframework.test.context.support.DelegatingSmartContextLoader&apos;, parent = [null]]].
DEBUG - Adding [systemProperties] PropertySource with lowest search precedence
DEBUG - Adding [systemEnvironment] PropertySource with lowest search precedence
DEBUG - Initialized StandardEnvironment with PropertySources [systemProperties,systemEnvironment]
INFO - Loading XML bean definitions from class path resource [ssm/applicationContext.xml]
DEBUG - Using JAXP provider [com.sun.org.apache.xerces.internal.jaxp.DocumentBuilderFactoryImpl]
DEBUG - Loading schema mappings from [META-INF/spring.schemas]
DEBUG - Loaded schema mappings: {http://www.springframework.org/schema/tx/spring-tx-4.3.xsd=org/springframework/transaction/config/spring-tx-4.3.xsd, http://www.springframework.org/schema/tx/spring-tx-2.5.xsd=org/springframework/transaction/config/spring-tx-2.5.xsd, http://www.springframework.org/schema/cache/spring-cache-4.2.xsd=org/springframework/cache/config/spring-cache-4.2.xsd, http://www.springframework.org/schema/aop/spring-aop-4.1.xsd=org/springframework/aop/config/spring-aop-4.1.xsd, http://www.springframework.org/schema/context/spring-context-3.1.xsd=org/springframework/context/config/spring-context-3.1.xsd, http://www.springframework.org/schema/jdbc/spring-jdbc-4.1.xsd=org/springframework/jdbc/config/spring-jdbc-4.1.xsd, http://www.springframework.org/schema/mvc/spring-mvc-4.1.xsd=org/springframework/web/servlet/config/spring-mvc-4.1.xsd, http://www.springframework.org/schema/util/spring-util-3.0.xsd=org/springframework/beans/factory/xml/spring-util-3.0.xsd, http://mybatis.org/schema/mybatis-spring-1.2.xsd=org/mybatis/spring/config/mybatis-spring-1.2.xsd, http://www.springframework.org/schema/aop/spring-aop-3.2.xsd=org/springframework/aop/config/spring-aop-3.2.xsd, http://www.springframework.org/schema/tool/spring-tool.xsd=org/springframework/beans/factory/xml/spring-tool-4.3.xsd, http://www.springframework.org/schema/lang/spring-lang-4.1.xsd=org/springframework/scripting/config/spring-lang-4.1.xsd, http://www.springframework.org/schema/context/spring-context-4.0.xsd=org/springframework/context/config/spring-context-4.0.xsd, http://www.springframework.org/schema/mvc/spring-mvc-3.2.xsd=org/springframework/web/servlet/config/spring-mvc-3.2.xsd, http://www.springframework.org/schema/beans/spring-beans-4.2.xsd=org/springframework/beans/factory/xml/spring-beans-4.2.xsd, http://www.springframework.org/schema/oxm/spring-oxm-3.0.xsd=org/springframework/oxm/config/spring-oxm-3.0.xsd, http://www.springframework.org/schema/tool/spring-tool-4.1.xsd=org/springframework/beans/factory/xml/spring-tool-4.1.xsd, http://www.springframework.org/schema/lang/spring-lang-3.2.xsd=org/springframework/scripting/config/spring-lang-3.2.xsd, http://www.springframework.org/schema/cache/spring-cache-3.2.xsd=org/springframework/cache/config/spring-cache-3.2.xsd, http://www.springframework.org/schema/jee/spring-jee-4.1.xsd=org/springframework/ejb/config/spring-jee-4.1.xsd, http://www.springframework.org/schema/jdbc/spring-jdbc-3.1.xsd=org/springframework/jdbc/config/spring-jdbc-3.1.xsd, http://www.springframework.org/schema/util/spring-util-2.0.xsd=org/springframework/beans/factory/xml/spring-util-2.0.xsd, http://www.springframework.org/schema/task/spring-task-4.2.xsd=org/springframework/scheduling/config/spring-task-4.2.xsd, http://www.springframework.org/schema/tool/spring-tool-3.2.xsd=org/springframework/beans/factory/xml/spring-tool-3.2.xsd, http://www.springframework.org/schema/context/spring-context.xsd=org/springframework/context/config/spring-context-4.3.xsd, http://www.springframework.org/schema/tx/spring-tx-4.2.xsd=org/springframework/transaction/config/spring-tx-4.2.xsd, http://www.springframework.org/schema/cache/spring-cache-4.1.xsd=org/springframework/cache/config/spring-cache-4.1.xsd, http://www.springframework.org/schema/aop/spring-aop-4.0.xsd=org/springframework/aop/config/spring-aop-4.0.xsd, http://www.springframework.org/schema/jee/spring-jee-3.2.xsd=org/springframework/ejb/config/spring-jee-3.2.xsd, http://www.springframework.org/schema/context/spring-context-3.0.xsd=org/springframework/context/config/spring-context-3.0.xsd, http://www.springframework.org/schema/jdbc/spring-jdbc-4.0.xsd=org/springframework/jdbc/config/spring-jdbc-4.0.xsd, http://www.springframework.org/schema/mvc/spring-mvc-4.0.xsd=org/springframework/web/servlet/config/spring-mvc-4.0.xsd, http://www.springframework.org/schema/util/spring-util-2.5.xsd=org/springframework/beans/factory/xml/spring-util-2.5.xsd, http://www.springframework.org/schema/util/spring-util-4.3.xsd=org/springframework/beans/factory/xml/spring-util-4.3.xsd, http://www.springframework.org/schema/beans/spring-beans-3.2.xsd=org/springframework/beans/factory/xml/spring-beans-3.2.xsd, http://www.springframework.org/schema/aop/spring-aop-3.1.xsd=org/springframework/aop/config/spring-aop-3.1.xsd, http://www.springframework.org/schema/lang/spring-lang-4.0.xsd=org/springframework/scripting/config/spring-lang-4.0.xsd, http://www.springframework.org/schema/mvc/spring-mvc.xsd=org/springframework/web/servlet/config/spring-mvc-4.3.xsd, http://www.springframework.org/schema/mvc/spring-mvc-3.1.xsd=org/springframework/web/servlet/config/spring-mvc-3.1.xsd, http://www.springframework.org/schema/beans/spring-beans-4.1.xsd=org/springframework/beans/factory/xml/spring-beans-4.1.xsd, http://www.springframework.org/schema/oxm/spring-oxm-4.3.xsd=org/springframework/oxm/config/spring-oxm-4.3.xsd, http://www.springframework.org/schema/tool/spring-tool-4.0.xsd=org/springframework/beans/factory/xml/spring-tool-4.0.xsd, http://www.springframework.org/schema/tx/spring-tx-3.2.xsd=org/springframework/transaction/config/spring-tx-3.2.xsd, http://www.springframework.org/schema/lang/spring-lang-3.1.xsd=org/springframework/scripting/config/spring-lang-3.1.xsd, http://www.springframework.org/schema/cache/spring-cache-3.1.xsd=org/springframework/cache/config/spring-cache-3.1.xsd, http://www.springframework.org/schema/jee/spring-jee-4.0.xsd=org/springframework/ejb/config/spring-jee-4.0.xsd, http://www.springframework.org/schema/jdbc/spring-jdbc-3.0.xsd=org/springframework/jdbc/config/spring-jdbc-3.0.xsd, http://www.springframework.org/schema/task/spring-task-4.1.xsd=org/springframework/scheduling/config/spring-task-4.1.xsd, http://www.springframework.org/schema/jdbc/spring-jdbc.xsd=org/springframework/jdbc/config/spring-jdbc-4.3.xsd, http://www.springframework.org/schema/tool/spring-tool-3.1.xsd=org/springframework/beans/factory/xml/spring-tool-3.1.xsd, http://www.springframework.org/schema/tx/spring-tx-4.1.xsd=org/springframework/transaction/config/spring-tx-4.1.xsd, http://www.springframework.org/schema/cache/spring-cache-4.0.xsd=org/springframework/cache/config/spring-cache-4.0.xsd, http://www.springframework.org/schema/jee/spring-jee-3.1.xsd=org/springframework/ejb/config/spring-jee-3.1.xsd, http://www.springframework.org/schema/task/spring-task-3.2.xsd=org/springframework/scheduling/config/spring-task-3.2.xsd, http://www.springframework.org/schema/util/spring-util-4.2.xsd=org/springframework/beans/factory/xml/spring-util-4.2.xsd, http://www.springframework.org/schema/beans/spring-beans-3.1.xsd=org/springframework/beans/factory/xml/spring-beans-3.1.xsd, http://www.springframework.org/schema/websocket/spring-websocket-4.3.xsd=org/springframework/web/socket/config/spring-websocket-4.3.xsd, http://www.springframework.org/schema/util/spring-util.xsd=org/springframework/beans/factory/xml/spring-util-4.3.xsd, http://www.springframework.org/schema/aop/spring-aop-3.0.xsd=org/springframework/aop/config/spring-aop-3.0.xsd, http://www.springframework.org/schema/mvc/spring-mvc-3.0.xsd=org/springframework/web/servlet/config/spring-mvc-3.0.xsd, http://www.springframework.org/schema/beans/spring-beans-4.0.xsd=org/springframework/beans/factory/xml/spring-beans-4.0.xsd, http://www.springframework.org/schema/oxm/spring-oxm-4.2.xsd=org/springframework/oxm/config/spring-oxm-4.2.xsd, http://www.springframework.org/schema/beans/spring-beans.xsd=org/springframework/beans/factory/xml/spring-beans-4.3.xsd, http://mybatis.org/schema/mybatis-spring.xsd=org/mybatis/spring/config/mybatis-spring-1.2.xsd, http://www.springframework.org/schema/tx/spring-tx-3.1.xsd=org/springframework/transaction/config/spring-tx-3.1.xsd, http://www.springframework.org/schema/lang/spring-lang-3.0.xsd=org/springframework/scripting/config/spring-lang-3.0.xsd, http://www.springframework.org/schema/context/spring-context-2.5.xsd=org/springframework/context/config/spring-context-2.5.xsd, http://www.springframework.org/schema/context/spring-context-4.3.xsd=org/springframework/context/config/spring-context-4.3.xsd, http://www.springframework.org/schema/task/spring-task-4.0.xsd=org/springframework/scheduling/config/spring-task-4.0.xsd, http://www.springframework.org/schema/tool/spring-tool-3.0.xsd=org/springframework/beans/factory/xml/spring-tool-3.0.xsd, http://www.springframework.org/schema/tx/spring-tx-4.0.xsd=org/springframework/transaction/config/spring-tx-4.0.xsd, http://www.springframework.org/schema/aop/spring-aop-2.0.xsd=org/springframework/aop/config/spring-aop-2.0.xsd, http://www.springframework.org/schema/jee/spring-jee-3.0.xsd=org/springframework/ejb/config/spring-jee-3.0.xsd, http://www.springframework.org/schema/util/spring-util-4.1.xsd=org/springframework/beans/factory/xml/spring-util-4.1.xsd, http://www.springframework.org/schema/task/spring-task-3.1.xsd=org/springframework/scheduling/config/spring-task-3.1.xsd, http://www.springframework.org/schema/beans/spring-beans-3.0.xsd=org/springframework/beans/factory/xml/spring-beans-3.0.xsd, http://www.springframework.org/schema/websocket/spring-websocket-4.2.xsd=org/springframework/web/socket/config/spring-websocket-4.2.xsd, http://www.springframework.org/schema/websocket/spring-websocket.xsd=org/springframework/web/socket/config/spring-websocket-4.3.xsd, http://www.springframework.org/schema/jee/spring-jee.xsd=org/springframework/ejb/config/spring-jee-4.3.xsd, http://www.springframework.org/schema/aop/spring-aop-4.3.xsd=org/springframework/aop/config/spring-aop-4.3.xsd, http://www.springframework.org/schema/aop/spring-aop-2.5.xsd=org/springframework/aop/config/spring-aop-2.5.xsd, http://www.springframework.org/schema/lang/spring-lang-2.0.xsd=org/springframework/scripting/config/spring-lang-2.0.xsd, http://www.springframework.org/schema/jdbc/spring-jdbc-4.3.xsd=org/springframework/jdbc/config/spring-jdbc-4.3.xsd, http://www.springframework.org/schema/oxm/spring-oxm.xsd=org/springframework/oxm/config/spring-oxm-4.3.xsd, http://www.springframework.org/schema/mvc/spring-mvc-4.3.xsd=org/springframework/web/servlet/config/spring-mvc-4.3.xsd, http://www.springframework.org/schema/util/spring-util-3.2.xsd=org/springframework/beans/factory/xml/spring-util-3.2.xsd, http://www.springframework.org/schema/oxm/spring-oxm-4.1.xsd=org/springframework/oxm/config/spring-oxm-4.1.xsd, http://www.springframework.org/schema/task/spring-task.xsd=org/springframework/scheduling/config/spring-task-4.3.xsd, http://www.springframework.org/schema/tool/spring-tool-2.0.xsd=org/springframework/beans/factory/xml/spring-tool-2.0.xsd, http://www.springframework.org/schema/tx/spring-tx-3.0.xsd=org/springframework/transaction/config/spring-tx-3.0.xsd, http://www.springframework.org/schema/lang/spring-lang-2.5.xsd=org/springframework/scripting/config/spring-lang-2.5.xsd, http://www.springframework.org/schema/lang/spring-lang-4.3.xsd=org/springframework/scripting/config/spring-lang-4.3.xsd, http://www.springframework.org/schema/context/spring-context-4.2.xsd=org/springframework/context/config/spring-context-4.2.xsd, http://www.springframework.org/schema/jee/spring-jee-2.0.xsd=org/springframework/ejb/config/spring-jee-2.0.xsd, http://www.springframework.org/schema/oxm/spring-oxm-3.2.xsd=org/springframework/oxm/config/spring-oxm-3.2.xsd, http://www.springframework.org/schema/tool/spring-tool-4.3.xsd=org/springframework/beans/factory/xml/spring-tool-4.3.xsd, http://www.springframework.org/schema/tool/spring-tool-2.5.xsd=org/springframework/beans/factory/xml/spring-tool-2.5.xsd, http://www.springframework.org/schema/jee/spring-jee-4.3.xsd=org/springframework/ejb/config/spring-jee-4.3.xsd, http://www.springframework.org/schema/jee/spring-jee-2.5.xsd=org/springframework/ejb/config/spring-jee-2.5.xsd, http://www.springframework.org/schema/util/spring-util-4.0.xsd=org/springframework/beans/factory/xml/spring-util-4.0.xsd, http://www.springframework.org/schema/task/spring-task-3.0.xsd=org/springframework/scheduling/config/spring-task-3.0.xsd, http://www.springframework.org/schema/websocket/spring-websocket-4.1.xsd=org/springframework/web/socket/config/spring-websocket-4.1.xsd, http://www.springframework.org/schema/cache/spring-cache-4.3.xsd=org/springframework/cache/config/spring-cache-4.3.xsd, http://www.springframework.org/schema/aop/spring-aop-4.2.xsd=org/springframework/aop/config/spring-aop-4.2.xsd, http://www.springframework.org/schema/lang/spring-lang.xsd=org/springframework/scripting/config/spring-lang-4.3.xsd, http://www.springframework.org/schema/context/spring-context-3.2.xsd=org/springframework/context/config/spring-context-3.2.xsd, http://www.springframework.org/schema/jdbc/spring-jdbc-4.2.xsd=org/springframework/jdbc/config/spring-jdbc-4.2.xsd, http://www.springframework.org/schema/mvc/spring-mvc-4.2.xsd=org/springframework/web/servlet/config/spring-mvc-4.2.xsd, http://www.springframework.org/schema/util/spring-util-3.1.xsd=org/springframework/beans/factory/xml/spring-util-3.1.xsd, http://www.springframework.org/schema/beans/spring-beans-2.0.xsd=org/springframework/beans/factory/xml/spring-beans-2.0.xsd, http://www.springframework.org/schema/oxm/spring-oxm-4.0.xsd=org/springframework/oxm/config/spring-oxm-4.0.xsd, http://www.springframework.org/schema/cache/spring-cache.xsd=org/springframework/cache/config/spring-cache-4.3.xsd, http://www.springframework.org/schema/tx/spring-tx.xsd=org/springframework/transaction/config/spring-tx-4.3.xsd, http://www.springframework.org/schema/lang/spring-lang-4.2.xsd=org/springframework/scripting/config/spring-lang-4.2.xsd, http://www.springframework.org/schema/context/spring-context-4.1.xsd=org/springframework/context/config/spring-context-4.1.xsd, http://www.springframework.org/schema/beans/spring-beans-2.5.xsd=org/springframework/beans/factory/xml/spring-beans-2.5.xsd, http://www.springframework.org/schema/beans/spring-beans-4.3.xsd=org/springframework/beans/factory/xml/spring-beans-4.3.xsd, http://www.springframework.org/schema/oxm/spring-oxm-3.1.xsd=org/springframework/oxm/config/spring-oxm-3.1.xsd, http://www.springframework.org/schema/tool/spring-tool-4.2.xsd=org/springframework/beans/factory/xml/spring-tool-4.2.xsd, http://www.springframework.org/schema/tx/spring-tx-2.0.xsd=org/springframework/transaction/config/spring-tx-2.0.xsd, http://www.springframework.org/schema/jee/spring-jee-4.2.xsd=org/springframework/ejb/config/spring-jee-4.2.xsd, http://www.springframework.org/schema/jdbc/spring-jdbc-3.2.xsd=org/springframework/jdbc/config/spring-jdbc-3.2.xsd, http://www.springframework.org/schema/aop/spring-aop.xsd=org/springframework/aop/config/spring-aop-4.3.xsd, http://www.springframework.org/schema/task/spring-task-4.3.xsd=org/springframework/scheduling/config/spring-task-4.3.xsd, http://www.springframework.org/schema/websocket/spring-websocket-4.0.xsd=org/springframework/web/socket/config/spring-websocket-4.0.xsd}
DEBUG - Found XML schema [http://www.springframework.org/schema/beans/spring-beans.xsd] in classpath: org/springframework/beans/factory/xml/spring-beans-4.3.xsd
DEBUG - Found XML schema [http://mybatis.org/schema/mybatis-spring.xsd] in classpath: org/mybatis/spring/config/mybatis-spring-1.2.xsd
DEBUG - Found XML schema [http://www.springframework.org/schema/context/spring-context.xsd] in classpath: org/springframework/context/config/spring-context-4.3.xsd
DEBUG - Found XML schema [http://www.springframework.org/schema/tool/spring-tool-4.3.xsd] in classpath: org/springframework/beans/factory/xml/spring-tool-4.3.xsd
DEBUG - Found XML schema [http://www.springframework.org/schema/tx/spring-tx.xsd] in classpath: org/springframework/transaction/config/spring-tx-4.3.xsd
DEBUG - Loading bean definitions
DEBUG - Loaded NamespaceHandler mappings: {http://www.springframework.org/schema/p=org.springframework.beans.factory.xml.SimplePropertyNamespaceHandler, http://www.springframework.org/schema/mvc=org.springframework.web.servlet.config.MvcNamespaceHandler, http://www.springframework.org/schema/util=org.springframework.beans.factory.xml.UtilNamespaceHandler, http://www.springframework.org/schema/jee=org.springframework.ejb.config.JeeNamespaceHandler, http://www.springframework.org/schema/websocket=org.springframework.web.socket.config.WebSocketNamespaceHandler, http://www.springframework.org/schema/aop=org.springframework.aop.config.AopNamespaceHandler, http://www.springframework.org/schema/jdbc=org.springframework.jdbc.config.JdbcNamespaceHandler, http://www.springframework.org/schema/oxm=org.springframework.oxm.config.OxmNamespaceHandler, http://www.springframework.org/schema/cache=org.springframework.cache.config.CacheNamespaceHandler, http://mybatis.org/schema/mybatis-spring=org.mybatis.spring.config.NamespaceHandler, http://www.springframework.org/schema/c=org.springframework.beans.factory.xml.SimpleConstructorNamespaceHandler, http://www.springframework.org/schema/tx=org.springframework.transaction.config.TxNamespaceHandler, http://www.springframework.org/schema/task=org.springframework.scheduling.config.TaskNamespaceHandler, http://www.springframework.org/schema/lang=org.springframework.scripting.config.LangNamespaceHandler, http://www.springframework.org/schema/context=org.springframework.context.config.ContextNamespaceHandler}
DEBUG - Resolved classpath location [com/sise/dao/] to resources [URL [file:/D:/IntelliJ%20IDEA/IdeaProjects/decorationsystem/target/classes/com/sise/dao/]]
DEBUG - Looking for matching resources in directory tree [D:\IntelliJ IDEA\IdeaProjects\decorationsystem\target\classes\com\sise\dao]
DEBUG - Searching directory [D:\IntelliJ IDEA\IdeaProjects\decorationsystem\target\classes\com\sise\dao] for files matching pattern [D:/IntelliJ IDEA/IdeaProjects/decorationsystem/target/classes/com/sise/dao/**/*.class]
DEBUG - Resolved location pattern [classpath*:com/sise/dao/**/*.class] to resources [file [D:\IntelliJ IDEA\IdeaProjects\decorationsystem\target\classes\com\sise\dao\AppointmentDao.class], file [D:\IntelliJ IDEA\IdeaProjects\decorationsystem\target\classes\com\sise\dao\AreaTypeDao.class], file [D:\IntelliJ IDEA\IdeaProjects\decorationsystem\target\classes\com\sise\dao\CancelTableDao.class], file [D:\IntelliJ IDEA\IdeaProjects\decorationsystem\target\classes\com\sise\dao\ConsumerDao.class], file [D:\IntelliJ IDEA\IdeaProjects\decorationsystem\target\classes\com\sise\dao\ContractDao.class], file [D:\IntelliJ IDEA\IdeaProjects\decorationsystem\target\classes\com\sise\dao\DecorationModeDao.class], file [D:\IntelliJ IDEA\IdeaProjects\decorationsystem\target\classes\com\sise\dao\DecorationStyleDao.class], file [D:\IntelliJ IDEA\IdeaProjects\decorationsystem\target\classes\com\sise\dao\DepositDao.class], file [D:\IntelliJ IDEA\IdeaProjects\decorationsystem\target\classes\com\sise\dao\DesignerpicDao.class], file [D:\IntelliJ IDEA\IdeaProjects\decorationsystem\target\classes\com\sise\dao\DesignerShowDao.class], file [D:\IntelliJ IDEA\IdeaProjects\decorationsystem\target\classes\com\sise\dao\EmployeeDao.class], file [D:\IntelliJ IDEA\IdeaProjects\decorationsystem\target\classes\com\sise\dao\GuaranteeDao.class], file [D:\IntelliJ IDEA\IdeaProjects\decorationsystem\target\classes\com\sise\dao\HousepicDao.class], file [D:\IntelliJ IDEA\IdeaProjects\decorationsystem\target\classes\com\sise\dao\HouseTypeDao.class], file [D:\IntelliJ IDEA\IdeaProjects\decorationsystem\target\classes\com\sise\dao\InspectionReportDao.class], file [D:\IntelliJ IDEA\IdeaProjects\decorationsystem\target\classes\com\sise\dao\LoginDao.class], file [D:\IntelliJ IDEA\IdeaProjects\decorationsystem\target\classes\com\sise\dao\MaterialClazzDao.class], file [D:\IntelliJ IDEA\IdeaProjects\decorationsystem\target\classes\com\sise\dao\MaterialDao.class], file [D:\IntelliJ IDEA\IdeaProjects\decorationsystem\target\classes\com\sise\dao\MaterialOfferDao.class], file [D:\IntelliJ IDEA\IdeaProjects\decorationsystem\target\classes\com\sise\dao\MaterialSmallclazzDao.class], file [D:\IntelliJ IDEA\IdeaProjects\decorationsystem\target\classes\com\sise\dao\ProjectTimeDao.class], file [D:\IntelliJ IDEA\IdeaProjects\decorationsystem\target\classes\com\sise\dao\RegistrationTableDao.class], file [D:\IntelliJ IDEA\IdeaProjects\decorationsystem\target\classes\com\sise\dao\TrackingInfoDao.class]]
DEBUG - Identified candidate component class: file [D:\IntelliJ IDEA\IdeaProjects\decorationsystem\target\classes\com\sise\dao\AppointmentDao.class]
DEBUG - Identified candidate component class: file [D:\IntelliJ IDEA\IdeaProjects\decorationsystem\target\classes\com\sise\dao\AreaTypeDao.class]
DEBUG - Identified candidate component class: file [D:\IntelliJ IDEA\IdeaProjects\decorationsystem\target\classes\com\sise\dao\CancelTableDao.class]
DEBUG - Identified candidate component class: file [D:\IntelliJ IDEA\IdeaProjects\decorationsystem\target\classes\com\sise\dao\ConsumerDao.class]
DEBUG - Identified candidate component class: file [D:\IntelliJ IDEA\IdeaProjects\decorationsystem\target\classes\com\sise\dao\ContractDao.class]
DEBUG - Identified candidate component class: file [D:\IntelliJ IDEA\IdeaProjects\decorationsystem\target\classes\com\sise\dao\DecorationModeDao.class]
DEBUG - Identified candidate component class: file [D:\IntelliJ IDEA\IdeaProjects\decorationsystem\target\classes\com\sise\dao\DecorationStyleDao.class]
DEBUG - Identified candidate component class: file [D:\IntelliJ IDEA\IdeaProjects\decorationsystem\target\classes\com\sise\dao\DepositDao.class]
DEBUG - Identified candidate component class: file [D:\IntelliJ IDEA\IdeaProjects\decorationsystem\target\classes\com\sise\dao\DesignerpicDao.class]
DEBUG - Identified candidate component class: file [D:\IntelliJ IDEA\IdeaProjects\decorationsystem\target\classes\com\sise\dao\DesignerShowDao.class]
DEBUG - Identified candidate component class: file [D:\IntelliJ IDEA\IdeaProjects\decorationsystem\target\classes\com\sise\dao\EmployeeDao.class]
DEBUG - Identified candidate component class: file [D:\IntelliJ IDEA\IdeaProjects\decorationsystem\target\classes\com\sise\dao\GuaranteeDao.class]
DEBUG - Identified candidate component class: file [D:\IntelliJ IDEA\IdeaProjects\decorationsystem\target\classes\com\sise\dao\HousepicDao.class]
DEBUG - Identified candidate component class: file [D:\IntelliJ IDEA\IdeaProjects\decorationsystem\target\classes\com\sise\dao\HouseTypeDao.class]
DEBUG - Identified candidate component class: file [D:\IntelliJ IDEA\IdeaProjects\decorationsystem\target\classes\com\sise\dao\InspectionReportDao.class]
DEBUG - Identified candidate component class: file [D:\IntelliJ IDEA\IdeaProjects\decorationsystem\target\classes\com\sise\dao\LoginDao.class]
DEBUG - Identified candidate component class: file [D:\IntelliJ IDEA\IdeaProjects\decorationsystem\target\classes\com\sise\dao\MaterialClazzDao.class]
DEBUG - Identified candidate component class: file [D:\IntelliJ IDEA\IdeaProjects\decorationsystem\target\classes\com\sise\dao\MaterialDao.class]
DEBUG - Identified candidate component class: file [D:\IntelliJ IDEA\IdeaProjects\decorationsystem\target\classes\com\sise\dao\MaterialOfferDao.class]
DEBUG - Identified candidate component class: file [D:\IntelliJ IDEA\IdeaProjects\decorationsystem\target\classes\com\sise\dao\MaterialSmallclazzDao.class]
DEBUG - Identified candidate component class: file [D:\IntelliJ IDEA\IdeaProjects\decorationsystem\target\classes\com\sise\dao\ProjectTimeDao.class]
DEBUG - Identified candidate component class: file [D:\IntelliJ IDEA\IdeaProjects\decorationsystem\target\classes\com\sise\dao\RegistrationTableDao.class]
DEBUG - Identified candidate component class: file [D:\IntelliJ IDEA\IdeaProjects\decorationsystem\target\classes\com\sise\dao\TrackingInfoDao.class]
DEBUG - Creating MapperFactoryBean with name &apos;appointmentDao&apos; and &apos;com.sise.dao.AppointmentDao&apos; mapperInterface
DEBUG - Enabling autowire by type for MapperFactoryBean with name &apos;appointmentDao&apos;.
DEBUG - Creating MapperFactoryBean with name &apos;areaTypeDao&apos; and &apos;com.sise.dao.AreaTypeDao&apos; mapperInterface
DEBUG - Enabling autowire by type for MapperFactoryBean with name &apos;areaTypeDao&apos;.
DEBUG - Creating MapperFactoryBean with name &apos;cancelTableDao&apos; and &apos;com.sise.dao.CancelTableDao&apos; mapperInterface
DEBUG - Enabling autowire by type for MapperFactoryBean with name &apos;cancelTableDao&apos;.
DEBUG - Creating MapperFactoryBean with name &apos;consumerDao&apos; and &apos;com.sise.dao.ConsumerDao&apos; mapperInterface
DEBUG - Enabling autowire by type for MapperFactoryBean with name &apos;consumerDao&apos;.
DEBUG - Creating MapperFactoryBean with name &apos;contractDao&apos; and &apos;com.sise.dao.ContractDao&apos; mapperInterface
DEBUG - Enabling autowire by type for MapperFactoryBean with name &apos;contractDao&apos;.
DEBUG - Creating MapperFactoryBean with name &apos;decorationModeDao&apos; and &apos;com.sise.dao.DecorationModeDao&apos; mapperInterface
DEBUG - Enabling autowire by type for MapperFactoryBean with name &apos;decorationModeDao&apos;.
DEBUG - Creating MapperFactoryBean with name &apos;decorationStyleDao&apos; and &apos;com.sise.dao.DecorationStyleDao&apos; mapperInterface
DEBUG - Enabling autowire by type for MapperFactoryBean with name &apos;decorationStyleDao&apos;.
DEBUG - Creating MapperFactoryBean with name &apos;depositDao&apos; and &apos;com.sise.dao.DepositDao&apos; mapperInterface
DEBUG - Enabling autowire by type for MapperFactoryBean with name &apos;depositDao&apos;.
DEBUG - Creating MapperFactoryBean with name &apos;designerpicDao&apos; and &apos;com.sise.dao.DesignerpicDao&apos; mapperInterface
DEBUG - Enabling autowire by type for MapperFactoryBean with name &apos;designerpicDao&apos;.
DEBUG - Creating MapperFactoryBean with name &apos;designerShowDao&apos; and &apos;com.sise.dao.DesignerShowDao&apos; mapperInterface
DEBUG - Enabling autowire by type for MapperFactoryBean with name &apos;designerShowDao&apos;.
DEBUG - Creating MapperFactoryBean with name &apos;employeeDao&apos; and &apos;com.sise.dao.EmployeeDao&apos; mapperInterface
DEBUG - Enabling autowire by type for MapperFactoryBean with name &apos;employeeDao&apos;.
DEBUG - Creating MapperFactoryBean with name &apos;guaranteeDao&apos; and &apos;com.sise.dao.GuaranteeDao&apos; mapperInterface
DEBUG - Enabling autowire by type for MapperFactoryBean with name &apos;guaranteeDao&apos;.
DEBUG - Creating MapperFactoryBean with name &apos;housepicDao&apos; and &apos;com.sise.dao.HousepicDao&apos; mapperInterface
DEBUG - Enabling autowire by type for MapperFactoryBean with name &apos;housepicDao&apos;.
DEBUG - Creating MapperFactoryBean with name &apos;houseTypeDao&apos; and &apos;com.sise.dao.HouseTypeDao&apos; mapperInterface
DEBUG - Enabling autowire by type for MapperFactoryBean with name &apos;houseTypeDao&apos;.
DEBUG - Creating MapperFactoryBean with name &apos;inspectionReportDao&apos; and &apos;com.sise.dao.InspectionReportDao&apos; mapperInterface
DEBUG - Enabling autowire by type for MapperFactoryBean with name &apos;inspectionReportDao&apos;.
DEBUG - Creating MapperFactoryBean with name &apos;loginDao&apos; and &apos;com.sise.dao.LoginDao&apos; mapperInterface
DEBUG - Enabling autowire by type for MapperFactoryBean with name &apos;loginDao&apos;.
DEBUG - Creating MapperFactoryBean with name &apos;materialClazzDao&apos; and &apos;com.sise.dao.MaterialClazzDao&apos; mapperInterface
DEBUG - Enabling autowire by type for MapperFactoryBean with name &apos;materialClazzDao&apos;.
DEBUG - Creating MapperFactoryBean with name &apos;materialDao&apos; and &apos;com.sise.dao.MaterialDao&apos; mapperInterface
DEBUG - Enabling autowire by type for MapperFactoryBean with name &apos;materialDao&apos;.
DEBUG - Creating MapperFactoryBean with name &apos;materialOfferDao&apos; and &apos;com.sise.dao.MaterialOfferDao&apos; mapperInterface
DEBUG - Enabling autowire by type for MapperFactoryBean with name &apos;materialOfferDao&apos;.
DEBUG - Creating MapperFactoryBean with name &apos;materialSmallclazzDao&apos; and &apos;com.sise.dao.MaterialSmallclazzDao&apos; mapperInterface
DEBUG - Enabling autowire by type for MapperFactoryBean with name &apos;materialSmallclazzDao&apos;.
DEBUG - Creating MapperFactoryBean with name &apos;projectTimeDao&apos; and &apos;com.sise.dao.ProjectTimeDao&apos; mapperInterface
DEBUG - Enabling autowire by type for MapperFactoryBean with name &apos;projectTimeDao&apos;.
DEBUG - Creating MapperFactoryBean with name &apos;registrationTableDao&apos; and &apos;com.sise.dao.RegistrationTableDao&apos; mapperInterface
DEBUG - Enabling autowire by type for MapperFactoryBean with name &apos;registrationTableDao&apos;.
DEBUG - Creating MapperFactoryBean with name &apos;trackingInfoDao&apos; and &apos;com.sise.dao.TrackingInfoDao&apos; mapperInterface
DEBUG - Enabling autowire by type for MapperFactoryBean with name &apos;trackingInfoDao&apos;.
DEBUG - JSR-250 &apos;javax.annotation.ManagedBean&apos; found and supported for component scanning
DEBUG - JSR-330 &apos;javax.inject.Named&apos; annotation found and supported for component scanning
DEBUG - Resolved classpath location [com/sise/] to resources [URL [file:/D:/IntelliJ%20IDEA/IdeaProjects/decorationsystem/target/classes/com/sise/]]
DEBUG - Looking for matching resources in directory tree [D:\IntelliJ IDEA\IdeaProjects\decorationsystem\target\classes\com\sise]
DEBUG - Searching directory [D:\IntelliJ IDEA\IdeaProjects\decorationsystem\target\classes\com\sise] for files matching pattern [D:/IntelliJ IDEA/IdeaProjects/decorationsystem/target/classes/com/sise/**/*.class]
DEBUG - Searching directory [D:\IntelliJ IDEA\IdeaProjects\decorationsystem\target\classes\com\sise\controller] for files matching pattern [D:/IntelliJ IDEA/IdeaProjects/decorationsystem/target/classes/com/sise/**/*.class]
DEBUG - Searching directory [D:\IntelliJ IDEA\IdeaProjects\decorationsystem\target\classes\com\sise\dao] for files matching pattern [D:/IntelliJ IDEA/IdeaProjects/decorationsystem/target/classes/com/sise/**/*.class]
DEBUG - Searching directory [D:\IntelliJ IDEA\IdeaProjects\decorationsystem\target\classes\com\sise\interceptor] for files matching pattern [D:/IntelliJ IDEA/IdeaProjects/decorationsystem/target/classes/com/sise/**/*.class]
DEBUG - Searching directory [D:\IntelliJ IDEA\IdeaProjects\decorationsystem\target\classes\com\sise\po] for files matching pattern [D:/IntelliJ IDEA/IdeaProjects/decorationsystem/target/classes/com/sise/**/*.class]
DEBUG - Searching directory [D:\IntelliJ IDEA\IdeaProjects\decorationsystem\target\classes\com\sise\service] for files matching pattern [D:/IntelliJ IDEA/IdeaProjects/decorationsystem/target/classes/com/sise/**/*.class]
DEBUG - Searching directory [D:\IntelliJ IDEA\IdeaProjects\decorationsystem\target\classes\com\sise\service\serviceimpl] for files matching pattern [D:/IntelliJ IDEA/IdeaProjects/decorationsystem/target/classes/com/sise/**/*.class]
DEBUG - Searching directory [D:\IntelliJ IDEA\IdeaProjects\decorationsystem\target\classes\com\sise\util] for files matching pattern [D:/IntelliJ IDEA/IdeaProjects/decorationsystem/target/classes/com/sise/**/*.class]
DEBUG - Searching directory [D:\IntelliJ IDEA\IdeaProjects\decorationsystem\target\classes\com\sise\webSocket] for files matching pattern [D:/IntelliJ IDEA/IdeaProjects/decorationsystem/target/classes/com/sise/**/*.class]
DEBUG - Resolved location pattern [classpath*:com/sise/**/*.class] to resources [file [D:\IntelliJ IDEA\IdeaProjects\decorationsystem\target\classes\com\sise\controller\AdminController.class], file [D:\IntelliJ IDEA\IdeaProjects\decorationsystem\target\classes\com\sise\controller\Common_ContractController.class], file [D:\IntelliJ IDEA\IdeaProjects\decorationsystem\target\classes\com\sise\controller\Common_DepositController.class], file [D:\IntelliJ IDEA\IdeaProjects\decorationsystem\target\classes\com\sise\controller\Common_FlyController.class], file [D:\IntelliJ IDEA\IdeaProjects\decorationsystem\target\classes\com\sise\controller\Common_IntentController.class], file [D:\IntelliJ IDEA\IdeaProjects\decorationsystem\target\classes\com\sise\controller\Common_OverController.class], file [D:\IntelliJ IDEA\IdeaProjects\decorationsystem\target\classes\com\sise\controller\CommonController.class], file [D:\IntelliJ IDEA\IdeaProjects\decorationsystem\target\classes\com\sise\controller\DesignerController.class], file [D:\IntelliJ IDEA\IdeaProjects\decorationsystem\target\classes\com\sise\controller\EmployeeController.class], file [D:\IntelliJ IDEA\IdeaProjects\decorationsystem\target\classes\com\sise\controller\IndexController.class], file [D:\IntelliJ IDEA\IdeaProjects\decorationsystem\target\classes\com\sise\controller\LoginController.class], file [D:\IntelliJ IDEA\IdeaProjects\decorationsystem\target\classes\com\sise\controller\MaterialClazzController.class], file [D:\IntelliJ IDEA\IdeaProjects\decorationsystem\target\classes\com\sise\controller\MaterialController.class], file [D:\IntelliJ IDEA\IdeaProjects\decorationsystem\target\classes\com\sise\controller\MaterialOfferController.class], file [D:\IntelliJ IDEA\IdeaProjects\decorationsystem\target\classes\com\sise\controller\PictureController.class], file [D:\IntelliJ IDEA\IdeaProjects\decorationsystem\target\classes\com\sise\controller\Project_managerController.class], file [D:\IntelliJ IDEA\IdeaProjects\decorationsystem\target\classes\com\sise\controller\WebSocketController.class], file [D:\IntelliJ IDEA\IdeaProjects\decorationsystem\target\classes\com\sise\dao\AppointmentDao.class], file [D:\IntelliJ IDEA\IdeaProjects\decorationsystem\target\classes\com\sise\dao\AreaTypeDao.class], file [D:\IntelliJ IDEA\IdeaProjects\decorationsystem\target\classes\com\sise\dao\CancelTableDao.class], file [D:\IntelliJ IDEA\IdeaProjects\decorationsystem\target\classes\com\sise\dao\ConsumerDao.class], file [D:\IntelliJ IDEA\IdeaProjects\decorationsystem\target\classes\com\sise\dao\ContractDao.class], file [D:\IntelliJ IDEA\IdeaProjects\decorationsystem\target\classes\com\sise\dao\DecorationModeDao.class], file [D:\IntelliJ IDEA\IdeaProjects\decorationsystem\target\classes\com\sise\dao\DecorationStyleDao.class], file [D:\IntelliJ IDEA\IdeaProjects\decorationsystem\target\classes\com\sise\dao\DepositDao.class], file [D:\IntelliJ IDEA\IdeaProjects\decorationsystem\target\classes\com\sise\dao\DesignerpicDao.class], file [D:\IntelliJ IDEA\IdeaProjects\decorationsystem\target\classes\com\sise\dao\DesignerShowDao.class], file [D:\IntelliJ IDEA\IdeaProjects\decorationsystem\target\classes\com\sise\dao\EmployeeDao.class], file [D:\IntelliJ IDEA\IdeaProjects\decorationsystem\target\classes\com\sise\dao\GuaranteeDao.class], file [D:\IntelliJ IDEA\IdeaProjects\decorationsystem\target\classes\com\sise\dao\HousepicDao.class], file [D:\IntelliJ IDEA\IdeaProjects\decorationsystem\target\classes\com\sise\dao\HouseTypeDao.class], file [D:\IntelliJ IDEA\IdeaProjects\decorationsystem\target\classes\com\sise\dao\InspectionReportDao.class], file [D:\IntelliJ IDEA\IdeaProjects\decorationsystem\target\classes\com\sise\dao\LoginDao.class], file [D:\IntelliJ IDEA\IdeaProjects\decorationsystem\target\classes\com\sise\dao\MaterialClazzDao.class], file [D:\IntelliJ IDEA\IdeaProjects\decorationsystem\target\classes\com\sise\dao\MaterialDao.class], file [D:\IntelliJ IDEA\IdeaProjects\decorationsystem\target\classes\com\sise\dao\MaterialOfferDao.class], file [D:\IntelliJ IDEA\IdeaProjects\decorationsystem\target\classes\com\sise\dao\MaterialSmallclazzDao.class], file [D:\IntelliJ IDEA\IdeaProjects\decorationsystem\target\classes\com\sise\dao\ProjectTimeDao.class], file [D:\IntelliJ IDEA\IdeaProjects\decorationsystem\target\classes\com\sise\dao\RegistrationTableDao.class], file [D:\IntelliJ IDEA\IdeaProjects\decorationsystem\target\classes\com\sise\dao\TrackingInfoDao.class], file [D:\IntelliJ IDEA\IdeaProjects\decorationsystem\target\classes\com\sise\interceptor\AutorizationInterceptor.class], file [D:\IntelliJ IDEA\IdeaProjects\decorationsystem\target\classes\com\sise\po\Appointment.class], file [D:\IntelliJ IDEA\IdeaProjects\decorationsystem\target\classes\com\sise\po\AreaType.class], file [D:\IntelliJ IDEA\IdeaProjects\decorationsystem\target\classes\com\sise\po\CancelTable.class], file [D:\IntelliJ IDEA\IdeaProjects\decorationsystem\target\classes\com\sise\po\City.class], file [D:\IntelliJ IDEA\IdeaProjects\decorationsystem\target\classes\com\sise\po\CollectionShow.class], file [D:\IntelliJ IDEA\IdeaProjects\decorationsystem\target\classes\com\sise\po\Consumer.class], file [D:\IntelliJ IDEA\IdeaProjects\decorationsystem\target\classes\com\sise\po\Contract.class], file [D:\IntelliJ IDEA\IdeaProjects\decorationsystem\target\classes\com\sise\po\ContractFile.class], file [D:\IntelliJ IDEA\IdeaProjects\decorationsystem\target\classes\com\sise\po\DecorationMode.class], file [D:\IntelliJ IDEA\IdeaProjects\decorationsystem\target\classes\com\sise\po\DecorationStyle.class], file [D:\IntelliJ IDEA\IdeaProjects\decorationsystem\target\classes\com\sise\po\Department.class], file [D:\IntelliJ IDEA\IdeaProjects\decorationsystem\target\classes\com\sise\po\Deposit.class], file [D:\IntelliJ IDEA\IdeaProjects\decorationsystem\target\classes\com\sise\po\Designerpic.class], file [D:\IntelliJ IDEA\IdeaProjects\decorationsystem\target\classes\com\sise\po\DesignerpicFile.class], file [D:\IntelliJ IDEA\IdeaProjects\decorationsystem\target\classes\com\sise\po\DesignerShow.class], file [D:\IntelliJ IDEA\IdeaProjects\decorationsystem\target\classes\com\sise\po\DesignerShowpic.class], file [D:\IntelliJ IDEA\IdeaProjects\decorationsystem\target\classes\com\sise\po\Employee.class], file [D:\IntelliJ IDEA\IdeaProjects\decorationsystem\target\classes\com\sise\po\Guarantee.class], file [D:\IntelliJ IDEA\IdeaProjects\decorationsystem\target\classes\com\sise\po\Housepic.class], file [D:\IntelliJ IDEA\IdeaProjects\decorationsystem\target\classes\com\sise\po\HousepicFile.class], file [D:\IntelliJ IDEA\IdeaProjects\decorationsystem\target\classes\com\sise\po\HouseType.class], file [D:\IntelliJ IDEA\IdeaProjects\decorationsystem\target\classes\com\sise\po\InspectionReport.class], file [D:\IntelliJ IDEA\IdeaProjects\decorationsystem\target\classes\com\sise\po\InspectionReportPic.class], file [D:\IntelliJ IDEA\IdeaProjects\decorationsystem\target\classes\com\sise\po\Job.class], file [D:\IntelliJ IDEA\IdeaProjects\decorationsystem\target\classes\com\sise\po\Material.class], file [D:\IntelliJ IDEA\IdeaProjects\decorationsystem\target\classes\com\sise\po\MaterialClazz.class], file [D:\IntelliJ IDEA\IdeaProjects\decorationsystem\target\classes\com\sise\po\MaterialFile.class], file [D:\IntelliJ IDEA\IdeaProjects\decorationsystem\target\classes\com\sise\po\MaterialOffer.class], file [D:\IntelliJ IDEA\IdeaProjects\decorationsystem\target\classes\com\sise\po\MaterialSmallclazz.class], file [D:\IntelliJ IDEA\IdeaProjects\decorationsystem\target\classes\com\sise\po\Message.class], file [D:\IntelliJ IDEA\IdeaProjects\decorationsystem\target\classes\com\sise\po\MyAuth.class], file [D:\IntelliJ IDEA\IdeaProjects\decorationsystem\target\classes\com\sise\po\Permission.class], file [D:\IntelliJ IDEA\IdeaProjects\decorationsystem\target\classes\com\sise\po\Praise.class], file [D:\IntelliJ IDEA\IdeaProjects\decorationsystem\target\classes\com\sise\po\ProgressContent.class], file [D:\IntelliJ IDEA\IdeaProjects\decorationsystem\target\classes\com\sise\po\ProjectTime.class], file [D:\IntelliJ IDEA\IdeaProjects\decorationsystem\target\classes\com\sise\po\Province.class], file [D:\IntelliJ IDEA\IdeaProjects\decorationsystem\target\classes\com\sise\po\RegistrationTable.class], file [D:\IntelliJ IDEA\IdeaProjects\decorationsystem\target\classes\com\sise\po\SearchContent.class], file [D:\IntelliJ IDEA\IdeaProjects\decorationsystem\target\classes\com\sise\po\SearchContract.class], file [D:\IntelliJ IDEA\IdeaProjects\decorationsystem\target\classes\com\sise\po\SearchDesignerpic.class], file [D:\IntelliJ IDEA\IdeaProjects\decorationsystem\target\classes\com\sise\po\SearchDesignerShow.class], file [D:\IntelliJ IDEA\IdeaProjects\decorationsystem\target\classes\com\sise\po\SearchHousepic.class], file [D:\IntelliJ IDEA\IdeaProjects\decorationsystem\target\classes\com\sise\po\SearchMaterial.class], file [D:\IntelliJ IDEA\IdeaProjects\decorationsystem\target\classes\com\sise\po\TrackingInfo.class], file [D:\IntelliJ IDEA\IdeaProjects\decorationsystem\target\classes\com\sise\service\AppointmentService.class], file [D:\IntelliJ IDEA\IdeaProjects\decorationsystem\target\classes\com\sise\service\AreaTypeService.class], file [D:\IntelliJ IDEA\IdeaProjects\decorationsystem\target\classes\com\sise\service\CancelTableService.class], file [D:\IntelliJ IDEA\IdeaProjects\decorationsystem\target\classes\com\sise\service\ConsumerService.class], file [D:\IntelliJ IDEA\IdeaProjects\decorationsystem\target\classes\com\sise\service\ContractService.class], file [D:\IntelliJ IDEA\IdeaProjects\decorationsystem\target\classes\com\sise\service\DecorationModeService.class], file [D:\IntelliJ IDEA\IdeaProjects\decorationsystem\target\classes\com\sise\service\DecorationStyleService.class], file [D:\IntelliJ IDEA\IdeaProjects\decorationsystem\target\classes\com\sise\service\DepositService.class], file [D:\IntelliJ IDEA\IdeaProjects\decorationsystem\target\classes\com\sise\service\DesignerpicService.class], file [D:\IntelliJ IDEA\IdeaProjects\decorationsystem\target\classes\com\sise\service\DesignerShowService.class], file [D:\IntelliJ IDEA\IdeaProjects\decorationsystem\target\classes\com\sise\service\EmployeeService.class], file [D:\IntelliJ IDEA\IdeaProjects\decorationsystem\target\classes\com\sise\service\GuaranteeService.class], file [D:\IntelliJ IDEA\IdeaProjects\decorationsystem\target\classes\com\sise\service\HousepicService.class], file [D:\IntelliJ IDEA\IdeaProjects\decorationsystem\target\classes\com\sise\service\HouseTypeService.class], file [D:\IntelliJ IDEA\IdeaProjects\decorationsystem\target\classes\com\sise\service\InspectionReportService.class], file [D:\IntelliJ IDEA\IdeaProjects\decorationsystem\target\classes\com\sise\service\LoginService.class], file [D:\IntelliJ IDEA\IdeaProjects\decorationsystem\target\classes\com\sise\service\MaterialClazzService.class], file [D:\IntelliJ IDEA\IdeaProjects\decorationsystem\target\classes\com\sise\service\MaterialOfferService.class], file [D:\IntelliJ IDEA\IdeaProjects\decorationsystem\target\classes\com\sise\service\MaterialService.class], file [D:\IntelliJ IDEA\IdeaProjects\decorationsystem\target\classes\com\sise\service\MaterialSmallclazzService.class], file [D:\IntelliJ IDEA\IdeaProjects\decorationsystem\target\classes\com\sise\service\ProjectTimeService.class], file [D:\IntelliJ IDEA\IdeaProjects\decorationsystem\target\classes\com\sise\service\RegistrationTableService.class], file [D:\IntelliJ IDEA\IdeaProjects\decorationsystem\target\classes\com\sise\service\serviceimpl\AppointmentServiceImpl.class], file [D:\IntelliJ IDEA\IdeaProjects\decorationsystem\target\classes\com\sise\service\serviceimpl\AreaTypeServiceImpl.class], file [D:\IntelliJ IDEA\IdeaProjects\decorationsystem\target\classes\com\sise\service\serviceimpl\CancelTableServiceImpl.class], file [D:\IntelliJ IDEA\IdeaProjects\decorationsystem\target\classes\com\sise\service\serviceimpl\ConsumerServiceImpl.class], file [D:\IntelliJ IDEA\IdeaProjects\decorationsystem\target\classes\com\sise\service\serviceimpl\ContractServiceImpl.class], file [D:\IntelliJ IDEA\IdeaProjects\decorationsystem\target\classes\com\sise\service\serviceimpl\DecorationModeServiceImpl.class], file [D:\IntelliJ IDEA\IdeaProjects\decorationsystem\target\classes\com\sise\service\serviceimpl\DecorationStyleServiceImpl.class], file [D:\IntelliJ IDEA\IdeaProjects\decorationsystem\target\classes\com\sise\service\serviceimpl\DepositServiceImpl.class], file [D:\IntelliJ IDEA\IdeaProjects\decorationsystem\target\classes\com\sise\service\serviceimpl\DesignerpicServiceImpl.class], file [D:\IntelliJ IDEA\IdeaProjects\decorationsystem\target\classes\com\sise\service\serviceimpl\DesignerShowServiceImpl.class], file [D:\IntelliJ IDEA\IdeaProjects\decorationsystem\target\classes\com\sise\service\serviceimpl\EmployeeServiceImpl.class], file [D:\IntelliJ IDEA\IdeaProjects\decorationsystem\target\classes\com\sise\service\serviceimpl\GuaranteeServiceImpl.class], file [D:\IntelliJ IDEA\IdeaProjects\decorationsystem\target\classes\com\sise\service\serviceimpl\HousepicServiceImpl.class], file [D:\IntelliJ IDEA\IdeaProjects\decorationsystem\target\classes\com\sise\service\serviceimpl\HouseTypeServiceImpl.class], file [D:\IntelliJ IDEA\IdeaProjects\decorationsystem\target\classes\com\sise\service\serviceimpl\InspectionReportServiceImpl.class], file [D:\IntelliJ IDEA\IdeaProjects\decorationsystem\target\classes\com\sise\service\serviceimpl\LoginServiceImpl.class], file [D:\IntelliJ IDEA\IdeaProjects\decorationsystem\target\classes\com\sise\service\serviceimpl\MaterialClazzServiceImpl.class], file [D:\IntelliJ IDEA\IdeaProjects\decorationsystem\target\classes\com\sise\service\serviceimpl\MaterialOfferServiceImpl.class], file [D:\IntelliJ IDEA\IdeaProjects\decorationsystem\target\classes\com\sise\service\serviceimpl\MaterialServiceImpl.class], file [D:\IntelliJ IDEA\IdeaProjects\decorationsystem\target\classes\com\sise\service\serviceimpl\MaterialSmallclazzServiceImpl.class], file [D:\IntelliJ IDEA\IdeaProjects\decorationsystem\target\classes\com\sise\service\serviceimpl\ProjectTimeServiceImpl.class], file [D:\IntelliJ IDEA\IdeaProjects\decorationsystem\target\classes\com\sise\service\serviceimpl\RegistrationTableServiceImpl.class], file [D:\IntelliJ IDEA\IdeaProjects\decorationsystem\target\classes\com\sise\service\serviceimpl\TrackingInfoServiceImpl.class], file [D:\IntelliJ IDEA\IdeaProjects\decorationsystem\target\classes\com\sise\service\TrackingInfoService.class], file [D:\IntelliJ IDEA\IdeaProjects\decorationsystem\target\classes\com\sise\util\MD5Utils.class], file [D:\IntelliJ IDEA\IdeaProjects\decorationsystem\target\classes\com\sise\util\MyAuthUtils.class], file [D:\IntelliJ IDEA\IdeaProjects\decorationsystem\target\classes\com\sise\webSocket\HandshakeInterceptor.class], file [D:\IntelliJ IDEA\IdeaProjects\decorationsystem\target\classes\com\sise\webSocket\MyWebSocketHandler$1.class], file [D:\IntelliJ IDEA\IdeaProjects\decorationsystem\target\classes\com\sise\webSocket\MyWebSocketHandler.class]]
DEBUG - Identified candidate component class: file [D:\IntelliJ IDEA\IdeaProjects\decorationsystem\target\classes\com\sise\controller\Common_ContractController.class]
DEBUG - Identified candidate component class: file [D:\IntelliJ IDEA\IdeaProjects\decorationsystem\target\classes\com\sise\controller\Common_DepositController.class]
DEBUG - Identified candidate component class: file [D:\IntelliJ IDEA\IdeaProjects\decorationsystem\target\classes\com\sise\controller\Common_FlyController.class]
DEBUG - Identified candidate component class: file [D:\IntelliJ IDEA\IdeaProjects\decorationsystem\target\classes\com\sise\controller\Common_IntentController.class]
DEBUG - Identified candidate component class: file [D:\IntelliJ IDEA\IdeaProjects\decorationsystem\target\classes\com\sise\controller\Common_OverController.class]
DEBUG - Identified candidate component class: file [D:\IntelliJ IDEA\IdeaProjects\decorationsystem\target\classes\com\sise\controller\CommonController.class]
DEBUG - Identified candidate component class: file [D:\IntelliJ IDEA\IdeaProjects\decorationsystem\target\classes\com\sise\controller\DesignerController.class]
DEBUG - Identified candidate component class: file [D:\IntelliJ IDEA\IdeaProjects\decorationsystem\target\classes\com\sise\controller\EmployeeController.class]
DEBUG - Identified candidate component class: file [D:\IntelliJ IDEA\IdeaProjects\decorationsystem\target\classes\com\sise\controller\IndexController.class]
DEBUG - Identified candidate component class: file [D:\IntelliJ IDEA\IdeaProjects\decorationsystem\target\classes\com\sise\controller\LoginController.class]
DEBUG - Identified candidate component class: file [D:\IntelliJ IDEA\IdeaProjects\decorationsystem\target\classes\com\sise\controller\MaterialClazzController.class]
DEBUG - Identified candidate component class: file [D:\IntelliJ IDEA\IdeaProjects\decorationsystem\target\classes\com\sise\controller\MaterialController.class]
DEBUG - Identified candidate component class: file [D:\IntelliJ IDEA\IdeaProjects\decorationsystem\target\classes\com\sise\controller\MaterialOfferController.class]
DEBUG - Identified candidate component class: file [D:\IntelliJ IDEA\IdeaProjects\decorationsystem\target\classes\com\sise\controller\PictureController.class]
DEBUG - Identified candidate component class: file [D:\IntelliJ IDEA\IdeaProjects\decorationsystem\target\classes\com\sise\controller\Project_managerController.class]
DEBUG - Identified candidate component class: file [D:\IntelliJ IDEA\IdeaProjects\decorationsystem\target\classes\com\sise\controller\WebSocketController.class]
DEBUG - Ignored because not a concrete top-level class: file [D:\IntelliJ IDEA\IdeaProjects\decorationsystem\target\classes\com\sise\dao\AppointmentDao.class]
DEBUG - Ignored because not a concrete top-level class: file [D:\IntelliJ IDEA\IdeaProjects\decorationsystem\target\classes\com\sise\dao\AreaTypeDao.class]
DEBUG - Ignored because not a concrete top-level class: file [D:\IntelliJ IDEA\IdeaProjects\decorationsystem\target\classes\com\sise\dao\CancelTableDao.class]
DEBUG - Ignored because not a concrete top-level class: file [D:\IntelliJ IDEA\IdeaProjects\decorationsystem\target\classes\com\sise\dao\ConsumerDao.class]
DEBUG - Ignored because not a concrete top-level class: file [D:\IntelliJ IDEA\IdeaProjects\decorationsystem\target\classes\com\sise\dao\ContractDao.class]
DEBUG - Ignored because not a concrete top-level class: file [D:\IntelliJ IDEA\IdeaProjects\decorationsystem\target\classes\com\sise\dao\DecorationModeDao.class]
DEBUG - Ignored because not a concrete top-level class: file [D:\IntelliJ IDEA\IdeaProjects\decorationsystem\target\classes\com\sise\dao\DecorationStyleDao.class]
DEBUG - Ignored because not a concrete top-level class: file [D:\IntelliJ IDEA\IdeaProjects\decorationsystem\target\classes\com\sise\dao\DepositDao.class]
DEBUG - Ignored because not a concrete top-level class: file [D:\IntelliJ IDEA\IdeaProjects\decorationsystem\target\classes\com\sise\dao\DesignerpicDao.class]
DEBUG - Ignored because not a concrete top-level class: file [D:\IntelliJ IDEA\IdeaProjects\decorationsystem\target\classes\com\sise\dao\DesignerShowDao.class]
DEBUG - Ignored because not a concrete top-level class: file [D:\IntelliJ IDEA\IdeaProjects\decorationsystem\target\classes\com\sise\dao\EmployeeDao.class]
DEBUG - Ignored because not a concrete top-level class: file [D:\IntelliJ IDEA\IdeaProjects\decorationsystem\target\classes\com\sise\dao\GuaranteeDao.class]
DEBUG - Ignored because not a concrete top-level class: file [D:\IntelliJ IDEA\IdeaProjects\decorationsystem\target\classes\com\sise\dao\HousepicDao.class]
DEBUG - Ignored because not a concrete top-level class: file [D:\IntelliJ IDEA\IdeaProjects\decorationsystem\target\classes\com\sise\dao\HouseTypeDao.class]
DEBUG - Ignored because not a concrete top-level class: file [D:\IntelliJ IDEA\IdeaProjects\decorationsystem\target\classes\com\sise\dao\InspectionReportDao.class]
DEBUG - Ignored because not a concrete top-level class: file [D:\IntelliJ IDEA\IdeaProjects\decorationsystem\target\classes\com\sise\dao\LoginDao.class]
DEBUG - Ignored because not a concrete top-level class: file [D:\IntelliJ IDEA\IdeaProjects\decorationsystem\target\classes\com\sise\dao\MaterialClazzDao.class]
DEBUG - Ignored because not a concrete top-level class: file [D:\IntelliJ IDEA\IdeaProjects\decorationsystem\target\classes\com\sise\dao\MaterialDao.class]
DEBUG - Ignored because not a concrete top-level class: file [D:\IntelliJ IDEA\IdeaProjects\decorationsystem\target\classes\com\sise\dao\MaterialOfferDao.class]
DEBUG - Ignored because not a concrete top-level class: file [D:\IntelliJ IDEA\IdeaProjects\decorationsystem\target\classes\com\sise\dao\MaterialSmallclazzDao.class]
DEBUG - Ignored because not a concrete top-level class: file [D:\IntelliJ IDEA\IdeaProjects\decorationsystem\target\classes\com\sise\dao\ProjectTimeDao.class]
DEBUG - Ignored because not a concrete top-level class: file [D:\IntelliJ IDEA\IdeaProjects\decorationsystem\target\classes\com\sise\dao\RegistrationTableDao.class]
DEBUG - Ignored because not a concrete top-level class: file [D:\IntelliJ IDEA\IdeaProjects\decorationsystem\target\classes\com\sise\dao\TrackingInfoDao.class]
DEBUG - Identified candidate component class: file [D:\IntelliJ IDEA\IdeaProjects\decorationsystem\target\classes\com\sise\service\serviceimpl\AppointmentServiceImpl.class]
DEBUG - Identified candidate component class: file [D:\IntelliJ IDEA\IdeaProjects\decorationsystem\target\classes\com\sise\service\serviceimpl\AreaTypeServiceImpl.class]
DEBUG - Identified candidate component class: file [D:\IntelliJ IDEA\IdeaProjects\decorationsystem\target\classes\com\sise\service\serviceimpl\CancelTableServiceImpl.class]
DEBUG - Identified candidate component class: file [D:\IntelliJ IDEA\IdeaProjects\decorationsystem\target\classes\com\sise\service\serviceimpl\ConsumerServiceImpl.class]
DEBUG - Identified candidate component class: file [D:\IntelliJ IDEA\IdeaProjects\decorationsystem\target\classes\com\sise\service\serviceimpl\ContractServiceImpl.class]
DEBUG - Identified candidate component class: file [D:\IntelliJ IDEA\IdeaProjects\decorationsystem\target\classes\com\sise\service\serviceimpl\DecorationModeServiceImpl.class]
DEBUG - Identified candidate component class: file [D:\IntelliJ IDEA\IdeaProjects\decorationsystem\target\classes\com\sise\service\serviceimpl\DecorationStyleServiceImpl.class]
DEBUG - Identified candidate component class: file [D:\IntelliJ IDEA\IdeaProjects\decorationsystem\target\classes\com\sise\service\serviceimpl\DepositServiceImpl.class]
DEBUG - Identified candidate component class: file [D:\IntelliJ IDEA\IdeaProjects\decorationsystem\target\classes\com\sise\service\serviceimpl\DesignerpicServiceImpl.class]
DEBUG - Identified candidate component class: file [D:\IntelliJ IDEA\IdeaProjects\decorationsystem\target\classes\com\sise\service\serviceimpl\DesignerShowServiceImpl.class]
DEBUG - Identified candidate component class: file [D:\IntelliJ IDEA\IdeaProjects\decorationsystem\target\classes\com\sise\service\serviceimpl\EmployeeServiceImpl.class]
DEBUG - Identified candidate component class: file [D:\IntelliJ IDEA\IdeaProjects\decorationsystem\target\classes\com\sise\service\serviceimpl\GuaranteeServiceImpl.class]
DEBUG - Identified candidate component class: file [D:\IntelliJ IDEA\IdeaProjects\decorationsystem\target\classes\com\sise\service\serviceimpl\HousepicServiceImpl.class]
DEBUG - Identified candidate component class: file [D:\IntelliJ IDEA\IdeaProjects\decorationsystem\target\classes\com\sise\service\serviceimpl\HouseTypeServiceImpl.class]
DEBUG - Identified candidate component class: file [D:\IntelliJ IDEA\IdeaProjects\decorationsystem\target\classes\com\sise\service\serviceimpl\InspectionReportServiceImpl.class]
DEBUG - Identified candidate component class: file [D:\IntelliJ IDEA\IdeaProjects\decorationsystem\target\classes\com\sise\service\serviceimpl\LoginServiceImpl.class]
DEBUG - Identified candidate component class: file [D:\IntelliJ IDEA\IdeaProjects\decorationsystem\target\classes\com\sise\service\serviceimpl\MaterialClazzServiceImpl.class]
DEBUG - Identified candidate component class: file [D:\IntelliJ IDEA\IdeaProjects\decorationsystem\target\classes\com\sise\service\serviceimpl\MaterialOfferServiceImpl.class]
DEBUG - Identified candidate component class: file [D:\IntelliJ IDEA\IdeaProjects\decorationsystem\target\classes\com\sise\service\serviceimpl\MaterialServiceImpl.class]
DEBUG - Identified candidate component class: file [D:\IntelliJ IDEA\IdeaProjects\decorationsystem\target\classes\com\sise\service\serviceimpl\MaterialSmallclazzServiceImpl.class]
DEBUG - Identified candidate component class: file [D:\IntelliJ IDEA\IdeaProjects\decorationsystem\target\classes\com\sise\service\serviceimpl\ProjectTimeServiceImpl.class]
DEBUG - Identified candidate component class: file [D:\IntelliJ IDEA\IdeaProjects\decorationsystem\target\classes\com\sise\service\serviceimpl\RegistrationTableServiceImpl.class]
DEBUG - Identified candidate component class: file [D:\IntelliJ IDEA\IdeaProjects\decorationsystem\target\classes\com\sise\service\serviceimpl\TrackingInfoServiceImpl.class]
DEBUG - Identified candidate component class: file [D:\IntelliJ IDEA\IdeaProjects\decorationsystem\target\classes\com\sise\webSocket\MyWebSocketHandler.class]
DEBUG - Neither XML &apos;id&apos; nor &apos;name&apos; specified - using generated bean name [org.mybatis.spring.mapper.MapperScannerConfigurer#0]
DEBUG - Loaded 79 bean definitions from location pattern [classpath:ssm/applicationContext.xml]
INFO - Refreshing org.springframework.context.support.GenericApplicationContext@4d95d2a2: startup date [Sat Jun 30 19:53:05 CST 2018]; root of context hierarchy
DEBUG - Bean factory for org.springframework.context.support.GenericApplicationContext@4d95d2a2: org.springframework.beans.factory.support.DefaultListableBeanFactory@bef2d72: defining beans [appointmentDao,areaTypeDao,cancelTableDao,consumerDao,contractDao,decorationModeDao,decorationStyleDao,depositDao,designerpicDao,designerShowDao,employeeDao,guaranteeDao,housepicDao,houseTypeDao,inspectionReportDao,loginDao,materialClazzDao,materialDao,materialOfferDao,materialSmallclazzDao,projectTimeDao,registrationTableDao,trackingInfoDao,org.springframework.context.annotation.internalConfigurationAnnotationProcessor,org.springframework.context.annotation.internalAutowiredAnnotationProcessor,org.springframework.context.annotation.internalRequiredAnnotationProcessor,org.springframework.context.annotation.internalCommonAnnotationProcessor,org.springframework.context.event.internalEventListenerProcessor,org.springframework.context.event.internalEventListenerFactory,common_ContractController,common_DepositController,common_FlyController,common_IntentController,common_OverController,commonController,designerController,employeeController,indexController,loginController,materialClazzController,materialController,materialOfferController,pictureController,project_managerController,webSocketController,appointmentServiceImpl,areaTypeServiceImpl,cancelTableServiceImpl,consumerServiceImpl,contractServiceImpl,decorationModeServiceImpl,decorationStyleServiceImpl,depositServiceImpl,designerpicServiceImpl,designerShowServiceImpl,employeeServiceImpl,guaranteeServiceImpl,housepicServiceImpl,houseTypeServiceImpl,inspectionReportServiceImpl,loginServiceImpl,materialClazzServiceImpl,materialOfferServiceImpl,materialServiceImpl,materialSmallclazzServiceImpl,projectTimeServiceImpl,registrationTableServiceImpl,trackingInfoServiceImpl,myWebSocketHandler,org.springframework.context.support.PropertySourcesPlaceholderConfigurer#0,dataSource,sqlSessionFactory,org.mybatis.spring.mapper.MapperScannerConfigurer#0,transactionManager,org.springframework.transaction.config.internalTransactionalEventListenerFactory,org.springframework.aop.config.internalAutoProxyCreator,org.springframework.transaction.annotation.AnnotationTransactionAttributeSource#0,org.springframework.transaction.interceptor.TransactionInterceptor#0,org.springframework.transaction.config.internalTransactionAdvisor]; root of factory hierarchy
DEBUG - Creating shared instance of singleton bean &apos;org.springframework.context.annotation.internalConfigurationAnnotationProcessor&apos;
DEBUG - Creating instance of bean &apos;org.springframework.context.annotation.internalConfigurationAnnotationProcessor&apos;
DEBUG - Eagerly caching bean &apos;org.springframework.context.annotation.internalConfigurationAnnotationProcessor&apos; to allow for resolving potential circular references
DEBUG - Finished creating instance of bean &apos;org.springframework.context.annotation.internalConfigurationAnnotationProcessor&apos;
DEBUG - Creating shared instance of singleton bean &apos;org.mybatis.spring.mapper.MapperScannerConfigurer#0&apos;
DEBUG - Creating instance of bean &apos;org.mybatis.spring.mapper.MapperScannerConfigurer#0&apos;
DEBUG - Eagerly caching bean &apos;org.mybatis.spring.mapper.MapperScannerConfigurer#0&apos; to allow for resolving potential circular references
DEBUG - Invoking afterPropertiesSet() on bean with name &apos;org.mybatis.spring.mapper.MapperScannerConfigurer#0&apos;
DEBUG - Finished creating instance of bean &apos;org.mybatis.spring.mapper.MapperScannerConfigurer#0&apos;
DEBUG - Adding [systemProperties] PropertySource with lowest search precedence
DEBUG - Adding [systemEnvironment] PropertySource with lowest search precedence
DEBUG - Initialized StandardEnvironment with PropertySources [systemProperties,systemEnvironment]
DEBUG - Resolved classpath location [com/sise/dao/] to resources [URL [file:/D:/IntelliJ%20IDEA/IdeaProjects/decorationsystem/target/classes/com/sise/dao/]]
DEBUG - Looking for matching resources in directory tree [D:\IntelliJ IDEA\IdeaProjects\decorationsystem\target\classes\com\sise\dao]
DEBUG - Searching directory [D:\IntelliJ IDEA\IdeaProjects\decorationsystem\target\classes\com\sise\dao] for files matching pattern [D:/IntelliJ IDEA/IdeaProjects/decorationsystem/target/classes/com/sise/dao/**/*.class]
DEBUG - Resolved location pattern [classpath*:com/sise/dao/**/*.class] to resources [file [D:\IntelliJ IDEA\IdeaProjects\decorationsystem\target\classes\com\sise\dao\AppointmentDao.class], file [D:\IntelliJ IDEA\IdeaProjects\decorationsystem\target\classes\com\sise\dao\AreaTypeDao.class], file [D:\IntelliJ IDEA\IdeaProjects\decorationsystem\target\classes\com\sise\dao\CancelTableDao.class], file [D:\IntelliJ IDEA\IdeaProjects\decorationsystem\target\classes\com\sise\dao\ConsumerDao.class], file [D:\IntelliJ IDEA\IdeaProjects\decorationsystem\target\classes\com\sise\dao\ContractDao.class], file [D:\IntelliJ IDEA\IdeaProjects\decorationsystem\target\classes\com\sise\dao\DecorationModeDao.class], file [D:\IntelliJ IDEA\IdeaProjects\decorationsystem\target\classes\com\sise\dao\DecorationStyleDao.class], file [D:\IntelliJ IDEA\IdeaProjects\decorationsystem\target\classes\com\sise\dao\DepositDao.class], file [D:\IntelliJ IDEA\IdeaProjects\decorationsystem\target\classes\com\sise\dao\DesignerpicDao.class], file [D:\IntelliJ IDEA\IdeaProjects\decorationsystem\target\classes\com\sise\dao\DesignerShowDao.class], file [D:\IntelliJ IDEA\IdeaProjects\decorationsystem\target\classes\com\sise\dao\EmployeeDao.class], file [D:\IntelliJ IDEA\IdeaProjects\decorationsystem\target\classes\com\sise\dao\GuaranteeDao.class], file [D:\IntelliJ IDEA\IdeaProjects\decorationsystem\target\classes\com\sise\dao\HousepicDao.class], file [D:\IntelliJ IDEA\IdeaProjects\decorationsystem\target\classes\com\sise\dao\HouseTypeDao.class], file [D:\IntelliJ IDEA\IdeaProjects\decorationsystem\target\classes\com\sise\dao\InspectionReportDao.class], file [D:\IntelliJ IDEA\IdeaProjects\decorationsystem\target\classes\com\sise\dao\LoginDao.class], file [D:\IntelliJ IDEA\IdeaProjects\decorationsystem\target\classes\com\sise\dao\MaterialClazzDao.class], file [D:\IntelliJ IDEA\IdeaProjects\decorationsystem\target\classes\com\sise\dao\MaterialDao.class], file [D:\IntelliJ IDEA\IdeaProjects\decorationsystem\target\classes\com\sise\dao\MaterialOfferDao.class], file [D:\IntelliJ IDEA\IdeaProjects\decorationsystem\target\classes\com\sise\dao\MaterialSmallclazzDao.class], file [D:\IntelliJ IDEA\IdeaProjects\decorationsystem\target\classes\com\sise\dao\ProjectTimeDao.class], file [D:\IntelliJ IDEA\IdeaProjects\decorationsystem\target\classes\com\sise\dao\RegistrationTableDao.class], file [D:\IntelliJ IDEA\IdeaProjects\decorationsystem\target\classes\com\sise\dao\TrackingInfoDao.class]]
DEBUG - Identified candidate component class: file [D:\IntelliJ IDEA\IdeaProjects\decorationsystem\target\classes\com\sise\dao\AppointmentDao.class]
DEBUG - Identified candidate component class: file [D:\IntelliJ IDEA\IdeaProjects\decorationsystem\target\classes\com\sise\dao\AreaTypeDao.class]
DEBUG - Identified candidate component class: file [D:\IntelliJ IDEA\IdeaProjects\decorationsystem\target\classes\com\sise\dao\CancelTableDao.class]
DEBUG - Identified candidate component class: file [D:\IntelliJ IDEA\IdeaProjects\decorationsystem\target\classes\com\sise\dao\ConsumerDao.class]
DEBUG - Identified candidate component class: file [D:\IntelliJ IDEA\IdeaProjects\decorationsystem\target\classes\com\sise\dao\ContractDao.class]
DEBUG - Identified candidate component class: file [D:\IntelliJ IDEA\IdeaProjects\decorationsystem\target\classes\com\sise\dao\DecorationModeDao.class]
DEBUG - Identified candidate component class: file [D:\IntelliJ IDEA\IdeaProjects\decorationsystem\target\classes\com\sise\dao\DecorationStyleDao.class]
DEBUG - Identified candidate component class: file [D:\IntelliJ IDEA\IdeaProjects\decorationsystem\target\classes\com\sise\dao\DepositDao.class]
DEBUG - Identified candidate component class: file [D:\IntelliJ IDEA\IdeaProjects\decorationsystem\target\classes\com\sise\dao\DesignerpicDao.class]
DEBUG - Identified candidate component class: file [D:\IntelliJ IDEA\IdeaProjects\decorationsystem\target\classes\com\sise\dao\DesignerShowDao.class]
DEBUG - Identified candidate component class: file [D:\IntelliJ IDEA\IdeaProjects\decorationsystem\target\classes\com\sise\dao\EmployeeDao.class]
DEBUG - Identified candidate component class: file [D:\IntelliJ IDEA\IdeaProjects\decorationsystem\target\classes\com\sise\dao\GuaranteeDao.class]
DEBUG - Identified candidate component class: file [D:\IntelliJ IDEA\IdeaProjects\decorationsystem\target\classes\com\sise\dao\HousepicDao.class]
DEBUG - Identified candidate component class: file [D:\IntelliJ IDEA\IdeaProjects\decorationsystem\target\classes\com\sise\dao\HouseTypeDao.class]
DEBUG - Identified candidate component class: file [D:\IntelliJ IDEA\IdeaProjects\decorationsystem\target\classes\com\sise\dao\InspectionReportDao.class]
DEBUG - Identified candidate component class: file [D:\IntelliJ IDEA\IdeaProjects\decorationsystem\target\classes\com\sise\dao\LoginDao.class]
DEBUG - Identified candidate component class: file [D:\IntelliJ IDEA\IdeaProjects\decorationsystem\target\classes\com\sise\dao\MaterialClazzDao.class]
DEBUG - Identified candidate component class: file [D:\IntelliJ IDEA\IdeaProjects\decorationsystem\target\classes\com\sise\dao\MaterialDao.class]
DEBUG - Identified candidate component class: file [D:\IntelliJ IDEA\IdeaProjects\decorationsystem\target\classes\com\sise\dao\MaterialOfferDao.class]
DEBUG - Identified candidate component class: file [D:\IntelliJ IDEA\IdeaProjects\decorationsystem\target\classes\com\sise\dao\MaterialSmallclazzDao.class]
DEBUG - Identified candidate component class: file [D:\IntelliJ IDEA\IdeaProjects\decorationsystem\target\classes\com\sise\dao\ProjectTimeDao.class]
DEBUG - Identified candidate component class: file [D:\IntelliJ IDEA\IdeaProjects\decorationsystem\target\classes\com\sise\dao\RegistrationTableDao.class]
DEBUG - Identified candidate component class: file [D:\IntelliJ IDEA\IdeaProjects\decorationsystem\target\classes\com\sise\dao\TrackingInfoDao.class]
WARN - Skipping MapperFactoryBean with name &apos;appointmentDao&apos; and &apos;com.sise.dao.AppointmentDao&apos; mapperInterface. Bean already defined with the same name!
WARN - Skipping MapperFactoryBean with name &apos;areaTypeDao&apos; and &apos;com.sise.dao.AreaTypeDao&apos; mapperInterface. Bean already defined with the same name!
WARN - Skipping MapperFactoryBean with name &apos;cancelTableDao&apos; and &apos;com.sise.dao.CancelTableDao&apos; mapperInterface. Bean already defined with the same name!
WARN - Skipping MapperFactoryBean with name &apos;consumerDao&apos; and &apos;com.sise.dao.ConsumerDao&apos; mapperInterface. Bean already defined with the same name!
WARN - Skipping MapperFactoryBean with name &apos;contractDao&apos; and &apos;com.sise.dao.ContractDao&apos; mapperInterface. Bean already defined with the same name!
WARN - Skipping MapperFactoryBean with name &apos;decorationModeDao&apos; and &apos;com.sise.dao.DecorationModeDao&apos; mapperInterface. Bean already defined with the same name!
WARN - Skipping MapperFactoryBean with name &apos;decorationStyleDao&apos; and &apos;com.sise.dao.DecorationStyleDao&apos; mapperInterface. Bean already defined with the same name!
WARN - Skipping MapperFactoryBean with name &apos;depositDao&apos; and &apos;com.sise.dao.DepositDao&apos; mapperInterface. Bean already defined with the same name!
WARN - Skipping MapperFactoryBean with name &apos;designerpicDao&apos; and &apos;com.sise.dao.DesignerpicDao&apos; mapperInterface. Bean already defined with the same name!
WARN - Skipping MapperFactoryBean with name &apos;designerShowDao&apos; and &apos;com.sise.dao.DesignerShowDao&apos; mapperInterface. Bean already defined with the same name!
WARN - Skipping MapperFactoryBean with name &apos;employeeDao&apos; and &apos;com.sise.dao.EmployeeDao&apos; mapperInterface. Bean already defined with the same name!
WARN - Skipping MapperFactoryBean with name &apos;guaranteeDao&apos; and &apos;com.sise.dao.GuaranteeDao&apos; mapperInterface. Bean already defined with the same name!
WARN - Skipping MapperFactoryBean with name &apos;housepicDao&apos; and &apos;com.sise.dao.HousepicDao&apos; mapperInterface. Bean already defined with the same name!
WARN - Skipping MapperFactoryBean with name &apos;houseTypeDao&apos; and &apos;com.sise.dao.HouseTypeDao&apos; mapperInterface. Bean already defined with the same name!
WARN - Skipping MapperFactoryBean with name &apos;inspectionReportDao&apos; and &apos;com.sise.dao.InspectionReportDao&apos; mapperInterface. Bean already defined with the same name!
WARN - Skipping MapperFactoryBean with name &apos;loginDao&apos; and &apos;com.sise.dao.LoginDao&apos; mapperInterface. Bean already defined with the same name!
WARN - Skipping MapperFactoryBean with name &apos;materialClazzDao&apos; and &apos;com.sise.dao.MaterialClazzDao&apos; mapperInterface. Bean already defined with the same name!
WARN - Skipping MapperFactoryBean with name &apos;materialDao&apos; and &apos;com.sise.dao.MaterialDao&apos; mapperInterface. Bean already defined with the same name!
WARN - Skipping MapperFactoryBean with name &apos;materialOfferDao&apos; and &apos;com.sise.dao.MaterialOfferDao&apos; mapperInterface. Bean already defined with the same name!
WARN - Skipping MapperFactoryBean with name &apos;materialSmallclazzDao&apos; and &apos;com.sise.dao.MaterialSmallclazzDao&apos; mapperInterface. Bean already defined with the same name!
WARN - Skipping MapperFactoryBean with name &apos;projectTimeDao&apos; and &apos;com.sise.dao.ProjectTimeDao&apos; mapperInterface. Bean already defined with the same name!
WARN - Skipping MapperFactoryBean with name &apos;registrationTableDao&apos; and &apos;com.sise.dao.RegistrationTableDao&apos; mapperInterface. Bean already defined with the same name!
WARN - Skipping MapperFactoryBean with name &apos;trackingInfoDao&apos; and &apos;com.sise.dao.TrackingInfoDao&apos; mapperInterface. Bean already defined with the same name!
WARN - No MyBatis mapper was found in &apos;[com.sise.dao]&apos; package. Please check your configuration.
DEBUG - Creating shared instance of singleton bean &apos;org.springframework.context.support.PropertySourcesPlaceholderConfigurer#0&apos;
DEBUG - Creating instance of bean &apos;org.springframework.context.support.PropertySourcesPlaceholderConfigurer#0&apos;
DEBUG - Eagerly caching bean &apos;org.springframework.context.support.PropertySourcesPlaceholderConfigurer#0&apos; to allow for resolving potential circular references
DEBUG - Finished creating instance of bean &apos;org.springframework.context.support.PropertySourcesPlaceholderConfigurer#0&apos;
DEBUG - Adding [environmentProperties] PropertySource with lowest search precedence
DEBUG - Loading properties file from class path resource [ssm/jdbc.properties]
DEBUG - Adding [localProperties] PropertySource with lowest search precedence
DEBUG - Could not find key &apos;driver&apos; in any property source
DEBUG - Found key &apos;driver&apos; in [localProperties] with type [String]
DEBUG - Could not find key &apos;url&apos; in any property source
DEBUG - Found key &apos;url&apos; in [localProperties] with type [String]
DEBUG - Creating shared instance of singleton bean &apos;org.springframework.context.annotation.internalAutowiredAnnotationProcessor&apos;
DEBUG - Creating instance of bean &apos;org.springframework.context.annotation.internalAutowiredAnnotationProcessor&apos;
INFO - JSR-330 &apos;javax.inject.Inject&apos; annotation found and supported for autowiring
DEBUG - Eagerly caching bean &apos;org.springframework.context.annotation.internalAutowiredAnnotationProcessor&apos; to allow for resolving potential circular references
DEBUG - Finished creating instance of bean &apos;org.springframework.context.annotation.internalAutowiredAnnotationProcessor&apos;
DEBUG - Creating shared instance of singleton bean &apos;org.springframework.context.annotation.internalRequiredAnnotationProcessor&apos;
DEBUG - Creating instance of bean &apos;org.springframework.context.annotation.internalRequiredAnnotationProcessor&apos;
DEBUG - Eagerly caching bean &apos;org.springframework.context.annotation.internalRequiredAnnotationProcessor&apos; to allow for resolving potential circular references
DEBUG - Finished creating instance of bean &apos;org.springframework.context.annotation.internalRequiredAnnotationProcessor&apos;
DEBUG - Creating shared instance of singleton bean &apos;org.springframework.context.annotation.internalCommonAnnotationProcessor&apos;
DEBUG - Creating instance of bean &apos;org.springframework.context.annotation.internalCommonAnnotationProcessor&apos;
DEBUG - Eagerly caching bean &apos;org.springframework.context.annotation.internalCommonAnnotationProcessor&apos; to allow for resolving potential circular references
DEBUG - Finished creating instance of bean &apos;org.springframework.context.annotation.internalCommonAnnotationProcessor&apos;
DEBUG - Creating shared instance of singleton bean &apos;org.springframework.aop.config.internalAutoProxyCreator&apos;
DEBUG - Creating instance of bean &apos;org.springframework.aop.config.internalAutoProxyCreator&apos;
DEBUG - Eagerly caching bean &apos;org.springframework.aop.config.internalAutoProxyCreator&apos; to allow for resolving potential circular references
DEBUG - Finished creating instance of bean &apos;org.springframework.aop.config.internalAutoProxyCreator&apos;
DEBUG - Unable to locate MessageSource with name &apos;messageSource&apos;: using default [org.springframework.context.support.DelegatingMessageSource@223aa2f7]
DEBUG - Unable to locate ApplicationEventMulticaster with name &apos;applicationEventMulticaster&apos;: using default [org.springframework.context.event.SimpleApplicationEventMulticaster@29d89d5d]
DEBUG - Pre-instantiating singletons in org.springframework.beans.factory.support.DefaultListableBeanFactory@bef2d72: defining beans [appointmentDao,areaTypeDao,cancelTableDao,consumerDao,contractDao,decorationModeDao,decorationStyleDao,depositDao,designerpicDao,designerShowDao,employeeDao,guaranteeDao,housepicDao,houseTypeDao,inspectionReportDao,loginDao,materialClazzDao,materialDao,materialOfferDao,materialSmallclazzDao,projectTimeDao,registrationTableDao,trackingInfoDao,org.springframework.context.annotation.internalConfigurationAnnotationProcessor,org.springframework.context.annotation.internalAutowiredAnnotationProcessor,org.springframework.context.annotation.internalRequiredAnnotationProcessor,org.springframework.context.annotation.internalCommonAnnotationProcessor,org.springframework.context.event.internalEventListenerProcessor,org.springframework.context.event.internalEventListenerFactory,common_ContractController,common_DepositController,common_FlyController,common_IntentController,common_OverController,commonController,designerController,employeeController,indexController,loginController,materialClazzController,materialController,materialOfferController,pictureController,project_managerController,webSocketController,appointmentServiceImpl,areaTypeServiceImpl,cancelTableServiceImpl,consumerServiceImpl,contractServiceImpl,decorationModeServiceImpl,decorationStyleServiceImpl,depositServiceImpl,designerpicServiceImpl,designerShowServiceImpl,employeeServiceImpl,guaranteeServiceImpl,housepicServiceImpl,houseTypeServiceImpl,inspectionReportServiceImpl,loginServiceImpl,materialClazzServiceImpl,materialOfferServiceImpl,materialServiceImpl,materialSmallclazzServiceImpl,projectTimeServiceImpl,registrationTableServiceImpl,trackingInfoServiceImpl,myWebSocketHandler,org.springframework.context.support.PropertySourcesPlaceholderConfigurer#0,dataSource,sqlSessionFactory,org.mybatis.spring.mapper.MapperScannerConfigurer#0,transactionManager,org.springframework.transaction.config.internalTransactionalEventListenerFactory,org.springframework.aop.config.internalAutoProxyCreator,org.springframework.transaction.annotation.AnnotationTransactionAttributeSource#0,org.springframework.transaction.interceptor.TransactionInterceptor#0,org.springframework.transaction.config.internalTransactionAdvisor]; root of factory hierarchy
DEBUG - Creating shared instance of singleton bean &apos;appointmentDao&apos;
DEBUG - Creating instance of bean &apos;appointmentDao&apos;
DEBUG - Eagerly caching bean &apos;appointmentDao&apos; to allow for resolving potential circular references
DEBUG - Logging initialized using &apos;class org.apache.ibatis.logging.slf4j.Slf4jImpl&apos; adapter.
DEBUG - Creating shared instance of singleton bean &apos;sqlSessionFactory&apos;
DEBUG - Creating instance of bean &apos;sqlSessionFactory&apos;
DEBUG - Eagerly caching bean &apos;sqlSessionFactory&apos; to allow for resolving potential circular references
DEBUG - Creating shared instance of singleton bean &apos;dataSource&apos;
DEBUG - Creating instance of bean &apos;dataSource&apos;
INFO - MLog clients using slf4j logging.
DEBUG - Reading VM config for path list /com/mchange/v2/log/default-mchange-log.properties, /mchange-commons.properties, /c3p0.properties, hocon:/reference,/application,/c3p0,/, /mchange-log.properties, /
DEBUG - The configuration file for resource identifier &apos;/mchange-commons.properties&apos; could not be found. Skipping.
DEBUG - The configuration file for resource identifier &apos;/c3p0.properties&apos; could not be found. Skipping.
DEBUG - The configuration file for resource identifier &apos;hocon:/reference,/application,/c3p0,/&apos; could not be found. Skipping.
DEBUG - The configuration file for resource identifier &apos;/mchange-log.properties&apos; could not be found. Skipping.
DEBUG - The configuration file for resource identifier &apos;/mchange-commons.properties&apos; could not be found. Skipping.
DEBUG - The configuration file for resource identifier &apos;/mchange-log.properties&apos; could not be found. Skipping.
DEBUG - The configuration file for resource identifier &apos;hocon:/reference,/application,/c3p0,/&apos; could not be found. Skipping.
DEBUG - The configuration file for resource identifier &apos;/c3p0.properties&apos; could not be found. Skipping.
INFO - Initializing c3p0-0.9.5.2 [built 08-December-2015 22:06:04 -0800; debug? true; trace: 10]
DEBUG - MBean: com.mchange.v2.c3p0:type=PooledDataSource,identityToken=1hge70h9wmchj3z1m2tlkg|742ff096,name=1hge70h9wmchj3z1m2tlkg|742ff096 registered.
DEBUG - MBean: com.mchange.v2.c3p0:type=PooledDataSource,identityToken=1hge70h9wmchj3z1m2tlkg|742ff096,name=1hge70h9wmchj3z1m2tlkg|742ff096 unregistered, in order to be reregistered after update.
DEBUG - MBean: com.mchange.v2.c3p0:type=PooledDataSource,identityToken=1hge70h9wmchj3z1m2tlkg|742ff096,name=1hge70h9wmchj3z1m2tlkg|742ff096 registered.
DEBUG - Eagerly caching bean &apos;dataSource&apos; to allow for resolving potential circular references
DEBUG - Creating shared instance of singleton bean &apos;org.springframework.transaction.config.internalTransactionAdvisor&apos;
DEBUG - Creating instance of bean &apos;org.springframework.transaction.config.internalTransactionAdvisor&apos;
DEBUG - Eagerly caching bean &apos;org.springframework.transaction.config.internalTransactionAdvisor&apos; to allow for resolving potential circular references
DEBUG - Creating shared instance of singleton bean &apos;org.springframework.transaction.annotation.AnnotationTransactionAttributeSource#0&apos;
DEBUG - Creating instance of bean &apos;org.springframework.transaction.annotation.AnnotationTransactionAttributeSource#0&apos;
DEBUG - Eagerly caching bean &apos;org.springframework.transaction.annotation.AnnotationTransactionAttributeSource#0&apos; to allow for resolving potential circular references
DEBUG - Skipping currently created advisor &apos;org.springframework.transaction.config.internalTransactionAdvisor&apos;
DEBUG - Finished creating instance of bean &apos;org.springframework.transaction.annotation.AnnotationTransactionAttributeSource#0&apos;
DEBUG - Finished creating instance of bean &apos;org.springframework.transaction.config.internalTransactionAdvisor&apos;
DEBUG - Finished creating instance of bean &apos;dataSource&apos;
DEBUG - Looking for matching resources in directory tree [D:\IntelliJ IDEA\IdeaProjects\decorationsystem\target\classes\com\sise\dao]
DEBUG - Searching directory [D:\IntelliJ IDEA\IdeaProjects\decorationsystem\target\classes\com\sise\dao] for files matching pattern [D:/IntelliJ IDEA/IdeaProjects/decorationsystem/target/classes/com/sise/dao/*.xml]
DEBUG - Resolved location pattern [classpath:com/sise/dao/*.xml] to resources [file [D:\IntelliJ IDEA\IdeaProjects\decorationsystem\target\classes\com\sise\dao\AppointmentDao.xml], file [D:\IntelliJ IDEA\IdeaProjects\decorationsystem\target\classes\com\sise\dao\AreaTypeDao.xml], file [D:\IntelliJ IDEA\IdeaProjects\decorationsystem\target\classes\com\sise\dao\CancelTableDao.xml], file [D:\IntelliJ IDEA\IdeaProjects\decorationsystem\target\classes\com\sise\dao\ConsumerDao.xml], file [D:\IntelliJ IDEA\IdeaProjects\decorationsystem\target\classes\com\sise\dao\ContractDao.xml], file [D:\IntelliJ IDEA\IdeaProjects\decorationsystem\target\classes\com\sise\dao\DecorationModeDao.xml], file [D:\IntelliJ IDEA\IdeaProjects\decorationsystem\target\classes\com\sise\dao\DecorationStyleDao.xml], file [D:\IntelliJ IDEA\IdeaProjects\decorationsystem\target\classes\com\sise\dao\DepositDao.xml], file [D:\IntelliJ IDEA\IdeaProjects\decorationsystem\target\classes\com\sise\dao\DesignerpicDao.xml], file [D:\IntelliJ IDEA\IdeaProjects\decorationsystem\target\classes\com\sise\dao\DesignerShowDao.xml], file [D:\IntelliJ IDEA\IdeaProjects\decorationsystem\target\classes\com\sise\dao\EmployeeDao.xml], file [D:\IntelliJ IDEA\IdeaProjects\decorationsystem\target\classes\com\sise\dao\GuaranteeDao.xml], file [D:\IntelliJ IDEA\IdeaProjects\decorationsystem\target\classes\com\sise\dao\HousepicDao.xml], file [D:\IntelliJ IDEA\IdeaProjects\decorationsystem\target\classes\com\sise\dao\HouseTypeDao.xml], file [D:\IntelliJ IDEA\IdeaProjects\decorationsystem\target\classes\com\sise\dao\InspectionReportDao.xml], file [D:\IntelliJ IDEA\IdeaProjects\decorationsystem\target\classes\com\sise\dao\LoginDao.xml], file [D:\IntelliJ IDEA\IdeaProjects\decorationsystem\target\classes\com\sise\dao\MaterialClazzDao.xml], file [D:\IntelliJ IDEA\IdeaProjects\decorationsystem\target\classes\com\sise\dao\MaterialDao.xml], file [D:\IntelliJ IDEA\IdeaProjects\decorationsystem\target\classes\com\sise\dao\MaterialOfferDao.xml], file [D:\IntelliJ IDEA\IdeaProjects\decorationsystem\target\classes\com\sise\dao\MaterialSmallclazzDao.xml], file [D:\IntelliJ IDEA\IdeaProjects\decorationsystem\target\classes\com\sise\dao\ProjectTimeDao.xml], file [D:\IntelliJ IDEA\IdeaProjects\decorationsystem\target\classes\com\sise\dao\RegistrationTableDao.xml], file [D:\IntelliJ IDEA\IdeaProjects\decorationsystem\target\classes\com\sise\dao\TrackingInfoDao.xml]]
DEBUG - Invoking afterPropertiesSet() on bean with name &apos;sqlSessionFactory&apos;
DEBUG - Class not found: org.jboss.vfs.VFS
DEBUG - JBoss 6 VFS API is not available in this environment.
DEBUG - Class not found: org.jboss.vfs.VirtualFile
DEBUG - VFS implementation org.apache.ibatis.io.JBoss6VFS is not valid in this environment.
DEBUG - Using VFS adapter org.apache.ibatis.io.DefaultVFS
DEBUG - Find JAR URL: file:/D:/IntelliJ%20IDEA/IdeaProjects/decorationsystem/target/classes/com/sise/po
DEBUG - Not a JAR: file:/D:/IntelliJ%20IDEA/IdeaProjects/decorationsystem/target/classes/com/sise/po
DEBUG - Reader entry: Appointment.class
DEBUG - Reader entry: AreaType.class
DEBUG - Reader entry: CancelTable.class
DEBUG - Reader entry: City.class
DEBUG - Reader entry: CollectionShow.class
DEBUG - Reader entry: Consumer.class
DEBUG - Reader entry: Contract.class
DEBUG - Reader entry: ContractFile.class
DEBUG - Reader entry: DecorationMode.class
DEBUG - Reader entry: DecorationStyle.class
DEBUG - Reader entry: Department.class
DEBUG - Reader entry: Deposit.class
DEBUG - Reader entry: Designerpic.class
DEBUG - Reader entry: DesignerpicFile.class
DEBUG - Reader entry: DesignerShow.class
DEBUG - Reader entry: DesignerShowpic.class
DEBUG - Reader entry: Employee.class
DEBUG - Reader entry: Guarantee.class
DEBUG - Reader entry: Housepic.class
DEBUG - Reader entry: HousepicFile.class
DEBUG - Reader entry: HouseType.class
DEBUG - Reader entry: InspectionReport.class
DEBUG - Reader entry: InspectionReportPic.class
DEBUG - Reader entry: Job.class
DEBUG - Reader entry: Material.class
DEBUG - Reader entry: MaterialClazz.class
DEBUG - Reader entry: MaterialFile.class
DEBUG - Reader entry: MaterialOffer.class
DEBUG - Reader entry: MaterialSmallclazz.class
DEBUG - Reader entry: Message.class
DEBUG - Reader entry: MyAuth.class
DEBUG - Reader entry: Permission.class
DEBUG - Reader entry: Praise.class
DEBUG - Reader entry: ProgressContent.class
DEBUG - Reader entry: ProjectTime.class
DEBUG - Reader entry: Province.class
DEBUG - Reader entry: RegistrationTable.class
DEBUG - Reader entry: SearchContent.class
DEBUG - Reader entry: SearchContract.class
DEBUG - Reader entry: SearchDesignerpic.class
DEBUG - Reader entry: SearchDesignerShow.class
DEBUG - Reader entry: SearchHousepic.class
DEBUG - Reader entry: SearchMaterial.class
DEBUG - Reader entry: TrackingInfo.class
DEBUG - Listing file:/D:/IntelliJ%20IDEA/IdeaProjects/decorationsystem/target/classes/com/sise/po
DEBUG - Find JAR URL: file:/D:/IntelliJ%20IDEA/IdeaProjects/decorationsystem/target/classes/com/sise/po/Appointment.class
DEBUG - Not a JAR: file:/D:/IntelliJ%20IDEA/IdeaProjects/decorationsystem/target/classes/com/sise/po/Appointment.class
DEBUG - Reader entry: ����&amp;#0;&amp;#0;&amp;#0;1&amp;#0;e
DEBUG - Find JAR URL: file:/D:/IntelliJ%20IDEA/IdeaProjects/decorationsystem/target/classes/com/sise/po/AreaType.class
DEBUG - Not a JAR: file:/D:/IntelliJ%20IDEA/IdeaProjects/decorationsystem/target/classes/com/sise/po/AreaType.class
DEBUG - Reader entry: ����&amp;#0;&amp;#0;&amp;#0;1&amp;#0;5
DEBUG - Find JAR URL: file:/D:/IntelliJ%20IDEA/IdeaProjects/decorationsystem/target/classes/com/sise/po/CancelTable.class
DEBUG - Not a JAR: file:/D:/IntelliJ%20IDEA/IdeaProjects/decorationsystem/target/classes/com/sise/po/CancelTable.class
DEBUG - Reader entry: ����&amp;#0;&amp;#0;&amp;#0;1&amp;#0;~
DEBUG - Find JAR URL: file:/D:/IntelliJ%20IDEA/IdeaProjects/decorationsystem/target/classes/com/sise/po/City.class
DEBUG - Not a JAR: file:/D:/IntelliJ%20IDEA/IdeaProjects/decorationsystem/target/classes/com/sise/po/City.class
DEBUG - Reader entry: ����&amp;#0;&amp;#0;&amp;#0;1&amp;#0;)
DEBUG - Find JAR URL: file:/D:/IntelliJ%20IDEA/IdeaProjects/decorationsystem/target/classes/com/sise/po/CollectionShow.class
DEBUG - Not a JAR: file:/D:/IntelliJ%20IDEA/IdeaProjects/decorationsystem/target/classes/com/sise/po/CollectionShow.class
DEBUG - Reader entry: ����&amp;#0;&amp;#0;&amp;#0;1&amp;#0;*
DEBUG - Find JAR URL: file:/D:/IntelliJ%20IDEA/IdeaProjects/decorationsystem/target/classes/com/sise/po/Consumer.class
DEBUG - Not a JAR: file:/D:/IntelliJ%20IDEA/IdeaProjects/decorationsystem/target/classes/com/sise/po/Consumer.class
DEBUG - Reader entry: ����&amp;#0;&amp;#0;&amp;#0;1&amp;#0;?
DEBUG - Find JAR URL: file:/D:/IntelliJ%20IDEA/IdeaProjects/decorationsystem/target/classes/com/sise/po/Contract.class
DEBUG - Not a JAR: file:/D:/IntelliJ%20IDEA/IdeaProjects/decorationsystem/target/classes/com/sise/po/Contract.class
DEBUG - Reader entry: ����&amp;#0;&amp;#0;&amp;#0;1&amp;#0;?
DEBUG - Find JAR URL: file:/D:/IntelliJ%20IDEA/IdeaProjects/decorationsystem/target/classes/com/sise/po/ContractFile.class
DEBUG - Not a JAR: file:/D:/IntelliJ%20IDEA/IdeaProjects/decorationsystem/target/classes/com/sise/po/ContractFile.class
DEBUG - Reader entry: ����&amp;#0;&amp;#0;&amp;#0;1&amp;#0;A
DEBUG - Find JAR URL: file:/D:/IntelliJ%20IDEA/IdeaProjects/decorationsystem/target/classes/com/sise/po/DecorationMode.class
DEBUG - Not a JAR: file:/D:/IntelliJ%20IDEA/IdeaProjects/decorationsystem/target/classes/com/sise/po/DecorationMode.class
DEBUG - Reader entry: ����&amp;#0;&amp;#0;&amp;#0;1&amp;#0;B
DEBUG - Find JAR URL: file:/D:/IntelliJ%20IDEA/IdeaProjects/decorationsystem/target/classes/com/sise/po/DecorationStyle.class
DEBUG - Not a JAR: file:/D:/IntelliJ%20IDEA/IdeaProjects/decorationsystem/target/classes/com/sise/po/DecorationStyle.class
DEBUG - Reader entry: ����&amp;#0;&amp;#0;&amp;#0;1&amp;#0;&lt;
DEBUG - Find JAR URL: file:/D:/IntelliJ%20IDEA/IdeaProjects/decorationsystem/target/classes/com/sise/po/Department.class
DEBUG - Not a JAR: file:/D:/IntelliJ%20IDEA/IdeaProjects/decorationsystem/target/classes/com/sise/po/Department.class
DEBUG - Reader entry: ����&amp;#0;&amp;#0;&amp;#0;1&amp;#0;!
DEBUG - Find JAR URL: file:/D:/IntelliJ%20IDEA/IdeaProjects/decorationsystem/target/classes/com/sise/po/Deposit.class
DEBUG - Not a JAR: file:/D:/IntelliJ%20IDEA/IdeaProjects/decorationsystem/target/classes/com/sise/po/Deposit.class
DEBUG - Reader entry: ����&amp;#0;&amp;#0;&amp;#0;1&amp;#0;o
DEBUG - Find JAR URL: file:/D:/IntelliJ%20IDEA/IdeaProjects/decorationsystem/target/classes/com/sise/po/Designerpic.class
DEBUG - Not a JAR: file:/D:/IntelliJ%20IDEA/IdeaProjects/decorationsystem/target/classes/com/sise/po/Designerpic.class
DEBUG - Reader entry: ����&amp;#0;&amp;#0;&amp;#0;1&amp;#0;?
DEBUG - Find JAR URL: file:/D:/IntelliJ%20IDEA/IdeaProjects/decorationsystem/target/classes/com/sise/po/DesignerpicFile.class
DEBUG - Not a JAR: file:/D:/IntelliJ%20IDEA/IdeaProjects/decorationsystem/target/classes/com/sise/po/DesignerpicFile.class
DEBUG - Reader entry: ����&amp;#0;&amp;#0;&amp;#0;1&amp;#0;J
DEBUG - Find JAR URL: file:/D:/IntelliJ%20IDEA/IdeaProjects/decorationsystem/target/classes/com/sise/po/DesignerShow.class
DEBUG - Not a JAR: file:/D:/IntelliJ%20IDEA/IdeaProjects/decorationsystem/target/classes/com/sise/po/DesignerShow.class
DEBUG - Reader entry: ����&amp;#0;&amp;#0;&amp;#0;1&amp;#0;?
DEBUG - Find JAR URL: file:/D:/IntelliJ%20IDEA/IdeaProjects/decorationsystem/target/classes/com/sise/po/DesignerShowpic.class
DEBUG - Not a JAR: file:/D:/IntelliJ%20IDEA/IdeaProjects/decorationsystem/target/classes/com/sise/po/DesignerShowpic.class
DEBUG - Reader entry: ����&amp;#0;&amp;#0;&amp;#0;1&amp;#0;-
DEBUG - Find JAR URL: file:/D:/IntelliJ%20IDEA/IdeaProjects/decorationsystem/target/classes/com/sise/po/Employee.class
DEBUG - Not a JAR: file:/D:/IntelliJ%20IDEA/IdeaProjects/decorationsystem/target/classes/com/sise/po/Employee.class
DEBUG - Reader entry: ����&amp;#0;&amp;#0;&amp;#0;1&amp;#0;^
DEBUG - Find JAR URL: file:/D:/IntelliJ%20IDEA/IdeaProjects/decorationsystem/target/classes/com/sise/po/Guarantee.class
DEBUG - Not a JAR: file:/D:/IntelliJ%20IDEA/IdeaProjects/decorationsystem/target/classes/com/sise/po/Guarantee.class
DEBUG - Reader entry: ����&amp;#0;&amp;#0;&amp;#0;1&amp;#0;k
DEBUG - Find JAR URL: file:/D:/IntelliJ%20IDEA/IdeaProjects/decorationsystem/target/classes/com/sise/po/Housepic.class
DEBUG - Not a JAR: file:/D:/IntelliJ%20IDEA/IdeaProjects/decorationsystem/target/classes/com/sise/po/Housepic.class
DEBUG - Reader entry: ����&amp;#0;&amp;#0;&amp;#0;1&amp;#0;u
DEBUG - Find JAR URL: file:/D:/IntelliJ%20IDEA/IdeaProjects/decorationsystem/target/classes/com/sise/po/HousepicFile.class
DEBUG - Not a JAR: file:/D:/IntelliJ%20IDEA/IdeaProjects/decorationsystem/target/classes/com/sise/po/HousepicFile.class
DEBUG - Reader entry: ����&amp;#0;&amp;#0;&amp;#0;1&amp;#0;C
DEBUG - Find JAR URL: file:/D:/IntelliJ%20IDEA/IdeaProjects/decorationsystem/target/classes/com/sise/po/HouseType.class
DEBUG - Not a JAR: file:/D:/IntelliJ%20IDEA/IdeaProjects/decorationsystem/target/classes/com/sise/po/HouseType.class
DEBUG - Reader entry: ����&amp;#0;&amp;#0;&amp;#0;1&amp;#0;5
DEBUG - Find JAR URL: file:/D:/IntelliJ%20IDEA/IdeaProjects/decorationsystem/target/classes/com/sise/po/InspectionReport.class
DEBUG - Not a JAR: file:/D:/IntelliJ%20IDEA/IdeaProjects/decorationsystem/target/classes/com/sise/po/InspectionReport.class
DEBUG - Reader entry: ����&amp;#0;&amp;#0;&amp;#0;1&amp;#0;[
DEBUG - Find JAR URL: file:/D:/IntelliJ%20IDEA/IdeaProjects/decorationsystem/target/classes/com/sise/po/InspectionReportPic.class
DEBUG - Not a JAR: file:/D:/IntelliJ%20IDEA/IdeaProjects/decorationsystem/target/classes/com/sise/po/InspectionReportPic.class
DEBUG - Reader entry: ����&amp;#0;&amp;#0;&amp;#0;1&amp;#0;I
DEBUG - Find JAR URL: file:/D:/IntelliJ%20IDEA/IdeaProjects/decorationsystem/target/classes/com/sise/po/Job.class
DEBUG - Not a JAR: file:/D:/IntelliJ%20IDEA/IdeaProjects/decorationsystem/target/classes/com/sise/po/Job.class
DEBUG - Reader entry: ����&amp;#0;&amp;#0;&amp;#0;1&amp;#0;6
DEBUG - Find JAR URL: file:/D:/IntelliJ%20IDEA/IdeaProjects/decorationsystem/target/classes/com/sise/po/Material.class
DEBUG - Not a JAR: file:/D:/IntelliJ%20IDEA/IdeaProjects/decorationsystem/target/classes/com/sise/po/Material.class
DEBUG - Reader entry: ����&amp;#0;&amp;#0;&amp;#0;1&amp;#0;?
DEBUG - Find JAR URL: file:/D:/IntelliJ%20IDEA/IdeaProjects/decorationsystem/target/classes/com/sise/po/MaterialClazz.class
DEBUG - Not a JAR: file:/D:/IntelliJ%20IDEA/IdeaProjects/decorationsystem/target/classes/com/sise/po/MaterialClazz.class
DEBUG - Reader entry: ����&amp;#0;&amp;#0;&amp;#0;1&amp;#0;G
DEBUG - Find JAR URL: file:/D:/IntelliJ%20IDEA/IdeaProjects/decorationsystem/target/classes/com/sise/po/MaterialFile.class
DEBUG - Not a JAR: file:/D:/IntelliJ%20IDEA/IdeaProjects/decorationsystem/target/classes/com/sise/po/MaterialFile.class
DEBUG - Reader entry: ����&amp;#0;&amp;#0;&amp;#0;1&amp;#0;J
DEBUG - Find JAR URL: file:/D:/IntelliJ%20IDEA/IdeaProjects/decorationsystem/target/classes/com/sise/po/MaterialOffer.class
DEBUG - Not a JAR: file:/D:/IntelliJ%20IDEA/IdeaProjects/decorationsystem/target/classes/com/sise/po/MaterialOffer.class
DEBUG - Reader entry: ����&amp;#0;&amp;#0;&amp;#0;1&amp;#0;X
DEBUG - Find JAR URL: file:/D:/IntelliJ%20IDEA/IdeaProjects/decorationsystem/target/classes/com/sise/po/MaterialSmallclazz.class
DEBUG - Not a JAR: file:/D:/IntelliJ%20IDEA/IdeaProjects/decorationsystem/target/classes/com/sise/po/MaterialSmallclazz.class
DEBUG - Reader entry: ����&amp;#0;&amp;#0;&amp;#0;1&amp;#0;^
DEBUG - Find JAR URL: file:/D:/IntelliJ%20IDEA/IdeaProjects/decorationsystem/target/classes/com/sise/po/Message.class
DEBUG - Not a JAR: file:/D:/IntelliJ%20IDEA/IdeaProjects/decorationsystem/target/classes/com/sise/po/Message.class
DEBUG - Reader entry: ����&amp;#0;&amp;#0;&amp;#0;1&amp;#0;n
DEBUG - Find JAR URL: file:/D:/IntelliJ%20IDEA/IdeaProjects/decorationsystem/target/classes/com/sise/po/MyAuth.class
DEBUG - Not a JAR: file:/D:/IntelliJ%20IDEA/IdeaProjects/decorationsystem/target/classes/com/sise/po/MyAuth.class
DEBUG - Reader entry: ����&amp;#0;&amp;#0;&amp;#0;1&amp;#0;B
DEBUG - Find JAR URL: file:/D:/IntelliJ%20IDEA/IdeaProjects/decorationsystem/target/classes/com/sise/po/Permission.class
DEBUG - Not a JAR: file:/D:/IntelliJ%20IDEA/IdeaProjects/decorationsystem/target/classes/com/sise/po/Permission.class
DEBUG - Reader entry: ����&amp;#0;&amp;#0;&amp;#0;1&amp;#0;@
DEBUG - Find JAR URL: file:/D:/IntelliJ%20IDEA/IdeaProjects/decorationsystem/target/classes/com/sise/po/Praise.class
DEBUG - Not a JAR: file:/D:/IntelliJ%20IDEA/IdeaProjects/decorationsystem/target/classes/com/sise/po/Praise.class
DEBUG - Reader entry: ����&amp;#0;&amp;#0;&amp;#0;1&amp;#0;*
DEBUG - Find JAR URL: file:/D:/IntelliJ%20IDEA/IdeaProjects/decorationsystem/target/classes/com/sise/po/ProgressContent.class
DEBUG - Not a JAR: file:/D:/IntelliJ%20IDEA/IdeaProjects/decorationsystem/target/classes/com/sise/po/ProgressContent.class
DEBUG - Reader entry: ����&amp;#0;&amp;#0;&amp;#0;1&amp;#0;j
DEBUG - Find JAR URL: file:/D:/IntelliJ%20IDEA/IdeaProjects/decorationsystem/target/classes/com/sise/po/ProjectTime.class
DEBUG - Not a JAR: file:/D:/IntelliJ%20IDEA/IdeaProjects/decorationsystem/target/classes/com/sise/po/ProjectTime.class
DEBUG - Reader entry: ����&amp;#0;&amp;#0;&amp;#0;1&amp;#0;E
DEBUG - Find JAR URL: file:/D:/IntelliJ%20IDEA/IdeaProjects/decorationsystem/target/classes/com/sise/po/Province.class
DEBUG - Not a JAR: file:/D:/IntelliJ%20IDEA/IdeaProjects/decorationsystem/target/classes/com/sise/po/Province.class
DEBUG - Reader entry: ����&amp;#0;&amp;#0;&amp;#0;1&amp;#0;)	&amp;#0;&amp;#5;&amp;#0;#
DEBUG - Find JAR URL: file:/D:/IntelliJ%20IDEA/IdeaProjects/decorationsystem/target/classes/com/sise/po/RegistrationTable.class
DEBUG - Not a JAR: file:/D:/IntelliJ%20IDEA/IdeaProjects/decorationsystem/target/classes/com/sise/po/RegistrationTable.class
DEBUG - Reader entry: ����&amp;#0;&amp;#0;&amp;#0;1&amp;#0;?
DEBUG - Find JAR URL: file:/D:/IntelliJ%20IDEA/IdeaProjects/decorationsystem/target/classes/com/sise/po/SearchContent.class
DEBUG - Not a JAR: file:/D:/IntelliJ%20IDEA/IdeaProjects/decorationsystem/target/classes/com/sise/po/SearchContent.class
DEBUG - Reader entry: ����&amp;#0;&amp;#0;&amp;#0;1&amp;#0;e
DEBUG - Find JAR URL: file:/D:/IntelliJ%20IDEA/IdeaProjects/decorationsystem/target/classes/com/sise/po/SearchContract.class
DEBUG - Not a JAR: file:/D:/IntelliJ%20IDEA/IdeaProjects/decorationsystem/target/classes/com/sise/po/SearchContract.class
DEBUG - Reader entry: ����&amp;#0;&amp;#0;&amp;#0;1&amp;#0;J
DEBUG - Find JAR URL: file:/D:/IntelliJ%20IDEA/IdeaProjects/decorationsystem/target/classes/com/sise/po/SearchDesignerpic.class
DEBUG - Not a JAR: file:/D:/IntelliJ%20IDEA/IdeaProjects/decorationsystem/target/classes/com/sise/po/SearchDesignerpic.class
DEBUG - Reader entry: ����&amp;#0;&amp;#0;&amp;#0;1&amp;#0;V
DEBUG - Find JAR URL: file:/D:/IntelliJ%20IDEA/IdeaProjects/decorationsystem/target/classes/com/sise/po/SearchDesignerShow.class
DEBUG - Not a JAR: file:/D:/IntelliJ%20IDEA/IdeaProjects/decorationsystem/target/classes/com/sise/po/SearchDesignerShow.class
DEBUG - Reader entry: ����&amp;#0;&amp;#0;&amp;#0;1&amp;#0;N
DEBUG - Find JAR URL: file:/D:/IntelliJ%20IDEA/IdeaProjects/decorationsystem/target/classes/com/sise/po/SearchHousepic.class
DEBUG - Not a JAR: file:/D:/IntelliJ%20IDEA/IdeaProjects/decorationsystem/target/classes/com/sise/po/SearchHousepic.class
DEBUG - Reader entry: ����&amp;#0;&amp;#0;&amp;#0;1&amp;#0;Q
DEBUG - Find JAR URL: file:/D:/IntelliJ%20IDEA/IdeaProjects/decorationsystem/target/classes/com/sise/po/SearchMaterial.class
DEBUG - Not a JAR: file:/D:/IntelliJ%20IDEA/IdeaProjects/decorationsystem/target/classes/com/sise/po/SearchMaterial.class
DEBUG - Reader entry: ����&amp;#0;&amp;#0;&amp;#0;1&amp;#0;C
DEBUG - Find JAR URL: file:/D:/IntelliJ%20IDEA/IdeaProjects/decorationsystem/target/classes/com/sise/po/TrackingInfo.class
DEBUG - Not a JAR: file:/D:/IntelliJ%20IDEA/IdeaProjects/decorationsystem/target/classes/com/sise/po/TrackingInfo.class
DEBUG - Reader entry: ����&amp;#0;&amp;#0;&amp;#0;1&amp;#0;?
DEBUG - Checking to see if class com.sise.po.Appointment matches criteria [is assignable to Object]
DEBUG - Checking to see if class com.sise.po.AreaType matches criteria [is assignable to Object]
DEBUG - Checking to see if class com.sise.po.CancelTable matches criteria [is assignable to Object]
DEBUG - Checking to see if class com.sise.po.City matches criteria [is assignable to Object]
DEBUG - Checking to see if class com.sise.po.CollectionShow matches criteria [is assignable to Object]
DEBUG - Checking to see if class com.sise.po.Consumer matches criteria [is assignable to Object]
DEBUG - Checking to see if class com.sise.po.Contract matches criteria [is assignable to Object]
DEBUG - Checking to see if class com.sise.po.ContractFile matches criteria [is assignable to Object]
DEBUG - Checking to see if class com.sise.po.DecorationMode matches criteria [is assignable to Object]
DEBUG - Checking to see if class com.sise.po.DecorationStyle matches criteria [is assignable to Object]
DEBUG - Checking to see if class com.sise.po.Department matches criteria [is assignable to Object]
DEBUG - Checking to see if class com.sise.po.Deposit matches criteria [is assignable to Object]
DEBUG - Checking to see if class com.sise.po.Designerpic matches criteria [is assignable to Object]
DEBUG - Checking to see if class com.sise.po.DesignerpicFile matches criteria [is assignable to Object]
DEBUG - Checking to see if class com.sise.po.DesignerShow matches criteria [is assignable to Object]
DEBUG - Checking to see if class com.sise.po.DesignerShowpic matches criteria [is assignable to Object]
DEBUG - Checking to see if class com.sise.po.Employee matches criteria [is assignable to Object]
DEBUG - Checking to see if class com.sise.po.Guarantee matches criteria [is assignable to Object]
DEBUG - Checking to see if class com.sise.po.Housepic matches criteria [is assignable to Object]
DEBUG - Checking to see if class com.sise.po.HousepicFile matches criteria [is assignable to Object]
DEBUG - Checking to see if class com.sise.po.HouseType matches criteria [is assignable to Object]
DEBUG - Checking to see if class com.sise.po.InspectionReport matches criteria [is assignable to Object]
DEBUG - Checking to see if class com.sise.po.InspectionReportPic matches criteria [is assignable to Object]
DEBUG - Checking to see if class com.sise.po.Job matches criteria [is assignable to Object]
DEBUG - Checking to see if class com.sise.po.Material matches criteria [is assignable to Object]
DEBUG - Checking to see if class com.sise.po.MaterialClazz matches criteria [is assignable to Object]
DEBUG - Checking to see if class com.sise.po.MaterialFile matches criteria [is assignable to Object]
DEBUG - Checking to see if class com.sise.po.MaterialOffer matches criteria [is assignable to Object]
DEBUG - Checking to see if class com.sise.po.MaterialSmallclazz matches criteria [is assignable to Object]
DEBUG - Checking to see if class com.sise.po.Message matches criteria [is assignable to Object]
DEBUG - Checking to see if class com.sise.po.MyAuth matches criteria [is assignable to Object]
DEBUG - Checking to see if class com.sise.po.Permission matches criteria [is assignable to Object]
DEBUG - Checking to see if class com.sise.po.Praise matches criteria [is assignable to Object]
DEBUG - Checking to see if class com.sise.po.ProgressContent matches criteria [is assignable to Object]
DEBUG - Checking to see if class com.sise.po.ProjectTime matches criteria [is assignable to Object]
DEBUG - Checking to see if class com.sise.po.Province matches criteria [is assignable to Object]
DEBUG - Checking to see if class com.sise.po.RegistrationTable matches criteria [is assignable to Object]
DEBUG - Checking to see if class com.sise.po.SearchContent matches criteria [is assignable to Object]
DEBUG - Checking to see if class com.sise.po.SearchContract matches criteria [is assignable to Object]
DEBUG - Checking to see if class com.sise.po.SearchDesignerpic matches criteria [is assignable to Object]
DEBUG - Checking to see if class com.sise.po.SearchDesignerShow matches criteria [is assignable to Object]
DEBUG - Checking to see if class com.sise.po.SearchHousepic matches criteria [is assignable to Object]
DEBUG - Checking to see if class com.sise.po.SearchMaterial matches criteria [is assignable to Object]
DEBUG - Checking to see if class com.sise.po.TrackingInfo matches criteria [is assignable to Object]
DEBUG - Scanned package: &apos;com.sise.po&apos; for aliases
DEBUG - Logging initialized using &apos;class org.apache.ibatis.logging.log4j.Log4jImpl&apos; adapter.
DEBUG - Parsed configuration file: &apos;class path resource [ssm/mybatisConfig.xml]&apos;
DEBUG - Parsed mapper file: &apos;file [D:\IntelliJ IDEA\IdeaProjects\decorationsystem\target\classes\com\sise\dao\AppointmentDao.xml]&apos;
DEBUG - Parsed mapper file: &apos;file [D:\IntelliJ IDEA\IdeaProjects\decorationsystem\target\classes\com\sise\dao\AreaTypeDao.xml]&apos;
DEBUG - Parsed mapper file: &apos;file [D:\IntelliJ IDEA\IdeaProjects\decorationsystem\target\classes\com\sise\dao\CancelTableDao.xml]&apos;
DEBUG - Parsed mapper file: &apos;file [D:\IntelliJ IDEA\IdeaProjects\decorationsystem\target\classes\com\sise\dao\ConsumerDao.xml]&apos;
DEBUG - Parsed mapper file: &apos;file [D:\IntelliJ IDEA\IdeaProjects\decorationsystem\target\classes\com\sise\dao\ContractDao.xml]&apos;
DEBUG - Parsed mapper file: &apos;file [D:\IntelliJ IDEA\IdeaProjects\decorationsystem\target\classes\com\sise\dao\DecorationModeDao.xml]&apos;
DEBUG - Parsed mapper file: &apos;file [D:\IntelliJ IDEA\IdeaProjects\decorationsystem\target\classes\com\sise\dao\DecorationStyleDao.xml]&apos;
DEBUG - Parsed mapper file: &apos;file [D:\IntelliJ IDEA\IdeaProjects\decorationsystem\target\classes\com\sise\dao\DepositDao.xml]&apos;
DEBUG - Parsed mapper file: &apos;file [D:\IntelliJ IDEA\IdeaProjects\decorationsystem\target\classes\com\sise\dao\DesignerpicDao.xml]&apos;
DEBUG - Parsed mapper file: &apos;file [D:\IntelliJ IDEA\IdeaProjects\decorationsystem\target\classes\com\sise\dao\DesignerShowDao.xml]&apos;
DEBUG - Parsed mapper file: &apos;file [D:\IntelliJ IDEA\IdeaProjects\decorationsystem\target\classes\com\sise\dao\EmployeeDao.xml]&apos;
DEBUG - Parsed mapper file: &apos;file [D:\IntelliJ IDEA\IdeaProjects\decorationsystem\target\classes\com\sise\dao\GuaranteeDao.xml]&apos;
DEBUG - Parsed mapper file: &apos;file [D:\IntelliJ IDEA\IdeaProjects\decorationsystem\target\classes\com\sise\dao\HousepicDao.xml]&apos;
DEBUG - Parsed mapper file: &apos;file [D:\IntelliJ IDEA\IdeaProjects\decorationsystem\target\classes\com\sise\dao\HouseTypeDao.xml]&apos;
DEBUG - Parsed mapper file: &apos;file [D:\IntelliJ IDEA\IdeaProjects\decorationsystem\target\classes\com\sise\dao\InspectionReportDao.xml]&apos;
DEBUG - Parsed mapper file: &apos;file [D:\IntelliJ IDEA\IdeaProjects\decorationsystem\target\classes\com\sise\dao\LoginDao.xml]&apos;
DEBUG - Parsed mapper file: &apos;file [D:\IntelliJ IDEA\IdeaProjects\decorationsystem\target\classes\com\sise\dao\MaterialClazzDao.xml]&apos;
DEBUG - Parsed mapper file: &apos;file [D:\IntelliJ IDEA\IdeaProjects\decorationsystem\target\classes\com\sise\dao\MaterialDao.xml]&apos;
DEBUG - Parsed mapper file: &apos;file [D:\IntelliJ IDEA\IdeaProjects\decorationsystem\target\classes\com\sise\dao\MaterialOfferDao.xml]&apos;
DEBUG - Parsed mapper file: &apos;file [D:\IntelliJ IDEA\IdeaProjects\decorationsystem\target\classes\com\sise\dao\MaterialSmallclazzDao.xml]&apos;
DEBUG - Parsed mapper file: &apos;file [D:\IntelliJ IDEA\IdeaProjects\decorationsystem\target\classes\com\sise\dao\ProjectTimeDao.xml]&apos;
DEBUG - Parsed mapper file: &apos;file [D:\IntelliJ IDEA\IdeaProjects\decorationsystem\target\classes\com\sise\dao\RegistrationTableDao.xml]&apos;
DEBUG - Parsed mapper file: &apos;file [D:\IntelliJ IDEA\IdeaProjects\decorationsystem\target\classes\com\sise\dao\TrackingInfoDao.xml]&apos;
DEBUG - Returning cached instance of singleton bean &apos;org.springframework.transaction.config.internalTransactionAdvisor&apos;
DEBUG - Finished creating instance of bean &apos;sqlSessionFactory&apos;
DEBUG - Returning cached instance of singleton bean &apos;org.springframework.transaction.config.internalTransactionAdvisor&apos;
DEBUG - Autowiring by type from bean name &apos;appointmentDao&apos; via property &apos;sqlSessionFactory&apos; to bean named &apos;sqlSessionFactory&apos;
DEBUG - Invoking afterPropertiesSet() on bean with name &apos;appointmentDao&apos;
DEBUG - Returning cached instance of singleton bean &apos;org.springframework.transaction.config.internalTransactionAdvisor&apos;
DEBUG - Finished creating instance of bean &apos;appointmentDao&apos;
DEBUG - Creating shared instance of singleton bean &apos;areaTypeDao&apos;
DEBUG - Creating instance of bean &apos;areaTypeDao&apos;
DEBUG - Eagerly caching bean &apos;areaTypeDao&apos; to allow for resolving potential circular references
DEBUG - Returning cached instance of singleton bean &apos;sqlSessionFactory&apos;
DEBUG - Autowiring by type from bean name &apos;areaTypeDao&apos; via property &apos;sqlSessionFactory&apos; to bean named &apos;sqlSessionFactory&apos;
DEBUG - Invoking afterPropertiesSet() on bean with name &apos;areaTypeDao&apos;
DEBUG - Returning cached instance of singleton bean &apos;org.springframework.transaction.config.internalTransactionAdvisor&apos;
DEBUG - Finished creating instance of bean &apos;areaTypeDao&apos;
DEBUG - Creating shared instance of singleton bean &apos;cancelTableDao&apos;
DEBUG - Creating instance of bean &apos;cancelTableDao&apos;
DEBUG - Eagerly caching bean &apos;cancelTableDao&apos; to allow for resolving potential circular references
DEBUG - Returning cached instance of singleton bean &apos;sqlSessionFactory&apos;
DEBUG - Autowiring by type from bean name &apos;cancelTableDao&apos; via property &apos;sqlSessionFactory&apos; to bean named &apos;sqlSessionFactory&apos;
DEBUG - Invoking afterPropertiesSet() on bean with name &apos;cancelTableDao&apos;
DEBUG - Returning cached instance of singleton bean &apos;org.springframework.transaction.config.internalTransactionAdvisor&apos;
DEBUG - Finished creating instance of bean &apos;cancelTableDao&apos;
DEBUG - Creating shared instance of singleton bean &apos;consumerDao&apos;
DEBUG - Creating instance of bean &apos;consumerDao&apos;
DEBUG - Eagerly caching bean &apos;consumerDao&apos; to allow for resolving potential circular references
DEBUG - Returning cached instance of singleton bean &apos;sqlSessionFactory&apos;
DEBUG - Autowiring by type from bean name &apos;consumerDao&apos; via property &apos;sqlSessionFactory&apos; to bean named &apos;sqlSessionFactory&apos;
DEBUG - Invoking afterPropertiesSet() on bean with name &apos;consumerDao&apos;
DEBUG - Returning cached instance of singleton bean &apos;org.springframework.transaction.config.internalTransactionAdvisor&apos;
DEBUG - Finished creating instance of bean &apos;consumerDao&apos;
DEBUG - Creating shared instance of singleton bean &apos;contractDao&apos;
DEBUG - Creating instance of bean &apos;contractDao&apos;
DEBUG - Eagerly caching bean &apos;contractDao&apos; to allow for resolving potential circular references
DEBUG - Returning cached instance of singleton bean &apos;sqlSessionFactory&apos;
DEBUG - Autowiring by type from bean name &apos;contractDao&apos; via property &apos;sqlSessionFactory&apos; to bean named &apos;sqlSessionFactory&apos;
DEBUG - Invoking afterPropertiesSet() on bean with name &apos;contractDao&apos;
DEBUG - Returning cached instance of singleton bean &apos;org.springframework.transaction.config.internalTransactionAdvisor&apos;
DEBUG - Finished creating instance of bean &apos;contractDao&apos;
DEBUG - Creating shared instance of singleton bean &apos;decorationModeDao&apos;
DEBUG - Creating instance of bean &apos;decorationModeDao&apos;
DEBUG - Eagerly caching bean &apos;decorationModeDao&apos; to allow for resolving potential circular references
DEBUG - Returning cached instance of singleton bean &apos;sqlSessionFactory&apos;
DEBUG - Autowiring by type from bean name &apos;decorationModeDao&apos; via property &apos;sqlSessionFactory&apos; to bean named &apos;sqlSessionFactory&apos;
DEBUG - Invoking afterPropertiesSet() on bean with name &apos;decorationModeDao&apos;
DEBUG - Returning cached instance of singleton bean &apos;org.springframework.transaction.config.internalTransactionAdvisor&apos;
DEBUG - Finished creating instance of bean &apos;decorationModeDao&apos;
DEBUG - Creating shared instance of singleton bean &apos;decorationStyleDao&apos;
DEBUG - Creating instance of bean &apos;decorationStyleDao&apos;
DEBUG - Eagerly caching bean &apos;decorationStyleDao&apos; to allow for resolving potential circular references
DEBUG - Returning cached instance of singleton bean &apos;sqlSessionFactory&apos;
DEBUG - Autowiring by type from bean name &apos;decorationStyleDao&apos; via property &apos;sqlSessionFactory&apos; to bean named &apos;sqlSessionFactory&apos;
DEBUG - Invoking afterPropertiesSet() on bean with name &apos;decorationStyleDao&apos;
DEBUG - Returning cached instance of singleton bean &apos;org.springframework.transaction.config.internalTransactionAdvisor&apos;
DEBUG - Finished creating instance of bean &apos;decorationStyleDao&apos;
DEBUG - Creating shared instance of singleton bean &apos;depositDao&apos;
DEBUG - Creating instance of bean &apos;depositDao&apos;
DEBUG - Eagerly caching bean &apos;depositDao&apos; to allow for resolving potential circular references
DEBUG - Returning cached instance of singleton bean &apos;sqlSessionFactory&apos;
DEBUG - Autowiring by type from bean name &apos;depositDao&apos; via property &apos;sqlSessionFactory&apos; to bean named &apos;sqlSessionFactory&apos;
DEBUG - Invoking afterPropertiesSet() on bean with name &apos;depositDao&apos;
DEBUG - Returning cached instance of singleton bean &apos;org.springframework.transaction.config.internalTransactionAdvisor&apos;
DEBUG - Finished creating instance of bean &apos;depositDao&apos;
DEBUG - Creating shared instance of singleton bean &apos;designerpicDao&apos;
DEBUG - Creating instance of bean &apos;designerpicDao&apos;
DEBUG - Eagerly caching bean &apos;designerpicDao&apos; to allow for resolving potential circular references
DEBUG - Returning cached instance of singleton bean &apos;sqlSessionFactory&apos;
DEBUG - Autowiring by type from bean name &apos;designerpicDao&apos; via property &apos;sqlSessionFactory&apos; to bean named &apos;sqlSessionFactory&apos;
DEBUG - Invoking afterPropertiesSet() on bean with name &apos;designerpicDao&apos;
DEBUG - Returning cached instance of singleton bean &apos;org.springframework.transaction.config.internalTransactionAdvisor&apos;
DEBUG - Finished creating instance of bean &apos;designerpicDao&apos;
DEBUG - Creating shared instance of singleton bean &apos;designerShowDao&apos;
DEBUG - Creating instance of bean &apos;designerShowDao&apos;
DEBUG - Eagerly caching bean &apos;designerShowDao&apos; to allow for resolving potential circular references
DEBUG - Returning cached instance of singleton bean &apos;sqlSessionFactory&apos;
DEBUG - Autowiring by type from bean name &apos;designerShowDao&apos; via property &apos;sqlSessionFactory&apos; to bean named &apos;sqlSessionFactory&apos;
DEBUG - Invoking afterPropertiesSet() on bean with name &apos;designerShowDao&apos;
DEBUG - Returning cached instance of singleton bean &apos;org.springframework.transaction.config.internalTransactionAdvisor&apos;
DEBUG - Finished creating instance of bean &apos;designerShowDao&apos;
DEBUG - Creating shared instance of singleton bean &apos;employeeDao&apos;
DEBUG - Creating instance of bean &apos;employeeDao&apos;
DEBUG - Eagerly caching bean &apos;employeeDao&apos; to allow for resolving potential circular references
DEBUG - Returning cached instance of singleton bean &apos;sqlSessionFactory&apos;
DEBUG - Autowiring by type from bean name &apos;employeeDao&apos; via property &apos;sqlSessionFactory&apos; to bean named &apos;sqlSessionFactory&apos;
DEBUG - Invoking afterPropertiesSet() on bean with name &apos;employeeDao&apos;
DEBUG - Returning cached instance of singleton bean &apos;org.springframework.transaction.config.internalTransactionAdvisor&apos;
DEBUG - Finished creating instance of bean &apos;employeeDao&apos;
DEBUG - Creating shared instance of singleton bean &apos;guaranteeDao&apos;
DEBUG - Creating instance of bean &apos;guaranteeDao&apos;
DEBUG - Eagerly caching bean &apos;guaranteeDao&apos; to allow for resolving potential circular references
DEBUG - Returning cached instance of singleton bean &apos;sqlSessionFactory&apos;
DEBUG - Autowiring by type from bean name &apos;guaranteeDao&apos; via property &apos;sqlSessionFactory&apos; to bean named &apos;sqlSessionFactory&apos;
DEBUG - Invoking afterPropertiesSet() on bean with name &apos;guaranteeDao&apos;
DEBUG - Returning cached instance of singleton bean &apos;org.springframework.transaction.config.internalTransactionAdvisor&apos;
DEBUG - Finished creating instance of bean &apos;guaranteeDao&apos;
DEBUG - Creating shared instance of singleton bean &apos;housepicDao&apos;
DEBUG - Creating instance of bean &apos;housepicDao&apos;
DEBUG - Eagerly caching bean &apos;housepicDao&apos; to allow for resolving potential circular references
DEBUG - Returning cached instance of singleton bean &apos;sqlSessionFactory&apos;
DEBUG - Autowiring by type from bean name &apos;housepicDao&apos; via property &apos;sqlSessionFactory&apos; to bean named &apos;sqlSessionFactory&apos;
DEBUG - Invoking afterPropertiesSet() on bean with name &apos;housepicDao&apos;
DEBUG - Returning cached instance of singleton bean &apos;org.springframework.transaction.config.internalTransactionAdvisor&apos;
DEBUG - Finished creating instance of bean &apos;housepicDao&apos;
DEBUG - Creating shared instance of singleton bean &apos;houseTypeDao&apos;
DEBUG - Creating instance of bean &apos;houseTypeDao&apos;
DEBUG - Eagerly caching bean &apos;houseTypeDao&apos; to allow for resolving potential circular references
DEBUG - Returning cached instance of singleton bean &apos;sqlSessionFactory&apos;
DEBUG - Autowiring by type from bean name &apos;houseTypeDao&apos; via property &apos;sqlSessionFactory&apos; to bean named &apos;sqlSessionFactory&apos;
DEBUG - Invoking afterPropertiesSet() on bean with name &apos;houseTypeDao&apos;
DEBUG - Returning cached instance of singleton bean &apos;org.springframework.transaction.config.internalTransactionAdvisor&apos;
DEBUG - Finished creating instance of bean &apos;houseTypeDao&apos;
DEBUG - Creating shared instance of singleton bean &apos;inspectionReportDao&apos;
DEBUG - Creating instance of bean &apos;inspectionReportDao&apos;
DEBUG - Eagerly caching bean &apos;inspectionReportDao&apos; to allow for resolving potential circular references
DEBUG - Returning cached instance of singleton bean &apos;sqlSessionFactory&apos;
DEBUG - Autowiring by type from bean name &apos;inspectionReportDao&apos; via property &apos;sqlSessionFactory&apos; to bean named &apos;sqlSessionFactory&apos;
DEBUG - Invoking afterPropertiesSet() on bean with name &apos;inspectionReportDao&apos;
DEBUG - Returning cached instance of singleton bean &apos;org.springframework.transaction.config.internalTransactionAdvisor&apos;
DEBUG - Finished creating instance of bean &apos;inspectionReportDao&apos;
DEBUG - Creating shared instance of singleton bean &apos;loginDao&apos;
DEBUG - Creating instance of bean &apos;loginDao&apos;
DEBUG - Eagerly caching bean &apos;loginDao&apos; to allow for resolving potential circular references
DEBUG - Returning cached instance of singleton bean &apos;sqlSessionFactory&apos;
DEBUG - Autowiring by type from bean name &apos;loginDao&apos; via property &apos;sqlSessionFactory&apos; to bean named &apos;sqlSessionFactory&apos;
DEBUG - Invoking afterPropertiesSet() on bean with name &apos;loginDao&apos;
DEBUG - Returning cached instance of singleton bean &apos;org.springframework.transaction.config.internalTransactionAdvisor&apos;
DEBUG - Finished creating instance of bean &apos;loginDao&apos;
DEBUG - Creating shared instance of singleton bean &apos;materialClazzDao&apos;
DEBUG - Creating instance of bean &apos;materialClazzDao&apos;
DEBUG - Eagerly caching bean &apos;materialClazzDao&apos; to allow for resolving potential circular references
DEBUG - Returning cached instance of singleton bean &apos;sqlSessionFactory&apos;
DEBUG - Autowiring by type from bean name &apos;materialClazzDao&apos; via property &apos;sqlSessionFactory&apos; to bean named &apos;sqlSessionFactory&apos;
DEBUG - Invoking afterPropertiesSet() on bean with name &apos;materialClazzDao&apos;
DEBUG - Returning cached instance of singleton bean &apos;org.springframework.transaction.config.internalTransactionAdvisor&apos;
DEBUG - Finished creating instance of bean &apos;materialClazzDao&apos;
DEBUG - Creating shared instance of singleton bean &apos;materialDao&apos;
DEBUG - Creating instance of bean &apos;materialDao&apos;
DEBUG - Eagerly caching bean &apos;materialDao&apos; to allow for resolving potential circular references
DEBUG - Returning cached instance of singleton bean &apos;sqlSessionFactory&apos;
DEBUG - Autowiring by type from bean name &apos;materialDao&apos; via property &apos;sqlSessionFactory&apos; to bean named &apos;sqlSessionFactory&apos;
DEBUG - Invoking afterPropertiesSet() on bean with name &apos;materialDao&apos;
DEBUG - Returning cached instance of singleton bean &apos;org.springframework.transaction.config.internalTransactionAdvisor&apos;
DEBUG - Finished creating instance of bean &apos;materialDao&apos;
DEBUG - Creating shared instance of singleton bean &apos;materialOfferDao&apos;
DEBUG - Creating instance of bean &apos;materialOfferDao&apos;
DEBUG - Eagerly caching bean &apos;materialOfferDao&apos; to allow for resolving potential circular references
DEBUG - Returning cached instance of singleton bean &apos;sqlSessionFactory&apos;
DEBUG - Autowiring by type from bean name &apos;materialOfferDao&apos; via property &apos;sqlSessionFactory&apos; to bean named &apos;sqlSessionFactory&apos;
DEBUG - Invoking afterPropertiesSet() on bean with name &apos;materialOfferDao&apos;
DEBUG - Returning cached instance of singleton bean &apos;org.springframework.transaction.config.internalTransactionAdvisor&apos;
DEBUG - Finished creating instance of bean &apos;materialOfferDao&apos;
DEBUG - Creating shared instance of singleton bean &apos;materialSmallclazzDao&apos;
DEBUG - Creating instance of bean &apos;materialSmallclazzDao&apos;
DEBUG - Eagerly caching bean &apos;materialSmallclazzDao&apos; to allow for resolving potential circular references
DEBUG - Returning cached instance of singleton bean &apos;sqlSessionFactory&apos;
DEBUG - Autowiring by type from bean name &apos;materialSmallclazzDao&apos; via property &apos;sqlSessionFactory&apos; to bean named &apos;sqlSessionFactory&apos;
DEBUG - Invoking afterPropertiesSet() on bean with name &apos;materialSmallclazzDao&apos;
DEBUG - Returning cached instance of singleton bean &apos;org.springframework.transaction.config.internalTransactionAdvisor&apos;
DEBUG - Finished creating instance of bean &apos;materialSmallclazzDao&apos;
DEBUG - Creating shared instance of singleton bean &apos;projectTimeDao&apos;
DEBUG - Creating instance of bean &apos;projectTimeDao&apos;
DEBUG - Eagerly caching bean &apos;projectTimeDao&apos; to allow for resolving potential circular references
DEBUG - Returning cached instance of singleton bean &apos;sqlSessionFactory&apos;
DEBUG - Autowiring by type from bean name &apos;projectTimeDao&apos; via property &apos;sqlSessionFactory&apos; to bean named &apos;sqlSessionFactory&apos;
DEBUG - Invoking afterPropertiesSet() on bean with name &apos;projectTimeDao&apos;
DEBUG - Returning cached instance of singleton bean &apos;org.springframework.transaction.config.internalTransactionAdvisor&apos;
DEBUG - Finished creating instance of bean &apos;projectTimeDao&apos;
DEBUG - Creating shared instance of singleton bean &apos;registrationTableDao&apos;
DEBUG - Creating instance of bean &apos;registrationTableDao&apos;
DEBUG - Eagerly caching bean &apos;registrationTableDao&apos; to allow for resolving potential circular references
DEBUG - Returning cached instance of singleton bean &apos;sqlSessionFactory&apos;
DEBUG - Autowiring by type from bean name &apos;registrationTableDao&apos; via property &apos;sqlSessionFactory&apos; to bean named &apos;sqlSessionFactory&apos;
DEBUG - Invoking afterPropertiesSet() on bean with name &apos;registrationTableDao&apos;
DEBUG - Returning cached instance of singleton bean &apos;org.springframework.transaction.config.internalTransactionAdvisor&apos;
DEBUG - Finished creating instance of bean &apos;registrationTableDao&apos;
DEBUG - Creating shared instance of singleton bean &apos;trackingInfoDao&apos;
DEBUG - Creating instance of bean &apos;trackingInfoDao&apos;
DEBUG - Eagerly caching bean &apos;trackingInfoDao&apos; to allow for resolving potential circular references
DEBUG - Returning cached instance of singleton bean &apos;sqlSessionFactory&apos;
DEBUG - Autowiring by type from bean name &apos;trackingInfoDao&apos; via property &apos;sqlSessionFactory&apos; to bean named &apos;sqlSessionFactory&apos;
DEBUG - Invoking afterPropertiesSet() on bean with name &apos;trackingInfoDao&apos;
DEBUG - Returning cached instance of singleton bean &apos;org.springframework.transaction.config.internalTransactionAdvisor&apos;
DEBUG - Finished creating instance of bean &apos;trackingInfoDao&apos;
DEBUG - Returning cached instance of singleton bean &apos;org.springframework.context.annotation.internalConfigurationAnnotationProcessor&apos;
DEBUG - Returning cached instance of singleton bean &apos;org.springframework.context.annotation.internalAutowiredAnnotationProcessor&apos;
DEBUG - Returning cached instance of singleton bean &apos;org.springframework.context.annotation.internalRequiredAnnotationProcessor&apos;
DEBUG - Returning cached instance of singleton bean &apos;org.springframework.context.annotation.internalCommonAnnotationProcessor&apos;
DEBUG - Creating shared instance of singleton bean &apos;org.springframework.context.event.internalEventListenerProcessor&apos;
DEBUG - Creating instance of bean &apos;org.springframework.context.event.internalEventListenerProcessor&apos;
DEBUG - Eagerly caching bean &apos;org.springframework.context.event.internalEventListenerProcessor&apos; to allow for resolving potential circular references
DEBUG - Returning cached instance of singleton bean &apos;org.springframework.transaction.config.internalTransactionAdvisor&apos;
DEBUG - Finished creating instance of bean &apos;org.springframework.context.event.internalEventListenerProcessor&apos;
DEBUG - Creating shared instance of singleton bean &apos;org.springframework.context.event.internalEventListenerFactory&apos;
DEBUG - Creating instance of bean &apos;org.springframework.context.event.internalEventListenerFactory&apos;
DEBUG - Eagerly caching bean &apos;org.springframework.context.event.internalEventListenerFactory&apos; to allow for resolving potential circular references
DEBUG - Returning cached instance of singleton bean &apos;org.springframework.transaction.config.internalTransactionAdvisor&apos;
DEBUG - Finished creating instance of bean &apos;org.springframework.context.event.internalEventListenerFactory&apos;
DEBUG - Creating shared instance of singleton bean &apos;common_ContractController&apos;
DEBUG - Creating instance of bean &apos;common_ContractController&apos;
DEBUG - Registered injected element on class [com.sise.controller.Common_ContractController]: AutowiredFieldElement for private com.sise.service.RegistrationTableService com.sise.controller.Common_ContractController.registrationTableService
DEBUG - Registered injected element on class [com.sise.controller.Common_ContractController]: AutowiredFieldElement for private com.sise.service.ContractService com.sise.controller.Common_ContractController.contractService
DEBUG - Registered injected element on class [com.sise.controller.Common_ContractController]: AutowiredFieldElement for private com.sise.service.ConsumerService com.sise.controller.Common_ContractController.consumerService
DEBUG - Registered injected element on class [com.sise.controller.Common_ContractController]: AutowiredFieldElement for private com.sise.service.ProjectTimeService com.sise.controller.Common_ContractController.projectTimeService
DEBUG - Registered injected element on class [com.sise.controller.Common_ContractController]: AutowiredFieldElement for private com.sise.service.InspectionReportService com.sise.controller.Common_ContractController.inspectionReportService
DEBUG - Registered injected element on class [com.sise.controller.Common_ContractController]: AutowiredFieldElement for private com.sise.service.GuaranteeService com.sise.controller.Common_ContractController.guaranteeService
DEBUG - Eagerly caching bean &apos;common_ContractController&apos; to allow for resolving potential circular references
DEBUG - Processing injected element of bean &apos;common_ContractController&apos;: AutowiredFieldElement for private com.sise.service.RegistrationTableService com.sise.controller.Common_ContractController.registrationTableService
DEBUG - Creating shared instance of singleton bean &apos;registrationTableServiceImpl&apos;
DEBUG - Creating instance of bean &apos;registrationTableServiceImpl&apos;
DEBUG - Registered injected element on class [com.sise.service.serviceimpl.RegistrationTableServiceImpl]: AutowiredFieldElement for private com.sise.dao.RegistrationTableDao com.sise.service.serviceimpl.RegistrationTableServiceImpl.registrationTableDao
DEBUG - Registered injected element on class [com.sise.service.serviceimpl.RegistrationTableServiceImpl]: AutowiredFieldElement for private com.sise.dao.EmployeeDao com.sise.service.serviceimpl.RegistrationTableServiceImpl.employeeDao
DEBUG - Eagerly caching bean &apos;registrationTableServiceImpl&apos; to allow for resolving potential circular references
DEBUG - Processing injected element of bean &apos;registrationTableServiceImpl&apos;: AutowiredFieldElement for private com.sise.dao.RegistrationTableDao com.sise.service.serviceimpl.RegistrationTableServiceImpl.registrationTableDao
DEBUG - Returning cached instance of singleton bean &apos;registrationTableDao&apos;
DEBUG - Returning cached instance of singleton bean &apos;org.springframework.transaction.config.internalTransactionAdvisor&apos;
DEBUG - Autowiring by type from bean name &apos;registrationTableServiceImpl&apos; to bean named &apos;registrationTableDao&apos;
DEBUG - Processing injected element of bean &apos;registrationTableServiceImpl&apos;: AutowiredFieldElement for private com.sise.dao.EmployeeDao com.sise.service.serviceimpl.RegistrationTableServiceImpl.employeeDao
DEBUG - Returning cached instance of singleton bean &apos;employeeDao&apos;
DEBUG - Returning cached instance of singleton bean &apos;org.springframework.transaction.config.internalTransactionAdvisor&apos;
DEBUG - Autowiring by type from bean name &apos;registrationTableServiceImpl&apos; to bean named &apos;employeeDao&apos;
DEBUG - Returning cached instance of singleton bean &apos;org.springframework.transaction.config.internalTransactionAdvisor&apos;
DEBUG - Finished creating instance of bean &apos;registrationTableServiceImpl&apos;
DEBUG - Autowiring by type from bean name &apos;common_ContractController&apos; to bean named &apos;registrationTableServiceImpl&apos;
DEBUG - Processing injected element of bean &apos;common_ContractController&apos;: AutowiredFieldElement for private com.sise.service.ContractService com.sise.controller.Common_ContractController.contractService
DEBUG - Creating shared instance of singleton bean &apos;contractServiceImpl&apos;
DEBUG - Creating instance of bean &apos;contractServiceImpl&apos;
DEBUG - Registered injected element on class [com.sise.service.serviceimpl.ContractServiceImpl]: AutowiredFieldElement for private com.sise.dao.ContractDao com.sise.service.serviceimpl.ContractServiceImpl.contractDao
DEBUG - Eagerly caching bean &apos;contractServiceImpl&apos; to allow for resolving potential circular references
DEBUG - Processing injected element of bean &apos;contractServiceImpl&apos;: AutowiredFieldElement for private com.sise.dao.ContractDao com.sise.service.serviceimpl.ContractServiceImpl.contractDao
DEBUG - Returning cached instance of singleton bean &apos;contractDao&apos;
DEBUG - Returning cached instance of singleton bean &apos;org.springframework.transaction.config.internalTransactionAdvisor&apos;
DEBUG - Autowiring by type from bean name &apos;contractServiceImpl&apos; to bean named &apos;contractDao&apos;
DEBUG - Returning cached instance of singleton bean &apos;org.springframework.transaction.config.internalTransactionAdvisor&apos;
DEBUG - Finished creating instance of bean &apos;contractServiceImpl&apos;
DEBUG - Autowiring by type from bean name &apos;common_ContractController&apos; to bean named &apos;contractServiceImpl&apos;
DEBUG - Processing injected element of bean &apos;common_ContractController&apos;: AutowiredFieldElement for private com.sise.service.ConsumerService com.sise.controller.Common_ContractController.consumerService
DEBUG - Creating shared instance of singleton bean &apos;consumerServiceImpl&apos;
DEBUG - Creating instance of bean &apos;consumerServiceImpl&apos;
DEBUG - Registered injected element on class [com.sise.service.serviceimpl.ConsumerServiceImpl]: AutowiredFieldElement for private com.sise.dao.ConsumerDao com.sise.service.serviceimpl.ConsumerServiceImpl.consumerDao
DEBUG - Eagerly caching bean &apos;consumerServiceImpl&apos; to allow for resolving potential circular references
DEBUG - Processing injected element of bean &apos;consumerServiceImpl&apos;: AutowiredFieldElement for private com.sise.dao.ConsumerDao com.sise.service.serviceimpl.ConsumerServiceImpl.consumerDao
DEBUG - Returning cached instance of singleton bean &apos;consumerDao&apos;
DEBUG - Returning cached instance of singleton bean &apos;org.springframework.transaction.config.internalTransactionAdvisor&apos;
DEBUG - Autowiring by type from bean name &apos;consumerServiceImpl&apos; to bean named &apos;consumerDao&apos;
DEBUG - Returning cached instance of singleton bean &apos;org.springframework.transaction.config.internalTransactionAdvisor&apos;
DEBUG - Finished creating instance of bean &apos;consumerServiceImpl&apos;
DEBUG - Autowiring by type from bean name &apos;common_ContractController&apos; to bean named &apos;consumerServiceImpl&apos;
DEBUG - Processing injected element of bean &apos;common_ContractController&apos;: AutowiredFieldElement for private com.sise.service.ProjectTimeService com.sise.controller.Common_ContractController.projectTimeService
DEBUG - Creating shared instance of singleton bean &apos;projectTimeServiceImpl&apos;
DEBUG - Creating instance of bean &apos;projectTimeServiceImpl&apos;
DEBUG - Registered injected element on class [com.sise.service.serviceimpl.ProjectTimeServiceImpl]: AutowiredFieldElement for private com.sise.dao.ProjectTimeDao com.sise.service.serviceimpl.ProjectTimeServiceImpl.projectTimeDao
DEBUG - Eagerly caching bean &apos;projectTimeServiceImpl&apos; to allow for resolving potential circular references
DEBUG - Processing injected element of bean &apos;projectTimeServiceImpl&apos;: AutowiredFieldElement for private com.sise.dao.ProjectTimeDao com.sise.service.serviceimpl.ProjectTimeServiceImpl.projectTimeDao
DEBUG - Returning cached instance of singleton bean &apos;projectTimeDao&apos;
DEBUG - Returning cached instance of singleton bean &apos;org.springframework.transaction.config.internalTransactionAdvisor&apos;
DEBUG - Autowiring by type from bean name &apos;projectTimeServiceImpl&apos; to bean named &apos;projectTimeDao&apos;
DEBUG - Returning cached instance of singleton bean &apos;org.springframework.transaction.config.internalTransactionAdvisor&apos;
DEBUG - Finished creating instance of bean &apos;projectTimeServiceImpl&apos;
DEBUG - Autowiring by type from bean name &apos;common_ContractController&apos; to bean named &apos;projectTimeServiceImpl&apos;
DEBUG - Processing injected element of bean &apos;common_ContractController&apos;: AutowiredFieldElement for private com.sise.service.InspectionReportService com.sise.controller.Common_ContractController.inspectionReportService
DEBUG - Creating shared instance of singleton bean &apos;inspectionReportServiceImpl&apos;
DEBUG - Creating instance of bean &apos;inspectionReportServiceImpl&apos;
DEBUG - Registered injected element on class [com.sise.service.serviceimpl.InspectionReportServiceImpl]: AutowiredFieldElement for private com.sise.dao.InspectionReportDao com.sise.service.serviceimpl.InspectionReportServiceImpl.inspectionReportDao
DEBUG - Eagerly caching bean &apos;inspectionReportServiceImpl&apos; to allow for resolving potential circular references
DEBUG - Processing injected element of bean &apos;inspectionReportServiceImpl&apos;: AutowiredFieldElement for private com.sise.dao.InspectionReportDao com.sise.service.serviceimpl.InspectionReportServiceImpl.inspectionReportDao
DEBUG - Returning cached instance of singleton bean &apos;inspectionReportDao&apos;
DEBUG - Returning cached instance of singleton bean &apos;org.springframework.transaction.config.internalTransactionAdvisor&apos;
DEBUG - Autowiring by type from bean name &apos;inspectionReportServiceImpl&apos; to bean named &apos;inspectionReportDao&apos;
DEBUG - Returning cached instance of singleton bean &apos;org.springframework.transaction.config.internalTransactionAdvisor&apos;
DEBUG - Finished creating instance of bean &apos;inspectionReportServiceImpl&apos;
DEBUG - Autowiring by type from bean name &apos;common_ContractController&apos; to bean named &apos;inspectionReportServiceImpl&apos;
DEBUG - Processing injected element of bean &apos;common_ContractController&apos;: AutowiredFieldElement for private com.sise.service.GuaranteeService com.sise.controller.Common_ContractController.guaranteeService
DEBUG - Creating shared instance of singleton bean &apos;guaranteeServiceImpl&apos;
DEBUG - Creating instance of bean &apos;guaranteeServiceImpl&apos;
DEBUG - Registered injected element on class [com.sise.service.serviceimpl.GuaranteeServiceImpl]: AutowiredFieldElement for private com.sise.dao.GuaranteeDao com.sise.service.serviceimpl.GuaranteeServiceImpl.guaranteeDao
DEBUG - Eagerly caching bean &apos;guaranteeServiceImpl&apos; to allow for resolving potential circular references
DEBUG - Processing injected element of bean &apos;guaranteeServiceImpl&apos;: AutowiredFieldElement for private com.sise.dao.GuaranteeDao com.sise.service.serviceimpl.GuaranteeServiceImpl.guaranteeDao
DEBUG - Returning cached instance of singleton bean &apos;guaranteeDao&apos;
DEBUG - Returning cached instance of singleton bean &apos;org.springframework.transaction.config.internalTransactionAdvisor&apos;
DEBUG - Autowiring by type from bean name &apos;guaranteeServiceImpl&apos; to bean named &apos;guaranteeDao&apos;
DEBUG - Returning cached instance of singleton bean &apos;org.springframework.transaction.config.internalTransactionAdvisor&apos;
DEBUG - Finished creating instance of bean &apos;guaranteeServiceImpl&apos;
DEBUG - Autowiring by type from bean name &apos;common_ContractController&apos; to bean named &apos;guaranteeServiceImpl&apos;
DEBUG - Returning cached instance of singleton bean &apos;org.springframework.transaction.config.internalTransactionAdvisor&apos;
DEBUG - Finished creating instance of bean &apos;common_ContractController&apos;
DEBUG - Creating shared instance of singleton bean &apos;common_DepositController&apos;
DEBUG - Creating instance of bean &apos;common_DepositController&apos;
DEBUG - Registered injected element on class [com.sise.controller.Common_DepositController]: AutowiredFieldElement for private com.sise.service.RegistrationTableService com.sise.controller.Common_DepositController.registrationTableService
DEBUG - Registered injected element on class [com.sise.controller.Common_DepositController]: AutowiredFieldElement for private com.sise.service.ConsumerService com.sise.controller.Common_DepositController.consumerService
DEBUG - Registered injected element on class [com.sise.controller.Common_DepositController]: AutowiredFieldElement for private com.sise.service.AreaTypeService com.sise.controller.Common_DepositController.areaTypeService
DEBUG - Registered injected element on class [com.sise.controller.Common_DepositController]: AutowiredFieldElement for private com.sise.service.HousepicService com.sise.controller.Common_DepositController.housepicService
DEBUG - Registered injected element on class [com.sise.controller.Common_DepositController]: AutowiredFieldElement for private com.sise.service.HouseTypeService com.sise.controller.Common_DepositController.houseTypeService
DEBUG - Registered injected element on class [com.sise.controller.Common_DepositController]: AutowiredFieldElement for private com.sise.service.DecorationStyleService com.sise.controller.Common_DepositController.decorationStyleService
DEBUG - Registered injected element on class [com.sise.controller.Common_DepositController]: AutowiredFieldElement for private com.sise.service.DesignerpicService com.sise.controller.Common_DepositController.designerpicService
DEBUG - Registered injected element on class [com.sise.controller.Common_DepositController]: AutowiredFieldElement for private com.sise.service.DecorationModeService com.sise.controller.Common_DepositController.decorationModeService
DEBUG - Registered injected element on class [com.sise.controller.Common_DepositController]: AutowiredFieldElement for private com.sise.service.ContractService com.sise.controller.Common_DepositController.contractService
DEBUG - Eagerly caching bean &apos;common_DepositController&apos; to allow for resolving potential circular references
DEBUG - Processing injected element of bean &apos;common_DepositController&apos;: AutowiredFieldElement for private com.sise.service.RegistrationTableService com.sise.controller.Common_DepositController.registrationTableService
DEBUG - Returning cached instance of singleton bean &apos;registrationTableServiceImpl&apos;
DEBUG - Autowiring by type from bean name &apos;common_DepositController&apos; to bean named &apos;registrationTableServiceImpl&apos;
DEBUG - Processing injected element of bean &apos;common_DepositController&apos;: AutowiredFieldElement for private com.sise.service.ConsumerService com.sise.controller.Common_DepositController.consumerService
DEBUG - Returning cached instance of singleton bean &apos;consumerServiceImpl&apos;
DEBUG - Autowiring by type from bean name &apos;common_DepositController&apos; to bean named &apos;consumerServiceImpl&apos;
DEBUG - Processing injected element of bean &apos;common_DepositController&apos;: AutowiredFieldElement for private com.sise.service.AreaTypeService com.sise.controller.Common_DepositController.areaTypeService
DEBUG - Creating shared instance of singleton bean &apos;areaTypeServiceImpl&apos;
DEBUG - Creating instance of bean &apos;areaTypeServiceImpl&apos;
DEBUG - Registered injected element on class [com.sise.service.serviceimpl.AreaTypeServiceImpl]: AutowiredFieldElement for private com.sise.dao.AreaTypeDao com.sise.service.serviceimpl.AreaTypeServiceImpl.areaTypeDao
DEBUG - Eagerly caching bean &apos;areaTypeServiceImpl&apos; to allow for resolving potential circular references
DEBUG - Processing injected element of bean &apos;areaTypeServiceImpl&apos;: AutowiredFieldElement for private com.sise.dao.AreaTypeDao com.sise.service.serviceimpl.AreaTypeServiceImpl.areaTypeDao
DEBUG - Returning cached instance of singleton bean &apos;areaTypeDao&apos;
DEBUG - Returning cached instance of singleton bean &apos;org.springframework.transaction.config.internalTransactionAdvisor&apos;
DEBUG - Autowiring by type from bean name &apos;areaTypeServiceImpl&apos; to bean named &apos;areaTypeDao&apos;
DEBUG - Returning cached instance of singleton bean &apos;org.springframework.transaction.config.internalTransactionAdvisor&apos;
DEBUG - Finished creating instance of bean &apos;areaTypeServiceImpl&apos;
DEBUG - Autowiring by type from bean name &apos;common_DepositController&apos; to bean named &apos;areaTypeServiceImpl&apos;
DEBUG - Processing injected element of bean &apos;common_DepositController&apos;: AutowiredFieldElement for private com.sise.service.HousepicService com.sise.controller.Common_DepositController.housepicService
DEBUG - Creating shared instance of singleton bean &apos;housepicServiceImpl&apos;
DEBUG - Creating instance of bean &apos;housepicServiceImpl&apos;
DEBUG - Registered injected element on class [com.sise.service.serviceimpl.HousepicServiceImpl]: AutowiredFieldElement for private com.sise.dao.HousepicDao com.sise.service.serviceimpl.HousepicServiceImpl.housepicDao
DEBUG - Eagerly caching bean &apos;housepicServiceImpl&apos; to allow for resolving potential circular references
DEBUG - Processing injected element of bean &apos;housepicServiceImpl&apos;: AutowiredFieldElement for private com.sise.dao.HousepicDao com.sise.service.serviceimpl.HousepicServiceImpl.housepicDao
DEBUG - Returning cached instance of singleton bean &apos;housepicDao&apos;
DEBUG - Returning cached instance of singleton bean &apos;org.springframework.transaction.config.internalTransactionAdvisor&apos;
DEBUG - Autowiring by type from bean name &apos;housepicServiceImpl&apos; to bean named &apos;housepicDao&apos;
DEBUG - Returning cached instance of singleton bean &apos;org.springframework.transaction.config.internalTransactionAdvisor&apos;
DEBUG - Finished creating instance of bean &apos;housepicServiceImpl&apos;
DEBUG - Autowiring by type from bean name &apos;common_DepositController&apos; to bean named &apos;housepicServiceImpl&apos;
DEBUG - Processing injected element of bean &apos;common_DepositController&apos;: AutowiredFieldElement for private com.sise.service.HouseTypeService com.sise.controller.Common_DepositController.houseTypeService
DEBUG - Creating shared instance of singleton bean &apos;houseTypeServiceImpl&apos;
DEBUG - Creating instance of bean &apos;houseTypeServiceImpl&apos;
DEBUG - Registered injected element on class [com.sise.service.serviceimpl.HouseTypeServiceImpl]: AutowiredFieldElement for private com.sise.dao.HouseTypeDao com.sise.service.serviceimpl.HouseTypeServiceImpl.houseTypeDao
DEBUG - Eagerly caching bean &apos;houseTypeServiceImpl&apos; to allow for resolving potential circular references
DEBUG - Processing injected element of bean &apos;houseTypeServiceImpl&apos;: AutowiredFieldElement for private com.sise.dao.HouseTypeDao com.sise.service.serviceimpl.HouseTypeServiceImpl.houseTypeDao
DEBUG - Returning cached instance of singleton bean &apos;houseTypeDao&apos;
DEBUG - Returning cached instance of singleton bean &apos;org.springframework.transaction.config.internalTransactionAdvisor&apos;
DEBUG - Autowiring by type from bean name &apos;houseTypeServiceImpl&apos; to bean named &apos;houseTypeDao&apos;
DEBUG - Returning cached instance of singleton bean &apos;org.springframework.transaction.config.internalTransactionAdvisor&apos;
DEBUG - Finished creating instance of bean &apos;houseTypeServiceImpl&apos;
DEBUG - Autowiring by type from bean name &apos;common_DepositController&apos; to bean named &apos;houseTypeServiceImpl&apos;
DEBUG - Processing injected element of bean &apos;common_DepositController&apos;: AutowiredFieldElement for private com.sise.service.DecorationStyleService com.sise.controller.Common_DepositController.decorationStyleService
DEBUG - Creating shared instance of singleton bean &apos;decorationStyleServiceImpl&apos;
DEBUG - Creating instance of bean &apos;decorationStyleServiceImpl&apos;
DEBUG - Registered injected element on class [com.sise.service.serviceimpl.DecorationStyleServiceImpl]: AutowiredFieldElement for private com.sise.dao.DecorationStyleDao com.sise.service.serviceimpl.DecorationStyleServiceImpl.decorationStyleDao
DEBUG - Eagerly caching bean &apos;decorationStyleServiceImpl&apos; to allow for resolving potential circular references
DEBUG - Processing injected element of bean &apos;decorationStyleServiceImpl&apos;: AutowiredFieldElement for private com.sise.dao.DecorationStyleDao com.sise.service.serviceimpl.DecorationStyleServiceImpl.decorationStyleDao
DEBUG - Returning cached instance of singleton bean &apos;decorationStyleDao&apos;
DEBUG - Returning cached instance of singleton bean &apos;org.springframework.transaction.config.internalTransactionAdvisor&apos;
DEBUG - Autowiring by type from bean name &apos;decorationStyleServiceImpl&apos; to bean named &apos;decorationStyleDao&apos;
DEBUG - Returning cached instance of singleton bean &apos;org.springframework.transaction.config.internalTransactionAdvisor&apos;
DEBUG - Finished creating instance of bean &apos;decorationStyleServiceImpl&apos;
DEBUG - Autowiring by type from bean name &apos;common_DepositController&apos; to bean named &apos;decorationStyleServiceImpl&apos;
DEBUG - Processing injected element of bean &apos;common_DepositController&apos;: AutowiredFieldElement for private com.sise.service.DesignerpicService com.sise.controller.Common_DepositController.designerpicService
DEBUG - Creating shared instance of singleton bean &apos;designerpicServiceImpl&apos;
DEBUG - Creating instance of bean &apos;designerpicServiceImpl&apos;
DEBUG - Registered injected element on class [com.sise.service.serviceimpl.DesignerpicServiceImpl]: AutowiredFieldElement for private com.sise.dao.DesignerpicDao com.sise.service.serviceimpl.DesignerpicServiceImpl.designerpicDao
DEBUG - Eagerly caching bean &apos;designerpicServiceImpl&apos; to allow for resolving potential circular references
DEBUG - Processing injected element of bean &apos;designerpicServiceImpl&apos;: AutowiredFieldElement for private com.sise.dao.DesignerpicDao com.sise.service.serviceimpl.DesignerpicServiceImpl.designerpicDao
DEBUG - Returning cached instance of singleton bean &apos;designerpicDao&apos;
DEBUG - Returning cached instance of singleton bean &apos;org.springframework.transaction.config.internalTransactionAdvisor&apos;
DEBUG - Autowiring by type from bean name &apos;designerpicServiceImpl&apos; to bean named &apos;designerpicDao&apos;
DEBUG - Returning cached instance of singleton bean &apos;org.springframework.transaction.config.internalTransactionAdvisor&apos;
DEBUG - Finished creating instance of bean &apos;designerpicServiceImpl&apos;
DEBUG - Autowiring by type from bean name &apos;common_DepositController&apos; to bean named &apos;designerpicServiceImpl&apos;
DEBUG - Processing injected element of bean &apos;common_DepositController&apos;: AutowiredFieldElement for private com.sise.service.DecorationModeService com.sise.controller.Common_DepositController.decorationModeService
DEBUG - Creating shared instance of singleton bean &apos;decorationModeServiceImpl&apos;
DEBUG - Creating instance of bean &apos;decorationModeServiceImpl&apos;
DEBUG - Registered injected element on class [com.sise.service.serviceimpl.DecorationModeServiceImpl]: AutowiredFieldElement for private com.sise.dao.DecorationModeDao com.sise.service.serviceimpl.DecorationModeServiceImpl.decorationModeDao
DEBUG - Eagerly caching bean &apos;decorationModeServiceImpl&apos; to allow for resolving potential circular references
DEBUG - Processing injected element of bean &apos;decorationModeServiceImpl&apos;: AutowiredFieldElement for private com.sise.dao.DecorationModeDao com.sise.service.serviceimpl.DecorationModeServiceImpl.decorationModeDao
DEBUG - Returning cached instance of singleton bean &apos;decorationModeDao&apos;
DEBUG - Returning cached instance of singleton bean &apos;org.springframework.transaction.config.internalTransactionAdvisor&apos;
DEBUG - Autowiring by type from bean name &apos;decorationModeServiceImpl&apos; to bean named &apos;decorationModeDao&apos;
DEBUG - Returning cached instance of singleton bean &apos;org.springframework.transaction.config.internalTransactionAdvisor&apos;
DEBUG - Finished creating instance of bean &apos;decorationModeServiceImpl&apos;
DEBUG - Autowiring by type from bean name &apos;common_DepositController&apos; to bean named &apos;decorationModeServiceImpl&apos;
DEBUG - Processing injected element of bean &apos;common_DepositController&apos;: AutowiredFieldElement for private com.sise.service.ContractService com.sise.controller.Common_DepositController.contractService
DEBUG - Returning cached instance of singleton bean &apos;contractServiceImpl&apos;
DEBUG - Autowiring by type from bean name &apos;common_DepositController&apos; to bean named &apos;contractServiceImpl&apos;
DEBUG - Returning cached instance of singleton bean &apos;org.springframework.transaction.config.internalTransactionAdvisor&apos;
DEBUG - Finished creating instance of bean &apos;common_DepositController&apos;
DEBUG - Creating shared instance of singleton bean &apos;common_FlyController&apos;
DEBUG - Creating instance of bean &apos;common_FlyController&apos;
DEBUG - Registered injected element on class [com.sise.controller.Common_FlyController]: AutowiredFieldElement for private com.sise.service.RegistrationTableService com.sise.controller.Common_FlyController.registrationTableService
DEBUG - Registered injected element on class [com.sise.controller.Common_FlyController]: AutowiredFieldElement for private com.sise.service.ConsumerService com.sise.controller.Common_FlyController.consumerService
DEBUG - Registered injected element on class [com.sise.controller.Common_FlyController]: AutowiredFieldElement for private com.sise.service.CancelTableService com.sise.controller.Common_FlyController.cancelTableService
DEBUG - Registered injected element on class [com.sise.controller.Common_FlyController]: AutowiredFieldElement for private com.sise.service.ContractService com.sise.controller.Common_FlyController.contractService
DEBUG - Registered injected element on class [com.sise.controller.Common_FlyController]: AutowiredFieldElement for private com.sise.service.DesignerpicService com.sise.controller.Common_FlyController.designerpicService
DEBUG - Registered injected element on class [com.sise.controller.Common_FlyController]: AutowiredFieldElement for private com.sise.service.DepositService com.sise.controller.Common_FlyController.depositService
DEBUG - Registered injected element on class [com.sise.controller.Common_FlyController]: AutowiredFieldElement for private com.sise.service.HousepicService com.sise.controller.Common_FlyController.housepicService
DEBUG - Registered injected element on class [com.sise.controller.Common_FlyController]: AutowiredFieldElement for private com.sise.service.InspectionReportService com.sise.controller.Common_FlyController.inspectionReportService
DEBUG - Eagerly caching bean &apos;common_FlyController&apos; to allow for resolving potential circular references
DEBUG - Processing injected element of bean &apos;common_FlyController&apos;: AutowiredFieldElement for private com.sise.service.RegistrationTableService com.sise.controller.Common_FlyController.registrationTableService
DEBUG - Returning cached instance of singleton bean &apos;registrationTableServiceImpl&apos;
DEBUG - Autowiring by type from bean name &apos;common_FlyController&apos; to bean named &apos;registrationTableServiceImpl&apos;
DEBUG - Processing injected element of bean &apos;common_FlyController&apos;: AutowiredFieldElement for private com.sise.service.ConsumerService com.sise.controller.Common_FlyController.consumerService
DEBUG - Returning cached instance of singleton bean &apos;consumerServiceImpl&apos;
DEBUG - Autowiring by type from bean name &apos;common_FlyController&apos; to bean named &apos;consumerServiceImpl&apos;
DEBUG - Processing injected element of bean &apos;common_FlyController&apos;: AutowiredFieldElement for private com.sise.service.CancelTableService com.sise.controller.Common_FlyController.cancelTableService
DEBUG - Creating shared instance of singleton bean &apos;cancelTableServiceImpl&apos;
DEBUG - Creating instance of bean &apos;cancelTableServiceImpl&apos;
DEBUG - Registered injected element on class [com.sise.service.serviceimpl.CancelTableServiceImpl]: AutowiredFieldElement for private com.sise.dao.CancelTableDao com.sise.service.serviceimpl.CancelTableServiceImpl.cancelTableDao
DEBUG - Eagerly caching bean &apos;cancelTableServiceImpl&apos; to allow for resolving potential circular references
DEBUG - Processing injected element of bean &apos;cancelTableServiceImpl&apos;: AutowiredFieldElement for private com.sise.dao.CancelTableDao com.sise.service.serviceimpl.CancelTableServiceImpl.cancelTableDao
DEBUG - Returning cached instance of singleton bean &apos;cancelTableDao&apos;
DEBUG - Returning cached instance of singleton bean &apos;org.springframework.transaction.config.internalTransactionAdvisor&apos;
DEBUG - Autowiring by type from bean name &apos;cancelTableServiceImpl&apos; to bean named &apos;cancelTableDao&apos;
DEBUG - Returning cached instance of singleton bean &apos;org.springframework.transaction.config.internalTransactionAdvisor&apos;
DEBUG - Finished creating instance of bean &apos;cancelTableServiceImpl&apos;
DEBUG - Autowiring by type from bean name &apos;common_FlyController&apos; to bean named &apos;cancelTableServiceImpl&apos;
DEBUG - Processing injected element of bean &apos;common_FlyController&apos;: AutowiredFieldElement for private com.sise.service.ContractService com.sise.controller.Common_FlyController.contractService
DEBUG - Returning cached instance of singleton bean &apos;contractServiceImpl&apos;
DEBUG - Autowiring by type from bean name &apos;common_FlyController&apos; to bean named &apos;contractServiceImpl&apos;
DEBUG - Processing injected element of bean &apos;common_FlyController&apos;: AutowiredFieldElement for private com.sise.service.DesignerpicService com.sise.controller.Common_FlyController.designerpicService
DEBUG - Returning cached instance of singleton bean &apos;designerpicServiceImpl&apos;
DEBUG - Autowiring by type from bean name &apos;common_FlyController&apos; to bean named &apos;designerpicServiceImpl&apos;
DEBUG - Processing injected element of bean &apos;common_FlyController&apos;: AutowiredFieldElement for private com.sise.service.DepositService com.sise.controller.Common_FlyController.depositService
DEBUG - Creating shared instance of singleton bean &apos;depositServiceImpl&apos;
DEBUG - Creating instance of bean &apos;depositServiceImpl&apos;
DEBUG - Registered injected element on class [com.sise.service.serviceimpl.DepositServiceImpl]: AutowiredFieldElement for private com.sise.dao.DepositDao com.sise.service.serviceimpl.DepositServiceImpl.depositDao
DEBUG - Eagerly caching bean &apos;depositServiceImpl&apos; to allow for resolving potential circular references
DEBUG - Processing injected element of bean &apos;depositServiceImpl&apos;: AutowiredFieldElement for private com.sise.dao.DepositDao com.sise.service.serviceimpl.DepositServiceImpl.depositDao
DEBUG - Returning cached instance of singleton bean &apos;depositDao&apos;
DEBUG - Returning cached instance of singleton bean &apos;org.springframework.transaction.config.internalTransactionAdvisor&apos;
DEBUG - Autowiring by type from bean name &apos;depositServiceImpl&apos; to bean named &apos;depositDao&apos;
DEBUG - Returning cached instance of singleton bean &apos;org.springframework.transaction.config.internalTransactionAdvisor&apos;
DEBUG - Finished creating instance of bean &apos;depositServiceImpl&apos;
DEBUG - Autowiring by type from bean name &apos;common_FlyController&apos; to bean named &apos;depositServiceImpl&apos;
DEBUG - Processing injected element of bean &apos;common_FlyController&apos;: AutowiredFieldElement for private com.sise.service.HousepicService com.sise.controller.Common_FlyController.housepicService
DEBUG - Returning cached instance of singleton bean &apos;housepicServiceImpl&apos;
DEBUG - Autowiring by type from bean name &apos;common_FlyController&apos; to bean named &apos;housepicServiceImpl&apos;
DEBUG - Processing injected element of bean &apos;common_FlyController&apos;: AutowiredFieldElement for private com.sise.service.InspectionReportService com.sise.controller.Common_FlyController.inspectionReportService
DEBUG - Returning cached instance of singleton bean &apos;inspectionReportServiceImpl&apos;
DEBUG - Autowiring by type from bean name &apos;common_FlyController&apos; to bean named &apos;inspectionReportServiceImpl&apos;
DEBUG - Returning cached instance of singleton bean &apos;org.springframework.transaction.config.internalTransactionAdvisor&apos;
DEBUG - Finished creating instance of bean &apos;common_FlyController&apos;
DEBUG - Creating shared instance of singleton bean &apos;common_IntentController&apos;
DEBUG - Creating instance of bean &apos;common_IntentController&apos;
DEBUG - Registered injected element on class [com.sise.controller.Common_IntentController]: AutowiredFieldElement for private com.sise.service.RegistrationTableService com.sise.controller.Common_IntentController.registrationTableService
DEBUG - Registered injected element on class [com.sise.controller.Common_IntentController]: AutowiredFieldElement for private com.sise.service.AppointmentService com.sise.controller.Common_IntentController.appointmentService
DEBUG - Registered injected element on class [com.sise.controller.Common_IntentController]: AutowiredFieldElement for private com.sise.service.ConsumerService com.sise.controller.Common_IntentController.consumerService
DEBUG - Registered injected element on class [com.sise.controller.Common_IntentController]: AutowiredFieldElement for private com.sise.service.DepositService com.sise.controller.Common_IntentController.depositService
DEBUG - Registered injected element on class [com.sise.controller.Common_IntentController]: AutowiredFieldElement for private com.sise.service.AreaTypeService com.sise.controller.Common_IntentController.areaTypeService
DEBUG - Registered injected element on class [com.sise.controller.Common_IntentController]: AutowiredFieldElement for private com.sise.service.HousepicService com.sise.controller.Common_IntentController.housepicService
DEBUG - Registered injected element on class [com.sise.controller.Common_IntentController]: AutowiredFieldElement for private com.sise.service.HouseTypeService com.sise.controller.Common_IntentController.houseTypeService
DEBUG - Registered injected element on class [com.sise.controller.Common_IntentController]: AutowiredFieldElement for private com.sise.service.DecorationStyleService com.sise.controller.Common_IntentController.decorationStyleService
DEBUG - Registered injected element on class [com.sise.controller.Common_IntentController]: AutowiredFieldElement for private com.sise.service.DesignerpicService com.sise.controller.Common_IntentController.designerpicService
DEBUG - Eagerly caching bean &apos;common_IntentController&apos; to allow for resolving potential circular references
DEBUG - Processing injected element of bean &apos;common_IntentController&apos;: AutowiredFieldElement for private com.sise.service.RegistrationTableService com.sise.controller.Common_IntentController.registrationTableService
DEBUG - Returning cached instance of singleton bean &apos;registrationTableServiceImpl&apos;
DEBUG - Autowiring by type from bean name &apos;common_IntentController&apos; to bean named &apos;registrationTableServiceImpl&apos;
DEBUG - Processing injected element of bean &apos;common_IntentController&apos;: AutowiredFieldElement for private com.sise.service.AppointmentService com.sise.controller.Common_IntentController.appointmentService
DEBUG - Creating shared instance of singleton bean &apos;appointmentServiceImpl&apos;
DEBUG - Creating instance of bean &apos;appointmentServiceImpl&apos;
DEBUG - Registered injected element on class [com.sise.service.serviceimpl.AppointmentServiceImpl]: AutowiredFieldElement for private com.sise.dao.AppointmentDao com.sise.service.serviceimpl.AppointmentServiceImpl.appointmentDao
DEBUG - Eagerly caching bean &apos;appointmentServiceImpl&apos; to allow for resolving potential circular references
DEBUG - Processing injected element of bean &apos;appointmentServiceImpl&apos;: AutowiredFieldElement for private com.sise.dao.AppointmentDao com.sise.service.serviceimpl.AppointmentServiceImpl.appointmentDao
DEBUG - Returning cached instance of singleton bean &apos;appointmentDao&apos;
DEBUG - Returning cached instance of singleton bean &apos;org.springframework.transaction.config.internalTransactionAdvisor&apos;
DEBUG - Autowiring by type from bean name &apos;appointmentServiceImpl&apos; to bean named &apos;appointmentDao&apos;
DEBUG - Returning cached instance of singleton bean &apos;org.springframework.transaction.config.internalTransactionAdvisor&apos;
DEBUG - Finished creating instance of bean &apos;appointmentServiceImpl&apos;
DEBUG - Autowiring by type from bean name &apos;common_IntentController&apos; to bean named &apos;appointmentServiceImpl&apos;
DEBUG - Processing injected element of bean &apos;common_IntentController&apos;: AutowiredFieldElement for private com.sise.service.ConsumerService com.sise.controller.Common_IntentController.consumerService
DEBUG - Returning cached instance of singleton bean &apos;consumerServiceImpl&apos;
DEBUG - Autowiring by type from bean name &apos;common_IntentController&apos; to bean named &apos;consumerServiceImpl&apos;
DEBUG - Processing injected element of bean &apos;common_IntentController&apos;: AutowiredFieldElement for private com.sise.service.DepositService com.sise.controller.Common_IntentController.depositService
DEBUG - Returning cached instance of singleton bean &apos;depositServiceImpl&apos;
DEBUG - Autowiring by type from bean name &apos;common_IntentController&apos; to bean named &apos;depositServiceImpl&apos;
DEBUG - Processing injected element of bean &apos;common_IntentController&apos;: AutowiredFieldElement for private com.sise.service.AreaTypeService com.sise.controller.Common_IntentController.areaTypeService
DEBUG - Returning cached instance of singleton bean &apos;areaTypeServiceImpl&apos;
DEBUG - Autowiring by type from bean name &apos;common_IntentController&apos; to bean named &apos;areaTypeServiceImpl&apos;
DEBUG - Processing injected element of bean &apos;common_IntentController&apos;: AutowiredFieldElement for private com.sise.service.HousepicService com.sise.controller.Common_IntentController.housepicService
DEBUG - Returning cached instance of singleton bean &apos;housepicServiceImpl&apos;
DEBUG - Autowiring by type from bean name &apos;common_IntentController&apos; to bean named &apos;housepicServiceImpl&apos;
DEBUG - Processing injected element of bean &apos;common_IntentController&apos;: AutowiredFieldElement for private com.sise.service.HouseTypeService com.sise.controller.Common_IntentController.houseTypeService
DEBUG - Returning cached instance of singleton bean &apos;houseTypeServiceImpl&apos;
DEBUG - Autowiring by type from bean name &apos;common_IntentController&apos; to bean named &apos;houseTypeServiceImpl&apos;
DEBUG - Processing injected element of bean &apos;common_IntentController&apos;: AutowiredFieldElement for private com.sise.service.DecorationStyleService com.sise.controller.Common_IntentController.decorationStyleService
DEBUG - Returning cached instance of singleton bean &apos;decorationStyleServiceImpl&apos;
DEBUG - Autowiring by type from bean name &apos;common_IntentController&apos; to bean named &apos;decorationStyleServiceImpl&apos;
DEBUG - Processing injected element of bean &apos;common_IntentController&apos;: AutowiredFieldElement for private com.sise.service.DesignerpicService com.sise.controller.Common_IntentController.designerpicService
DEBUG - Returning cached instance of singleton bean &apos;designerpicServiceImpl&apos;
DEBUG - Autowiring by type from bean name &apos;common_IntentController&apos; to bean named &apos;designerpicServiceImpl&apos;
DEBUG - Returning cached instance of singleton bean &apos;org.springframework.transaction.config.internalTransactionAdvisor&apos;
DEBUG - Finished creating instance of bean &apos;common_IntentController&apos;
DEBUG - Creating shared instance of singleton bean &apos;common_OverController&apos;
DEBUG - Creating instance of bean &apos;common_OverController&apos;
DEBUG - Registered injected element on class [com.sise.controller.Common_OverController]: AutowiredFieldElement for private com.sise.service.RegistrationTableService com.sise.controller.Common_OverController.registrationTableService
DEBUG - Registered injected element on class [com.sise.controller.Common_OverController]: AutowiredFieldElement for private com.sise.service.ConsumerService com.sise.controller.Common_OverController.consumerService
DEBUG - Registered injected element on class [com.sise.controller.Common_OverController]: AutowiredFieldElement for private com.sise.service.GuaranteeService com.sise.controller.Common_OverController.guaranteeService
DEBUG - Eagerly caching bean &apos;common_OverController&apos; to allow for resolving potential circular references
DEBUG - Processing injected element of bean &apos;common_OverController&apos;: AutowiredFieldElement for private com.sise.service.RegistrationTableService com.sise.controller.Common_OverController.registrationTableService
DEBUG - Returning cached instance of singleton bean &apos;registrationTableServiceImpl&apos;
DEBUG - Autowiring by type from bean name &apos;common_OverController&apos; to bean named &apos;registrationTableServiceImpl&apos;
DEBUG - Processing injected element of bean &apos;common_OverController&apos;: AutowiredFieldElement for private com.sise.service.ConsumerService com.sise.controller.Common_OverController.consumerService
DEBUG - Returning cached instance of singleton bean &apos;consumerServiceImpl&apos;
DEBUG - Autowiring by type from bean name &apos;common_OverController&apos; to bean named &apos;consumerServiceImpl&apos;
DEBUG - Processing injected element of bean &apos;common_OverController&apos;: AutowiredFieldElement for private com.sise.service.GuaranteeService com.sise.controller.Common_OverController.guaranteeService
DEBUG - Returning cached instance of singleton bean &apos;guaranteeServiceImpl&apos;
DEBUG - Autowiring by type from bean name &apos;common_OverController&apos; to bean named &apos;guaranteeServiceImpl&apos;
DEBUG - Returning cached instance of singleton bean &apos;org.springframework.transaction.config.internalTransactionAdvisor&apos;
DEBUG - Finished creating instance of bean &apos;common_OverController&apos;
DEBUG - Creating shared instance of singleton bean &apos;commonController&apos;
DEBUG - Creating instance of bean &apos;commonController&apos;
DEBUG - Registered injected element on class [com.sise.controller.CommonController]: AutowiredFieldElement for private com.sise.service.RegistrationTableService com.sise.controller.CommonController.registrationTableService
DEBUG - Registered injected element on class [com.sise.controller.CommonController]: AutowiredFieldElement for private com.sise.service.ConsumerService com.sise.controller.CommonController.consumerService
DEBUG - Registered injected element on class [com.sise.controller.CommonController]: AutowiredFieldElement for private com.sise.service.EmployeeService com.sise.controller.CommonController.employeeService
DEBUG - Registered injected element on class [com.sise.controller.CommonController]: AutowiredFieldElement for private com.sise.service.TrackingInfoService com.sise.controller.CommonController.trackingInfoService
DEBUG - Registered injected element on class [com.sise.controller.CommonController]: AutowiredFieldElement for private com.sise.service.CancelTableService com.sise.controller.CommonController.cancelTableService
DEBUG - Registered injected element on class [com.sise.controller.CommonController]: AutowiredFieldElement for private com.sise.service.LoginService com.sise.controller.CommonController.loginService
DEBUG - Eagerly caching bean &apos;commonController&apos; to allow for resolving potential circular references
DEBUG - Processing injected element of bean &apos;commonController&apos;: AutowiredFieldElement for private com.sise.service.RegistrationTableService com.sise.controller.CommonController.registrationTableService
DEBUG - Returning cached instance of singleton bean &apos;registrationTableServiceImpl&apos;
DEBUG - Autowiring by type from bean name &apos;commonController&apos; to bean named &apos;registrationTableServiceImpl&apos;
DEBUG - Processing injected element of bean &apos;commonController&apos;: AutowiredFieldElement for private com.sise.service.ConsumerService com.sise.controller.CommonController.consumerService
DEBUG - Returning cached instance of singleton bean &apos;consumerServiceImpl&apos;
DEBUG - Autowiring by type from bean name &apos;commonController&apos; to bean named &apos;consumerServiceImpl&apos;
DEBUG - Processing injected element of bean &apos;commonController&apos;: AutowiredFieldElement for private com.sise.service.EmployeeService com.sise.controller.CommonController.employeeService
DEBUG - Creating shared instance of singleton bean &apos;employeeServiceImpl&apos;
DEBUG - Creating instance of bean &apos;employeeServiceImpl&apos;
DEBUG - Registered injected element on class [com.sise.service.serviceimpl.EmployeeServiceImpl]: AutowiredFieldElement for private com.sise.dao.EmployeeDao com.sise.service.serviceimpl.EmployeeServiceImpl.employeeDao
DEBUG - Eagerly caching bean &apos;employeeServiceImpl&apos; to allow for resolving potential circular references
DEBUG - Processing injected element of bean &apos;employeeServiceImpl&apos;: AutowiredFieldElement for private com.sise.dao.EmployeeDao com.sise.service.serviceimpl.EmployeeServiceImpl.employeeDao
DEBUG - Returning cached instance of singleton bean &apos;employeeDao&apos;
DEBUG - Autowiring by type from bean name &apos;employeeServiceImpl&apos; to bean named &apos;employeeDao&apos;
DEBUG - Returning cached instance of singleton bean &apos;org.springframework.transaction.config.internalTransactionAdvisor&apos;
DEBUG - Finished creating instance of bean &apos;employeeServiceImpl&apos;
DEBUG - Autowiring by type from bean name &apos;commonController&apos; to bean named &apos;employeeServiceImpl&apos;
DEBUG - Processing injected element of bean &apos;commonController&apos;: AutowiredFieldElement for private com.sise.service.TrackingInfoService com.sise.controller.CommonController.trackingInfoService
DEBUG - Creating shared instance of singleton bean &apos;trackingInfoServiceImpl&apos;
DEBUG - Creating instance of bean &apos;trackingInfoServiceImpl&apos;
DEBUG - Registered injected element on class [com.sise.service.serviceimpl.TrackingInfoServiceImpl]: AutowiredFieldElement for private com.sise.dao.TrackingInfoDao com.sise.service.serviceimpl.TrackingInfoServiceImpl.trackingInfoDao
DEBUG - Eagerly caching bean &apos;trackingInfoServiceImpl&apos; to allow for resolving potential circular references
DEBUG - Processing injected element of bean &apos;trackingInfoServiceImpl&apos;: AutowiredFieldElement for private com.sise.dao.TrackingInfoDao com.sise.service.serviceimpl.TrackingInfoServiceImpl.trackingInfoDao
DEBUG - Returning cached instance of singleton bean &apos;trackingInfoDao&apos;
DEBUG - Returning cached instance of singleton bean &apos;org.springframework.transaction.config.internalTransactionAdvisor&apos;
DEBUG - Autowiring by type from bean name &apos;trackingInfoServiceImpl&apos; to bean named &apos;trackingInfoDao&apos;
DEBUG - Returning cached instance of singleton bean &apos;org.springframework.transaction.config.internalTransactionAdvisor&apos;
DEBUG - Finished creating instance of bean &apos;trackingInfoServiceImpl&apos;
DEBUG - Autowiring by type from bean name &apos;commonController&apos; to bean named &apos;trackingInfoServiceImpl&apos;
DEBUG - Processing injected element of bean &apos;commonController&apos;: AutowiredFieldElement for private com.sise.service.CancelTableService com.sise.controller.CommonController.cancelTableService
DEBUG - Returning cached instance of singleton bean &apos;cancelTableServiceImpl&apos;
DEBUG - Autowiring by type from bean name &apos;commonController&apos; to bean named &apos;cancelTableServiceImpl&apos;
DEBUG - Processing injected element of bean &apos;commonController&apos;: AutowiredFieldElement for private com.sise.service.LoginService com.sise.controller.CommonController.loginService
DEBUG - Creating shared instance of singleton bean &apos;loginServiceImpl&apos;
DEBUG - Creating instance of bean &apos;loginServiceImpl&apos;
DEBUG - Registered injected element on class [com.sise.service.serviceimpl.LoginServiceImpl]: AutowiredFieldElement for private com.sise.dao.LoginDao com.sise.service.serviceimpl.LoginServiceImpl.loginDao
DEBUG - Eagerly caching bean &apos;loginServiceImpl&apos; to allow for resolving potential circular references
DEBUG - Processing injected element of bean &apos;loginServiceImpl&apos;: AutowiredFieldElement for private com.sise.dao.LoginDao com.sise.service.serviceimpl.LoginServiceImpl.loginDao
DEBUG - Returning cached instance of singleton bean &apos;loginDao&apos;
DEBUG - Returning cached instance of singleton bean &apos;org.springframework.transaction.config.internalTransactionAdvisor&apos;
DEBUG - Autowiring by type from bean name &apos;loginServiceImpl&apos; to bean named &apos;loginDao&apos;
DEBUG - Returning cached instance of singleton bean &apos;org.springframework.transaction.config.internalTransactionAdvisor&apos;
DEBUG - Finished creating instance of bean &apos;loginServiceImpl&apos;
DEBUG - Autowiring by type from bean name &apos;commonController&apos; to bean named &apos;loginServiceImpl&apos;
DEBUG - Returning cached instance of singleton bean &apos;org.springframework.transaction.config.internalTransactionAdvisor&apos;
DEBUG - Finished creating instance of bean &apos;commonController&apos;
DEBUG - Creating shared instance of singleton bean &apos;designerController&apos;
DEBUG - Creating instance of bean &apos;designerController&apos;
DEBUG - Registered injected element on class [com.sise.controller.DesignerController]: AutowiredFieldElement for private com.sise.service.DesignerShowService com.sise.controller.DesignerController.designerShowService
DEBUG - Registered injected element on class [com.sise.controller.DesignerController]: AutowiredFieldElement for private com.sise.service.AreaTypeService com.sise.controller.DesignerController.areaTypeService
DEBUG - Registered injected element on class [com.sise.controller.DesignerController]: AutowiredFieldElement for private com.sise.service.HouseTypeService com.sise.controller.DesignerController.houseTypeService
DEBUG - Registered injected element on class [com.sise.controller.DesignerController]: AutowiredFieldElement for private com.sise.service.DecorationStyleService com.sise.controller.DesignerController.decorationStyleService
DEBUG - Eagerly caching bean &apos;designerController&apos; to allow for resolving potential circular references
DEBUG - Processing injected element of bean &apos;designerController&apos;: AutowiredFieldElement for private com.sise.service.DesignerShowService com.sise.controller.DesignerController.designerShowService
DEBUG - Creating shared instance of singleton bean &apos;designerShowServiceImpl&apos;
DEBUG - Creating instance of bean &apos;designerShowServiceImpl&apos;
DEBUG - Registered injected element on class [com.sise.service.serviceimpl.DesignerShowServiceImpl]: AutowiredFieldElement for private com.sise.dao.DesignerShowDao com.sise.service.serviceimpl.DesignerShowServiceImpl.designerShowDao
DEBUG - Eagerly caching bean &apos;designerShowServiceImpl&apos; to allow for resolving potential circular references
DEBUG - Processing injected element of bean &apos;designerShowServiceImpl&apos;: AutowiredFieldElement for private com.sise.dao.DesignerShowDao com.sise.service.serviceimpl.DesignerShowServiceImpl.designerShowDao
DEBUG - Returning cached instance of singleton bean &apos;designerShowDao&apos;
DEBUG - Returning cached instance of singleton bean &apos;org.springframework.transaction.config.internalTransactionAdvisor&apos;
DEBUG - Autowiring by type from bean name &apos;designerShowServiceImpl&apos; to bean named &apos;designerShowDao&apos;
DEBUG - Returning cached instance of singleton bean &apos;org.springframework.transaction.config.internalTransactionAdvisor&apos;
DEBUG - Finished creating instance of bean &apos;designerShowServiceImpl&apos;
DEBUG - Autowiring by type from bean name &apos;designerController&apos; to bean named &apos;designerShowServiceImpl&apos;
DEBUG - Processing injected element of bean &apos;designerController&apos;: AutowiredFieldElement for private com.sise.service.AreaTypeService com.sise.controller.DesignerController.areaTypeService
DEBUG - Returning cached instance of singleton bean &apos;areaTypeServiceImpl&apos;
DEBUG - Autowiring by type from bean name &apos;designerController&apos; to bean named &apos;areaTypeServiceImpl&apos;
DEBUG - Processing injected element of bean &apos;designerController&apos;: AutowiredFieldElement for private com.sise.service.HouseTypeService com.sise.controller.DesignerController.houseTypeService
DEBUG - Returning cached instance of singleton bean &apos;houseTypeServiceImpl&apos;
DEBUG - Autowiring by type from bean name &apos;designerController&apos; to bean named &apos;houseTypeServiceImpl&apos;
DEBUG - Processing injected element of bean &apos;designerController&apos;: AutowiredFieldElement for private com.sise.service.DecorationStyleService com.sise.controller.DesignerController.decorationStyleService
DEBUG - Returning cached instance of singleton bean &apos;decorationStyleServiceImpl&apos;
DEBUG - Autowiring by type from bean name &apos;designerController&apos; to bean named &apos;decorationStyleServiceImpl&apos;
DEBUG - Returning cached instance of singleton bean &apos;org.springframework.transaction.config.internalTransactionAdvisor&apos;
DEBUG - Finished creating instance of bean &apos;designerController&apos;
DEBUG - Creating shared instance of singleton bean &apos;employeeController&apos;
DEBUG - Creating instance of bean &apos;employeeController&apos;
DEBUG - Registered injected element on class [com.sise.controller.EmployeeController]: AutowiredFieldElement for private com.sise.service.RegistrationTableService com.sise.controller.EmployeeController.registrationTableService
DEBUG - Registered injected element on class [com.sise.controller.EmployeeController]: AutowiredFieldElement for private com.sise.service.ConsumerService com.sise.controller.EmployeeController.consumerService
DEBUG - Registered injected element on class [com.sise.controller.EmployeeController]: AutowiredFieldElement for private com.sise.service.EmployeeService com.sise.controller.EmployeeController.employeeService
DEBUG - Registered injected element on class [com.sise.controller.EmployeeController]: AutowiredFieldElement for private com.sise.service.TrackingInfoService com.sise.controller.EmployeeController.trackingInfoService
DEBUG - Registered injected element on class [com.sise.controller.EmployeeController]: AutowiredFieldElement for private com.sise.service.CancelTableService com.sise.controller.EmployeeController.cancelTableService
DEBUG - Eagerly caching bean &apos;employeeController&apos; to allow for resolving potential circular references
DEBUG - Processing injected element of bean &apos;employeeController&apos;: AutowiredFieldElement for private com.sise.service.RegistrationTableService com.sise.controller.EmployeeController.registrationTableService
DEBUG - Returning cached instance of singleton bean &apos;registrationTableServiceImpl&apos;
DEBUG - Autowiring by type from bean name &apos;employeeController&apos; to bean named &apos;registrationTableServiceImpl&apos;
DEBUG - Processing injected element of bean &apos;employeeController&apos;: AutowiredFieldElement for private com.sise.service.ConsumerService com.sise.controller.EmployeeController.consumerService
DEBUG - Returning cached instance of singleton bean &apos;consumerServiceImpl&apos;
DEBUG - Autowiring by type from bean name &apos;employeeController&apos; to bean named &apos;consumerServiceImpl&apos;
DEBUG - Processing injected element of bean &apos;employeeController&apos;: AutowiredFieldElement for private com.sise.service.EmployeeService com.sise.controller.EmployeeController.employeeService
DEBUG - Returning cached instance of singleton bean &apos;employeeServiceImpl&apos;
DEBUG - Autowiring by type from bean name &apos;employeeController&apos; to bean named &apos;employeeServiceImpl&apos;
DEBUG - Processing injected element of bean &apos;employeeController&apos;: AutowiredFieldElement for private com.sise.service.TrackingInfoService com.sise.controller.EmployeeController.trackingInfoService
DEBUG - Returning cached instance of singleton bean &apos;trackingInfoServiceImpl&apos;
DEBUG - Autowiring by type from bean name &apos;employeeController&apos; to bean named &apos;trackingInfoServiceImpl&apos;
DEBUG - Processing injected element of bean &apos;employeeController&apos;: AutowiredFieldElement for private com.sise.service.CancelTableService com.sise.controller.EmployeeController.cancelTableService
DEBUG - Returning cached instance of singleton bean &apos;cancelTableServiceImpl&apos;
DEBUG - Autowiring by type from bean name &apos;employeeController&apos; to bean named &apos;cancelTableServiceImpl&apos;
DEBUG - Returning cached instance of singleton bean &apos;org.springframework.transaction.config.internalTransactionAdvisor&apos;
DEBUG - Finished creating instance of bean &apos;employeeController&apos;
DEBUG - Creating shared instance of singleton bean &apos;indexController&apos;
DEBUG - Creating instance of bean &apos;indexController&apos;
DEBUG - Registered injected element on class [com.sise.controller.IndexController]: AutowiredFieldElement for private com.sise.service.ConsumerService com.sise.controller.IndexController.consumerService
DEBUG - Registered injected element on class [com.sise.controller.IndexController]: AutowiredFieldElement for private com.sise.service.AreaTypeService com.sise.controller.IndexController.areaTypeService
DEBUG - Registered injected element on class [com.sise.controller.IndexController]: AutowiredFieldElement for private com.sise.service.HouseTypeService com.sise.controller.IndexController.houseTypeService
DEBUG - Registered injected element on class [com.sise.controller.IndexController]: AutowiredFieldElement for private com.sise.service.DecorationStyleService com.sise.controller.IndexController.decorationStyleService
DEBUG - Registered injected element on class [com.sise.controller.IndexController]: AutowiredFieldElement for private com.sise.service.DesignerShowService com.sise.controller.IndexController.designerShowService
DEBUG - Registered injected element on class [com.sise.controller.IndexController]: AutowiredFieldElement for private com.sise.service.EmployeeService com.sise.controller.IndexController.employeeService
DEBUG - Registered injected element on class [com.sise.controller.IndexController]: AutowiredFieldElement for private com.sise.service.RegistrationTableService com.sise.controller.IndexController.registrationTableService
DEBUG - Registered injected element on class [com.sise.controller.IndexController]: AutowiredFieldElement for private com.sise.service.HousepicService com.sise.controller.IndexController.housepicService
DEBUG - Registered injected element on class [com.sise.controller.IndexController]: AutowiredFieldElement for private com.sise.service.DesignerpicService com.sise.controller.IndexController.designerpicService
DEBUG - Registered injected element on class [com.sise.controller.IndexController]: AutowiredFieldElement for private com.sise.service.ContractService com.sise.controller.IndexController.contractService
DEBUG - Registered injected element on class [com.sise.controller.IndexController]: AutowiredFieldElement for private com.sise.service.ProjectTimeService com.sise.controller.IndexController.projectTimeService
DEBUG - Registered injected element on class [com.sise.controller.IndexController]: AutowiredFieldElement for private com.sise.service.InspectionReportService com.sise.controller.IndexController.inspectionReportService
DEBUG - Eagerly caching bean &apos;indexController&apos; to allow for resolving potential circular references
DEBUG - Processing injected element of bean &apos;indexController&apos;: AutowiredFieldElement for private com.sise.service.ConsumerService com.sise.controller.IndexController.consumerService
DEBUG - Returning cached instance of singleton bean &apos;consumerServiceImpl&apos;
DEBUG - Autowiring by type from bean name &apos;indexController&apos; to bean named &apos;consumerServiceImpl&apos;
DEBUG - Processing injected element of bean &apos;indexController&apos;: AutowiredFieldElement for private com.sise.service.AreaTypeService com.sise.controller.IndexController.areaTypeService
DEBUG - Returning cached instance of singleton bean &apos;areaTypeServiceImpl&apos;
DEBUG - Autowiring by type from bean name &apos;indexController&apos; to bean named &apos;areaTypeServiceImpl&apos;
DEBUG - Processing injected element of bean &apos;indexController&apos;: AutowiredFieldElement for private com.sise.service.HouseTypeService com.sise.controller.IndexController.houseTypeService
DEBUG - Returning cached instance of singleton bean &apos;houseTypeServiceImpl&apos;
DEBUG - Autowiring by type from bean name &apos;indexController&apos; to bean named &apos;houseTypeServiceImpl&apos;
DEBUG - Processing injected element of bean &apos;indexController&apos;: AutowiredFieldElement for private com.sise.service.DecorationStyleService com.sise.controller.IndexController.decorationStyleService
DEBUG - Returning cached instance of singleton bean &apos;decorationStyleServiceImpl&apos;
DEBUG - Autowiring by type from bean name &apos;indexController&apos; to bean named &apos;decorationStyleServiceImpl&apos;
DEBUG - Processing injected element of bean &apos;indexController&apos;: AutowiredFieldElement for private com.sise.service.DesignerShowService com.sise.controller.IndexController.designerShowService
DEBUG - Returning cached instance of singleton bean &apos;designerShowServiceImpl&apos;
DEBUG - Autowiring by type from bean name &apos;indexController&apos; to bean named &apos;designerShowServiceImpl&apos;
DEBUG - Processing injected element of bean &apos;indexController&apos;: AutowiredFieldElement for private com.sise.service.EmployeeService com.sise.controller.IndexController.employeeService
DEBUG - Returning cached instance of singleton bean &apos;employeeServiceImpl&apos;
DEBUG - Autowiring by type from bean name &apos;indexController&apos; to bean named &apos;employeeServiceImpl&apos;
DEBUG - Processing injected element of bean &apos;indexController&apos;: AutowiredFieldElement for private com.sise.service.RegistrationTableService com.sise.controller.IndexController.registrationTableService
DEBUG - Returning cached instance of singleton bean &apos;registrationTableServiceImpl&apos;
DEBUG - Autowiring by type from bean name &apos;indexController&apos; to bean named &apos;registrationTableServiceImpl&apos;
DEBUG - Processing injected element of bean &apos;indexController&apos;: AutowiredFieldElement for private com.sise.service.HousepicService com.sise.controller.IndexController.housepicService
DEBUG - Returning cached instance of singleton bean &apos;housepicServiceImpl&apos;
DEBUG - Autowiring by type from bean name &apos;indexController&apos; to bean named &apos;housepicServiceImpl&apos;
DEBUG - Processing injected element of bean &apos;indexController&apos;: AutowiredFieldElement for private com.sise.service.DesignerpicService com.sise.controller.IndexController.designerpicService
DEBUG - Returning cached instance of singleton bean &apos;designerpicServiceImpl&apos;
DEBUG - Autowiring by type from bean name &apos;indexController&apos; to bean named &apos;designerpicServiceImpl&apos;
DEBUG - Processing injected element of bean &apos;indexController&apos;: AutowiredFieldElement for private com.sise.service.ContractService com.sise.controller.IndexController.contractService
DEBUG - Returning cached instance of singleton bean &apos;contractServiceImpl&apos;
DEBUG - Autowiring by type from bean name &apos;indexController&apos; to bean named &apos;contractServiceImpl&apos;
DEBUG - Processing injected element of bean &apos;indexController&apos;: AutowiredFieldElement for private com.sise.service.ProjectTimeService com.sise.controller.IndexController.projectTimeService
DEBUG - Returning cached instance of singleton bean &apos;projectTimeServiceImpl&apos;
DEBUG - Autowiring by type from bean name &apos;indexController&apos; to bean named &apos;projectTimeServiceImpl&apos;
DEBUG - Processing injected element of bean &apos;indexController&apos;: AutowiredFieldElement for private com.sise.service.InspectionReportService com.sise.controller.IndexController.inspectionReportService
DEBUG - Returning cached instance of singleton bean &apos;inspectionReportServiceImpl&apos;
DEBUG - Autowiring by type from bean name &apos;indexController&apos; to bean named &apos;inspectionReportServiceImpl&apos;
DEBUG - Returning cached instance of singleton bean &apos;org.springframework.transaction.config.internalTransactionAdvisor&apos;
DEBUG - Finished creating instance of bean &apos;indexController&apos;
DEBUG - Creating shared instance of singleton bean &apos;loginController&apos;
DEBUG - Creating instance of bean &apos;loginController&apos;
DEBUG - Registered injected element on class [com.sise.controller.LoginController]: AutowiredFieldElement for private com.sise.service.LoginService com.sise.controller.LoginController.loginService
DEBUG - Eagerly caching bean &apos;loginController&apos; to allow for resolving potential circular references
DEBUG - Processing injected element of bean &apos;loginController&apos;: AutowiredFieldElement for private com.sise.service.LoginService com.sise.controller.LoginController.loginService
DEBUG - Returning cached instance of singleton bean &apos;loginServiceImpl&apos;
DEBUG - Autowiring by type from bean name &apos;loginController&apos; to bean named &apos;loginServiceImpl&apos;
DEBUG - Returning cached instance of singleton bean &apos;org.springframework.transaction.config.internalTransactionAdvisor&apos;
DEBUG - Finished creating instance of bean &apos;loginController&apos;
DEBUG - Creating shared instance of singleton bean &apos;materialClazzController&apos;
DEBUG - Creating instance of bean &apos;materialClazzController&apos;
DEBUG - Registered injected element on class [com.sise.controller.MaterialClazzController]: AutowiredFieldElement for private com.sise.service.MaterialSmallclazzService com.sise.controller.MaterialClazzController.materialSmallclazzService
DEBUG - Registered injected element on class [com.sise.controller.MaterialClazzController]: AutowiredFieldElement for private com.sise.service.MaterialClazzService com.sise.controller.MaterialClazzController.materialClazzService
DEBUG - Eagerly caching bean &apos;materialClazzController&apos; to allow for resolving potential circular references
DEBUG - Processing injected element of bean &apos;materialClazzController&apos;: AutowiredFieldElement for private com.sise.service.MaterialSmallclazzService com.sise.controller.MaterialClazzController.materialSmallclazzService
DEBUG - Creating shared instance of singleton bean &apos;materialSmallclazzServiceImpl&apos;
DEBUG - Creating instance of bean &apos;materialSmallclazzServiceImpl&apos;
DEBUG - Registered injected element on class [com.sise.service.serviceimpl.MaterialSmallclazzServiceImpl]: AutowiredFieldElement for private com.sise.dao.MaterialSmallclazzDao com.sise.service.serviceimpl.MaterialSmallclazzServiceImpl.materialSmallclazzDao
DEBUG - Registered injected element on class [com.sise.service.serviceimpl.MaterialSmallclazzServiceImpl]: AutowiredFieldElement for private com.sise.dao.MaterialDao com.sise.service.serviceimpl.MaterialSmallclazzServiceImpl.materialDao
DEBUG - Eagerly caching bean &apos;materialSmallclazzServiceImpl&apos; to allow for resolving potential circular references
DEBUG - Processing injected element of bean &apos;materialSmallclazzServiceImpl&apos;: AutowiredFieldElement for private com.sise.dao.MaterialSmallclazzDao com.sise.service.serviceimpl.MaterialSmallclazzServiceImpl.materialSmallclazzDao
DEBUG - Returning cached instance of singleton bean &apos;materialSmallclazzDao&apos;
DEBUG - Returning cached instance of singleton bean &apos;org.springframework.transaction.config.internalTransactionAdvisor&apos;
DEBUG - Autowiring by type from bean name &apos;materialSmallclazzServiceImpl&apos; to bean named &apos;materialSmallclazzDao&apos;
DEBUG - Processing injected element of bean &apos;materialSmallclazzServiceImpl&apos;: AutowiredFieldElement for private com.sise.dao.MaterialDao com.sise.service.serviceimpl.MaterialSmallclazzServiceImpl.materialDao
DEBUG - Returning cached instance of singleton bean &apos;materialDao&apos;
DEBUG - Returning cached instance of singleton bean &apos;org.springframework.transaction.config.internalTransactionAdvisor&apos;
DEBUG - Autowiring by type from bean name &apos;materialSmallclazzServiceImpl&apos; to bean named &apos;materialDao&apos;
DEBUG - Returning cached instance of singleton bean &apos;org.springframework.transaction.config.internalTransactionAdvisor&apos;
DEBUG - Finished creating instance of bean &apos;materialSmallclazzServiceImpl&apos;
DEBUG - Autowiring by type from bean name &apos;materialClazzController&apos; to bean named &apos;materialSmallclazzServiceImpl&apos;
DEBUG - Processing injected element of bean &apos;materialClazzController&apos;: AutowiredFieldElement for private com.sise.service.MaterialClazzService com.sise.controller.MaterialClazzController.materialClazzService
DEBUG - Creating shared instance of singleton bean &apos;materialClazzServiceImpl&apos;
DEBUG - Creating instance of bean &apos;materialClazzServiceImpl&apos;
DEBUG - Registered injected element on class [com.sise.service.serviceimpl.MaterialClazzServiceImpl]: AutowiredFieldElement for private com.sise.dao.MaterialClazzDao com.sise.service.serviceimpl.MaterialClazzServiceImpl.materialClazzDao
DEBUG - Registered injected element on class [com.sise.service.serviceimpl.MaterialClazzServiceImpl]: AutowiredFieldElement for private com.sise.dao.MaterialSmallclazzDao com.sise.service.serviceimpl.MaterialClazzServiceImpl.materialSmallclazzDao
DEBUG - Registered injected element on class [com.sise.service.serviceimpl.MaterialClazzServiceImpl]: AutowiredFieldElement for private com.sise.dao.MaterialDao com.sise.service.serviceimpl.MaterialClazzServiceImpl.materialDao
DEBUG - Eagerly caching bean &apos;materialClazzServiceImpl&apos; to allow for resolving potential circular references
DEBUG - Processing injected element of bean &apos;materialClazzServiceImpl&apos;: AutowiredFieldElement for private com.sise.dao.MaterialClazzDao com.sise.service.serviceimpl.MaterialClazzServiceImpl.materialClazzDao
DEBUG - Returning cached instance of singleton bean &apos;materialClazzDao&apos;
DEBUG - Returning cached instance of singleton bean &apos;org.springframework.transaction.config.internalTransactionAdvisor&apos;
DEBUG - Autowiring by type from bean name &apos;materialClazzServiceImpl&apos; to bean named &apos;materialClazzDao&apos;
DEBUG - Processing injected element of bean &apos;materialClazzServiceImpl&apos;: AutowiredFieldElement for private com.sise.dao.MaterialSmallclazzDao com.sise.service.serviceimpl.MaterialClazzServiceImpl.materialSmallclazzDao
DEBUG - Returning cached instance of singleton bean &apos;materialSmallclazzDao&apos;
DEBUG - Autowiring by type from bean name &apos;materialClazzServiceImpl&apos; to bean named &apos;materialSmallclazzDao&apos;
DEBUG - Processing injected element of bean &apos;materialClazzServiceImpl&apos;: AutowiredFieldElement for private com.sise.dao.MaterialDao com.sise.service.serviceimpl.MaterialClazzServiceImpl.materialDao
DEBUG - Returning cached instance of singleton bean &apos;materialDao&apos;
DEBUG - Autowiring by type from bean name &apos;materialClazzServiceImpl&apos; to bean named &apos;materialDao&apos;
DEBUG - Returning cached instance of singleton bean &apos;org.springframework.transaction.config.internalTransactionAdvisor&apos;
DEBUG - Finished creating instance of bean &apos;materialClazzServiceImpl&apos;
DEBUG - Autowiring by type from bean name &apos;materialClazzController&apos; to bean named &apos;materialClazzServiceImpl&apos;
DEBUG - Returning cached instance of singleton bean &apos;org.springframework.transaction.config.internalTransactionAdvisor&apos;
DEBUG - Finished creating instance of bean &apos;materialClazzController&apos;
DEBUG - Creating shared instance of singleton bean &apos;materialController&apos;
DEBUG - Creating instance of bean &apos;materialController&apos;
DEBUG - Registered injected element on class [com.sise.controller.MaterialController]: AutowiredFieldElement for private com.sise.service.MaterialService com.sise.controller.MaterialController.materialService
DEBUG - Registered injected element on class [com.sise.controller.MaterialController]: AutowiredFieldElement for private com.sise.service.MaterialSmallclazzService com.sise.controller.MaterialController.materialSmallclazzService
DEBUG - Registered injected element on class [com.sise.controller.MaterialController]: AutowiredFieldElement for private com.sise.service.MaterialClazzService com.sise.controller.MaterialController.materialClazzService
DEBUG - Registered injected element on class [com.sise.controller.MaterialController]: AutowiredFieldElement for private com.sise.service.MaterialOfferService com.sise.controller.MaterialController.materialOfferService
DEBUG - Eagerly caching bean &apos;materialController&apos; to allow for resolving potential circular references
DEBUG - Processing injected element of bean &apos;materialController&apos;: AutowiredFieldElement for private com.sise.service.MaterialService com.sise.controller.MaterialController.materialService
DEBUG - Creating shared instance of singleton bean &apos;materialServiceImpl&apos;
DEBUG - Creating instance of bean &apos;materialServiceImpl&apos;
DEBUG - Registered injected element on class [com.sise.service.serviceimpl.MaterialServiceImpl]: AutowiredFieldElement for private com.sise.dao.MaterialDao com.sise.service.serviceimpl.MaterialServiceImpl.materialDao
DEBUG - Eagerly caching bean &apos;materialServiceImpl&apos; to allow for resolving potential circular references
DEBUG - Processing injected element of bean &apos;materialServiceImpl&apos;: AutowiredFieldElement for private com.sise.dao.MaterialDao com.sise.service.serviceimpl.MaterialServiceImpl.materialDao
DEBUG - Returning cached instance of singleton bean &apos;materialDao&apos;
DEBUG - Autowiring by type from bean name &apos;materialServiceImpl&apos; to bean named &apos;materialDao&apos;
DEBUG - Returning cached instance of singleton bean &apos;org.springframework.transaction.config.internalTransactionAdvisor&apos;
DEBUG - Finished creating instance of bean &apos;materialServiceImpl&apos;
DEBUG - Autowiring by type from bean name &apos;materialController&apos; to bean named &apos;materialServiceImpl&apos;
DEBUG - Processing injected element of bean &apos;materialController&apos;: AutowiredFieldElement for private com.sise.service.MaterialSmallclazzService com.sise.controller.MaterialController.materialSmallclazzService
DEBUG - Returning cached instance of singleton bean &apos;materialSmallclazzServiceImpl&apos;
DEBUG - Autowiring by type from bean name &apos;materialController&apos; to bean named &apos;materialSmallclazzServiceImpl&apos;
DEBUG - Processing injected element of bean &apos;materialController&apos;: AutowiredFieldElement for private com.sise.service.MaterialClazzService com.sise.controller.MaterialController.materialClazzService
DEBUG - Returning cached instance of singleton bean &apos;materialClazzServiceImpl&apos;
DEBUG - Autowiring by type from bean name &apos;materialController&apos; to bean named &apos;materialClazzServiceImpl&apos;
DEBUG - Processing injected element of bean &apos;materialController&apos;: AutowiredFieldElement for private com.sise.service.MaterialOfferService com.sise.controller.MaterialController.materialOfferService
DEBUG - Creating shared instance of singleton bean &apos;materialOfferServiceImpl&apos;
DEBUG - Creating instance of bean &apos;materialOfferServiceImpl&apos;
DEBUG - Registered injected element on class [com.sise.service.serviceimpl.MaterialOfferServiceImpl]: AutowiredFieldElement for private com.sise.dao.MaterialOfferDao com.sise.service.serviceimpl.MaterialOfferServiceImpl.materialOfferDao
DEBUG - Registered injected element on class [com.sise.service.serviceimpl.MaterialOfferServiceImpl]: AutowiredFieldElement for private com.sise.dao.MaterialDao com.sise.service.serviceimpl.MaterialOfferServiceImpl.materialDao
DEBUG - Eagerly caching bean &apos;materialOfferServiceImpl&apos; to allow for resolving potential circular references
DEBUG - Processing injected element of bean &apos;materialOfferServiceImpl&apos;: AutowiredFieldElement for private com.sise.dao.MaterialOfferDao com.sise.service.serviceimpl.MaterialOfferServiceImpl.materialOfferDao
DEBUG - Returning cached instance of singleton bean &apos;materialOfferDao&apos;
DEBUG - Returning cached instance of singleton bean &apos;org.springframework.transaction.config.internalTransactionAdvisor&apos;
DEBUG - Autowiring by type from bean name &apos;materialOfferServiceImpl&apos; to bean named &apos;materialOfferDao&apos;
DEBUG - Processing injected element of bean &apos;materialOfferServiceImpl&apos;: AutowiredFieldElement for private com.sise.dao.MaterialDao com.sise.service.serviceimpl.MaterialOfferServiceImpl.materialDao
DEBUG - Returning cached instance of singleton bean &apos;materialDao&apos;
DEBUG - Autowiring by type from bean name &apos;materialOfferServiceImpl&apos; to bean named &apos;materialDao&apos;
DEBUG - Returning cached instance of singleton bean &apos;org.springframework.transaction.config.internalTransactionAdvisor&apos;
DEBUG - Finished creating instance of bean &apos;materialOfferServiceImpl&apos;
DEBUG - Autowiring by type from bean name &apos;materialController&apos; to bean named &apos;materialOfferServiceImpl&apos;
DEBUG - Returning cached instance of singleton bean &apos;org.springframework.transaction.config.internalTransactionAdvisor&apos;
DEBUG - Finished creating instance of bean &apos;materialController&apos;
DEBUG - Creating shared instance of singleton bean &apos;materialOfferController&apos;
DEBUG - Creating instance of bean &apos;materialOfferController&apos;
DEBUG - Registered injected element on class [com.sise.controller.MaterialOfferController]: AutowiredFieldElement for private com.sise.service.MaterialOfferService com.sise.controller.MaterialOfferController.materialOfferService
DEBUG - Eagerly caching bean &apos;materialOfferController&apos; to allow for resolving potential circular references
DEBUG - Processing injected element of bean &apos;materialOfferController&apos;: AutowiredFieldElement for private com.sise.service.MaterialOfferService com.sise.controller.MaterialOfferController.materialOfferService
DEBUG - Returning cached instance of singleton bean &apos;materialOfferServiceImpl&apos;
DEBUG - Autowiring by type from bean name &apos;materialOfferController&apos; to bean named &apos;materialOfferServiceImpl&apos;
DEBUG - Returning cached instance of singleton bean &apos;org.springframework.transaction.config.internalTransactionAdvisor&apos;
DEBUG - Finished creating instance of bean &apos;materialOfferController&apos;
DEBUG - Creating shared instance of singleton bean &apos;pictureController&apos;
DEBUG - Creating instance of bean &apos;pictureController&apos;
DEBUG - Registered injected element on class [com.sise.controller.PictureController]: AutowiredFieldElement for private com.sise.service.HousepicService com.sise.controller.PictureController.housepicService
DEBUG - Registered injected element on class [com.sise.controller.PictureController]: AutowiredFieldElement for private com.sise.service.HouseTypeService com.sise.controller.PictureController.houseTypeService
DEBUG - Registered injected element on class [com.sise.controller.PictureController]: AutowiredFieldElement for private com.sise.service.AreaTypeService com.sise.controller.PictureController.areaTypeService
DEBUG - Registered injected element on class [com.sise.controller.PictureController]: AutowiredFieldElement for private com.sise.service.DecorationStyleService com.sise.controller.PictureController.decorationStyleService
DEBUG - Registered injected element on class [com.sise.controller.PictureController]: AutowiredFieldElement for private com.sise.service.DesignerpicService com.sise.controller.PictureController.designerpicService
DEBUG - Registered injected element on class [com.sise.controller.PictureController]: AutowiredFieldElement for private com.sise.service.DecorationModeService com.sise.controller.PictureController.decorationModeService
DEBUG - Registered injected element on class [com.sise.controller.PictureController]: AutowiredFieldElement for private com.sise.service.ContractService com.sise.controller.PictureController.contractService
DEBUG - Eagerly caching bean &apos;pictureController&apos; to allow for resolving potential circular references
DEBUG - Processing injected element of bean &apos;pictureController&apos;: AutowiredFieldElement for private com.sise.service.HousepicService com.sise.controller.PictureController.housepicService
DEBUG - Returning cached instance of singleton bean &apos;housepicServiceImpl&apos;
DEBUG - Autowiring by type from bean name &apos;pictureController&apos; to bean named &apos;housepicServiceImpl&apos;
DEBUG - Processing injected element of bean &apos;pictureController&apos;: AutowiredFieldElement for private com.sise.service.HouseTypeService com.sise.controller.PictureController.houseTypeService
DEBUG - Returning cached instance of singleton bean &apos;houseTypeServiceImpl&apos;
DEBUG - Autowiring by type from bean name &apos;pictureController&apos; to bean named &apos;houseTypeServiceImpl&apos;
DEBUG - Processing injected element of bean &apos;pictureController&apos;: AutowiredFieldElement for private com.sise.service.AreaTypeService com.sise.controller.PictureController.areaTypeService
DEBUG - Returning cached instance of singleton bean &apos;areaTypeServiceImpl&apos;
DEBUG - Autowiring by type from bean name &apos;pictureController&apos; to bean named &apos;areaTypeServiceImpl&apos;
DEBUG - Processing injected element of bean &apos;pictureController&apos;: AutowiredFieldElement for private com.sise.service.DecorationStyleService com.sise.controller.PictureController.decorationStyleService
DEBUG - Returning cached instance of singleton bean &apos;decorationStyleServiceImpl&apos;
DEBUG - Autowiring by type from bean name &apos;pictureController&apos; to bean named &apos;decorationStyleServiceImpl&apos;
DEBUG - Processing injected element of bean &apos;pictureController&apos;: AutowiredFieldElement for private com.sise.service.DesignerpicService com.sise.controller.PictureController.designerpicService
DEBUG - Returning cached instance of singleton bean &apos;designerpicServiceImpl&apos;
DEBUG - Autowiring by type from bean name &apos;pictureController&apos; to bean named &apos;designerpicServiceImpl&apos;
DEBUG - Processing injected element of bean &apos;pictureController&apos;: AutowiredFieldElement for private com.sise.service.DecorationModeService com.sise.controller.PictureController.decorationModeService
DEBUG - Returning cached instance of singleton bean &apos;decorationModeServiceImpl&apos;
DEBUG - Autowiring by type from bean name &apos;pictureController&apos; to bean named &apos;decorationModeServiceImpl&apos;
DEBUG - Processing injected element of bean &apos;pictureController&apos;: AutowiredFieldElement for private com.sise.service.ContractService com.sise.controller.PictureController.contractService
DEBUG - Returning cached instance of singleton bean &apos;contractServiceImpl&apos;
DEBUG - Autowiring by type from bean name &apos;pictureController&apos; to bean named &apos;contractServiceImpl&apos;
DEBUG - Returning cached instance of singleton bean &apos;org.springframework.transaction.config.internalTransactionAdvisor&apos;
DEBUG - Finished creating instance of bean &apos;pictureController&apos;
DEBUG - Creating shared instance of singleton bean &apos;project_managerController&apos;
DEBUG - Creating instance of bean &apos;project_managerController&apos;
DEBUG - Registered injected element on class [com.sise.controller.Project_managerController]: AutowiredFieldElement for private com.sise.service.ConsumerService com.sise.controller.Project_managerController.consumerService
DEBUG - Registered injected element on class [com.sise.controller.Project_managerController]: AutowiredFieldElement for private com.sise.service.EmployeeService com.sise.controller.Project_managerController.employeeService
DEBUG - Registered injected element on class [com.sise.controller.Project_managerController]: AutowiredFieldElement for private com.sise.service.RegistrationTableService com.sise.controller.Project_managerController.registrationTableService
DEBUG - Registered injected element on class [com.sise.controller.Project_managerController]: AutowiredFieldElement for private com.sise.service.HousepicService com.sise.controller.Project_managerController.housepicService
DEBUG - Registered injected element on class [com.sise.controller.Project_managerController]: AutowiredFieldElement for private com.sise.service.DesignerpicService com.sise.controller.Project_managerController.designerpicService
DEBUG - Registered injected element on class [com.sise.controller.Project_managerController]: AutowiredFieldElement for private com.sise.service.ContractService com.sise.controller.Project_managerController.contractService
DEBUG - Eagerly caching bean &apos;project_managerController&apos; to allow for resolving potential circular references
DEBUG - Processing injected element of bean &apos;project_managerController&apos;: AutowiredFieldElement for private com.sise.service.ConsumerService com.sise.controller.Project_managerController.consumerService
DEBUG - Returning cached instance of singleton bean &apos;consumerServiceImpl&apos;
DEBUG - Autowiring by type from bean name &apos;project_managerController&apos; to bean named &apos;consumerServiceImpl&apos;
DEBUG - Processing injected element of bean &apos;project_managerController&apos;: AutowiredFieldElement for private com.sise.service.EmployeeService com.sise.controller.Project_managerController.employeeService
DEBUG - Returning cached instance of singleton bean &apos;employeeServiceImpl&apos;
DEBUG - Autowiring by type from bean name &apos;project_managerController&apos; to bean named &apos;employeeServiceImpl&apos;
DEBUG - Processing injected element of bean &apos;project_managerController&apos;: AutowiredFieldElement for private com.sise.service.RegistrationTableService com.sise.controller.Project_managerController.registrationTableService
DEBUG - Returning cached instance of singleton bean &apos;registrationTableServiceImpl&apos;
DEBUG - Autowiring by type from bean name &apos;project_managerController&apos; to bean named &apos;registrationTableServiceImpl&apos;
DEBUG - Processing injected element of bean &apos;project_managerController&apos;: AutowiredFieldElement for private com.sise.service.HousepicService com.sise.controller.Project_managerController.housepicService
DEBUG - Returning cached instance of singleton bean &apos;housepicServiceImpl&apos;
DEBUG - Autowiring by type from bean name &apos;project_managerController&apos; to bean named &apos;housepicServiceImpl&apos;
DEBUG - Processing injected element of bean &apos;project_managerController&apos;: AutowiredFieldElement for private com.sise.service.DesignerpicService com.sise.controller.Project_managerController.designerpicService
DEBUG - Returning cached instance of singleton bean &apos;designerpicServiceImpl&apos;
DEBUG - Autowiring by type from bean name &apos;project_managerController&apos; to bean named &apos;designerpicServiceImpl&apos;
DEBUG - Processing injected element of bean &apos;project_managerController&apos;: AutowiredFieldElement for private com.sise.service.ContractService com.sise.controller.Project_managerController.contractService
DEBUG - Returning cached instance of singleton bean &apos;contractServiceImpl&apos;
DEBUG - Autowiring by type from bean name &apos;project_managerController&apos; to bean named &apos;contractServiceImpl&apos;
DEBUG - Returning cached instance of singleton bean &apos;org.springframework.transaction.config.internalTransactionAdvisor&apos;
DEBUG - Finished creating instance of bean &apos;project_managerController&apos;
DEBUG - Creating shared instance of singleton bean &apos;webSocketController&apos;
DEBUG - Creating instance of bean &apos;webSocketController&apos;
DEBUG - Registered injected element on class [com.sise.controller.WebSocketController]: AutowiredFieldElement for private com.sise.service.ConsumerService com.sise.controller.WebSocketController.consumerService
DEBUG - Registered injected element on class [com.sise.controller.WebSocketController]: AutowiredFieldElement for private com.sise.service.EmployeeService com.sise.controller.WebSocketController.employeeService
DEBUG - Registered injected element on class [com.sise.controller.WebSocketController]: AutowiredFieldElement for private com.sise.webSocket.MyWebSocketHandler com.sise.controller.WebSocketController.myWebSocketHandler
DEBUG - Eagerly caching bean &apos;webSocketController&apos; to allow for resolving potential circular references
DEBUG - Processing injected element of bean &apos;webSocketController&apos;: AutowiredFieldElement for private com.sise.service.ConsumerService com.sise.controller.WebSocketController.consumerService
DEBUG - Returning cached instance of singleton bean &apos;consumerServiceImpl&apos;
DEBUG - Autowiring by type from bean name &apos;webSocketController&apos; to bean named &apos;consumerServiceImpl&apos;
DEBUG - Processing injected element of bean &apos;webSocketController&apos;: AutowiredFieldElement for private com.sise.service.EmployeeService com.sise.controller.WebSocketController.employeeService
DEBUG - Returning cached instance of singleton bean &apos;employeeServiceImpl&apos;
DEBUG - Autowiring by type from bean name &apos;webSocketController&apos; to bean named &apos;employeeServiceImpl&apos;
DEBUG - Processing injected element of bean &apos;webSocketController&apos;: AutowiredFieldElement for private com.sise.webSocket.MyWebSocketHandler com.sise.controller.WebSocketController.myWebSocketHandler
DEBUG - Creating shared instance of singleton bean &apos;myWebSocketHandler&apos;
DEBUG - Creating instance of bean &apos;myWebSocketHandler&apos;
DEBUG - Registered injected element on class [com.sise.webSocket.MyWebSocketHandler]: AutowiredFieldElement for private com.sise.service.EmployeeService com.sise.webSocket.MyWebSocketHandler.employeeService
DEBUG - Registered injected element on class [com.sise.webSocket.MyWebSocketHandler]: AutowiredFieldElement for private com.sise.service.ConsumerService com.sise.webSocket.MyWebSocketHandler.consumerService
DEBUG - Eagerly caching bean &apos;myWebSocketHandler&apos; to allow for resolving potential circular references
DEBUG - Processing injected element of bean &apos;myWebSocketHandler&apos;: AutowiredFieldElement for private com.sise.service.EmployeeService com.sise.webSocket.MyWebSocketHandler.employeeService
DEBUG - Returning cached instance of singleton bean &apos;employeeServiceImpl&apos;
DEBUG - Autowiring by type from bean name &apos;myWebSocketHandler&apos; to bean named &apos;employeeServiceImpl&apos;
DEBUG - Processing injected element of bean &apos;myWebSocketHandler&apos;: AutowiredFieldElement for private com.sise.service.ConsumerService com.sise.webSocket.MyWebSocketHandler.consumerService
DEBUG - Returning cached instance of singleton bean &apos;consumerServiceImpl&apos;
DEBUG - Autowiring by type from bean name &apos;myWebSocketHandler&apos; to bean named &apos;consumerServiceImpl&apos;
DEBUG - Returning cached instance of singleton bean &apos;org.springframework.transaction.config.internalTransactionAdvisor&apos;
DEBUG - Finished creating instance of bean &apos;myWebSocketHandler&apos;
DEBUG - Autowiring by type from bean name &apos;webSocketController&apos; to bean named &apos;myWebSocketHandler&apos;
DEBUG - Returning cached instance of singleton bean &apos;org.springframework.transaction.config.internalTransactionAdvisor&apos;
DEBUG - Finished creating instance of bean &apos;webSocketController&apos;
DEBUG - Returning cached instance of singleton bean &apos;appointmentServiceImpl&apos;
DEBUG - Returning cached instance of singleton bean &apos;areaTypeServiceImpl&apos;
DEBUG - Returning cached instance of singleton bean &apos;cancelTableServiceImpl&apos;
DEBUG - Returning cached instance of singleton bean &apos;consumerServiceImpl&apos;
DEBUG - Returning cached instance of singleton bean &apos;contractServiceImpl&apos;
DEBUG - Returning cached instance of singleton bean &apos;decorationModeServiceImpl&apos;
DEBUG - Returning cached instance of singleton bean &apos;decorationStyleServiceImpl&apos;
DEBUG - Returning cached instance of singleton bean &apos;depositServiceImpl&apos;
DEBUG - Returning cached instance of singleton bean &apos;designerpicServiceImpl&apos;
DEBUG - Returning cached instance of singleton bean &apos;designerShowServiceImpl&apos;
DEBUG - Returning cached instance of singleton bean &apos;employeeServiceImpl&apos;
DEBUG - Returning cached instance of singleton bean &apos;guaranteeServiceImpl&apos;
DEBUG - Returning cached instance of singleton bean &apos;housepicServiceImpl&apos;
DEBUG - Returning cached instance of singleton bean &apos;houseTypeServiceImpl&apos;
DEBUG - Returning cached instance of singleton bean &apos;inspectionReportServiceImpl&apos;
DEBUG - Returning cached instance of singleton bean &apos;loginServiceImpl&apos;
DEBUG - Returning cached instance of singleton bean &apos;materialClazzServiceImpl&apos;
DEBUG - Returning cached instance of singleton bean &apos;materialOfferServiceImpl&apos;
DEBUG - Returning cached instance of singleton bean &apos;materialServiceImpl&apos;
DEBUG - Returning cached instance of singleton bean &apos;materialSmallclazzServiceImpl&apos;
DEBUG - Returning cached instance of singleton bean &apos;projectTimeServiceImpl&apos;
DEBUG - Returning cached instance of singleton bean &apos;registrationTableServiceImpl&apos;
DEBUG - Returning cached instance of singleton bean &apos;trackingInfoServiceImpl&apos;
DEBUG - Returning cached instance of singleton bean &apos;myWebSocketHandler&apos;
DEBUG - Returning cached instance of singleton bean &apos;org.springframework.context.support.PropertySourcesPlaceholderConfigurer#0&apos;
DEBUG - Returning cached instance of singleton bean &apos;dataSource&apos;
DEBUG - Returning cached instance of singleton bean &apos;sqlSessionFactory&apos;
DEBUG - Returning cached instance of singleton bean &apos;org.mybatis.spring.mapper.MapperScannerConfigurer#0&apos;
DEBUG - Creating shared instance of singleton bean &apos;transactionManager&apos;
DEBUG - Creating instance of bean &apos;transactionManager&apos;
DEBUG - Eagerly caching bean &apos;transactionManager&apos; to allow for resolving potential circular references
DEBUG - Returning cached instance of singleton bean &apos;dataSource&apos;
DEBUG - Invoking afterPropertiesSet() on bean with name &apos;transactionManager&apos;
DEBUG - Returning cached instance of singleton bean &apos;org.springframework.transaction.config.internalTransactionAdvisor&apos;
DEBUG - Finished creating instance of bean &apos;transactionManager&apos;
DEBUG - Creating shared instance of singleton bean &apos;org.springframework.transaction.config.internalTransactionalEventListenerFactory&apos;
DEBUG - Creating instance of bean &apos;org.springframework.transaction.config.internalTransactionalEventListenerFactory&apos;
DEBUG - Eagerly caching bean &apos;org.springframework.transaction.config.internalTransactionalEventListenerFactory&apos; to allow for resolving potential circular references
DEBUG - Returning cached instance of singleton bean &apos;org.springframework.transaction.config.internalTransactionAdvisor&apos;
DEBUG - Finished creating instance of bean &apos;org.springframework.transaction.config.internalTransactionalEventListenerFactory&apos;
DEBUG - Returning cached instance of singleton bean &apos;org.springframework.aop.config.internalAutoProxyCreator&apos;
DEBUG - Returning cached instance of singleton bean &apos;org.springframework.transaction.annotation.AnnotationTransactionAttributeSource#0&apos;
DEBUG - Creating shared instance of singleton bean &apos;org.springframework.transaction.interceptor.TransactionInterceptor#0&apos;
DEBUG - Creating instance of bean &apos;org.springframework.transaction.interceptor.TransactionInterceptor#0&apos;
DEBUG - Eagerly caching bean &apos;org.springframework.transaction.interceptor.TransactionInterceptor#0&apos; to allow for resolving potential circular references
DEBUG - Returning cached instance of singleton bean &apos;org.springframework.transaction.annotation.AnnotationTransactionAttributeSource#0&apos;
DEBUG - Invoking afterPropertiesSet() on bean with name &apos;org.springframework.transaction.interceptor.TransactionInterceptor#0&apos;
DEBUG - Finished creating instance of bean &apos;org.springframework.transaction.interceptor.TransactionInterceptor#0&apos;
DEBUG - Returning cached instance of singleton bean &apos;org.springframework.transaction.config.internalTransactionAdvisor&apos;
DEBUG - Returning cached instance of singleton bean &apos;org.springframework.context.event.internalEventListenerFactory&apos;
DEBUG - Returning cached instance of singleton bean &apos;org.springframework.transaction.config.internalTransactionalEventListenerFactory&apos;
DEBUG - Unable to locate LifecycleProcessor with name &apos;lifecycleProcessor&apos;: using default [org.springframework.context.support.DefaultLifecycleProcessor@3d2ee678]
DEBUG - Returning cached instance of singleton bean &apos;lifecycleProcessor&apos;
DEBUG - Returning cached instance of singleton bean &apos;sqlSessionFactory&apos;
DEBUG - Could not find key &apos;spring.liveBeansView.mbeanDomain&apos; in any property source
DEBUG - Storing ApplicationContext in cache under key [[MergedContextConfiguration@43814d18 testClass = CancelTableTest, locations = &apos;{classpath:ssm/applicationContext.xml}&apos;, classes = &apos;{}&apos;, contextInitializerClasses = &apos;[]&apos;, activeProfiles = &apos;{}&apos;, propertySourceLocations = &apos;{}&apos;, propertySourceProperties = &apos;{}&apos;, contextCustomizers = set[[empty]], contextLoader = &apos;org.springframework.test.context.support.DelegatingSmartContextLoader&apos;, parent = [null]]]
DEBUG - Spring test ApplicationContext cache statistics: [DefaultContextCache@37c7595 size = 1, maxSize = 32, parentContextCount = 0, hitCount = 0, missCount = 1]
DEBUG - Processing injected element of bean &apos;dao.CancelTableTest&apos;: AutowiredFieldElement for private com.sise.service.CancelTableService dao.CancelTableTest.cancelTableService
DEBUG - Returning cached instance of singleton bean &apos;cancelTableServiceImpl&apos;
DEBUG - Autowiring by type from bean name &apos;dao.CancelTableTest&apos; to bean named &apos;cancelTableServiceImpl&apos;
DEBUG - Returning cached instance of singleton bean &apos;org.springframework.transaction.config.internalTransactionAdvisor&apos;
DEBUG - Before test method: context [DefaultTestContext@610694f1 testClass = CancelTableTest, testInstance = dao.CancelTableTest@49fc609f, testMethod = Test@CancelTableTest, testException = [null], mergedContextConfiguration = [MergedContextConfiguration@43814d18 testClass = CancelTableTest, locations = &apos;{classpath:ssm/applicationContext.xml}&apos;, classes = &apos;{}&apos;, contextInitializerClasses = &apos;[]&apos;, activeProfiles = &apos;{}&apos;, propertySourceLocations = &apos;{}&apos;, propertySourceProperties = &apos;{}&apos;, contextCustomizers = set[[empty]], contextLoader = &apos;org.springframework.test.context.support.DelegatingSmartContextLoader&apos;, parent = [null]]], class annotated with @DirtiesContext [false] with mode [null], method annotated with @DirtiesContext [false] with mode [null].
DEBUG - Creating a new SqlSession
DEBUG - SqlSession [org.apache.ibatis.session.defaults.DefaultSqlSession@373ebf74] was not registered for synchronization because synchronization is not active
DEBUG - Fetching JDBC Connection from DataSource
INFO - Initializing c3p0 pool... com.mchange.v2.c3p0.ComboPooledDataSource [ acquireIncrement -&gt; 5, acquireRetryAttempts -&gt; 30, acquireRetryDelay -&gt; 1000, autoCommitOnClose -&gt; false, automaticTestTable -&gt; null, breakAfterAcquireFailure -&gt; false, checkoutTimeout -&gt; 5000, connectionCustomizerClassName -&gt; null, connectionTesterClassName -&gt; com.mchange.v2.c3p0.impl.DefaultConnectionTester, contextClassLoaderSource -&gt; caller, dataSourceName -&gt; 1hge70h9wmchj3z1m2tlkg|742ff096, debugUnreturnedConnectionStackTraces -&gt; false, description -&gt; null, driverClass -&gt; com.mysql.jdbc.Driver, extensions -&gt; {}, factoryClassLocation -&gt; null, forceIgnoreUnresolvedTransactions -&gt; false, forceSynchronousCheckins -&gt; false, forceUseNamedDriverClass -&gt; false, identityToken -&gt; 1hge70h9wmchj3z1m2tlkg|742ff096, idleConnectionTestPeriod -&gt; 60, initialPoolSize -&gt; 10, jdbcUrl -&gt; jdbc:mysql://127.0.0.1:3306/decorationsystem?characterEncoding=utf-8, maxAdministrativeTaskTime -&gt; 0, maxConnectionAge -&gt; 0, maxIdleTime -&gt; 60, maxIdleTimeExcessConnections -&gt; 0, maxPoolSize -&gt; 30, maxStatements -&gt; 0, maxStatementsPerConnection -&gt; 0, minPoolSize -&gt; 10, numHelperThreads -&gt; 3, preferredTestQuery -&gt; null, privilegeSpawnedThreads -&gt; false, properties -&gt; {user=******, password=******}, propertyCycle -&gt; 0, statementCacheNumDeferredCloseThreads -&gt; 0, testConnectionOnCheckin -&gt; false, testConnectionOnCheckout -&gt; false, unreturnedConnectionTimeout -&gt; 0, userOverrides -&gt; {}, usesTraditionalReflectiveProxies -&gt; false ]
DEBUG - The configuration file for resource identifier &apos;/mchange-commons.properties&apos; could not be found. Skipping.
DEBUG - The configuration file for resource identifier &apos;/mchange-log.properties&apos; could not be found. Skipping.
DEBUG - The configuration file for resource identifier &apos;/c3p0.properties&apos; could not be found. Skipping.
DEBUG - The configuration file for resource identifier &apos;hocon:/reference,/application,/c3p0,/&apos; could not be found. Skipping.
DEBUG - com.mchange.v2.resourcepool.BasicResourcePool@4b2a01d4 config: [start -&gt; 10; min -&gt; 10; max -&gt; 30; inc -&gt; 5; num_acq_attempts -&gt; 30; acq_attempt_delay -&gt; 1000; check_idle_resources_delay -&gt; 60000; max_resource_age -&gt; 0; max_idle_time -&gt; 60000; excess_max_idle_time -&gt; 0; destroy_unreturned_resc_time -&gt; 0; expiration_enforcement_delay -&gt; 15000; break_on_acquisition_failure -&gt; false; debug_store_checkout_exceptions -&gt; false; force_synchronous_checkins -&gt; false]
DEBUG - Created new pool for auth, username (masked): &apos;ro******&apos;.
DEBUG - acquire test -- pool size: 0; target_pool_size: 10; desired target? 1
DEBUG - awaitAvailable(): [unknown]
DEBUG - JDBC Connection [com.mchange.v2.c3p0.impl.NewProxyConnection@34f7234e [wrapping: com.mysql.jdbc.JDBC4Connection@753432a2]] will not be managed by Spring
DEBUG - ==&gt;  Preparing: INSERT INTO cancel_table(cancel_content,cancel_time,employee_id,registration_id,cancel_status) VALUES (?,?,?,?,?) 
DEBUG - ==&gt; Parameters: �绰�ǿպ�(String), 2018-06-30 19:53:09.698(Timestamp), 10000(Integer), 100001(Integer), false(Boolean)
DEBUG - com.mchange.v2.c3p0.impl.NewPooledConnection@3eeaac4c handling a throwable.
com.mysql.jdbc.exceptions.jdbc4.MySQLIntegrityConstraintViolationException: Duplicate entry &apos;100001&apos; for key &apos;registration_id&apos;
	at sun.reflect.NativeConstructorAccessorImpl.newInstance0(Native Method)
	at sun.reflect.NativeConstructorAccessorImpl.newInstance(NativeConstructorAccessorImpl.java:62)
	at sun.reflect.DelegatingConstructorAccessorImpl.newInstance(DelegatingConstructorAccessorImpl.java:45)
	at java.lang.reflect.Constructor.newInstance(Constructor.java:422)
	at com.mysql.jdbc.Util.handleNewInstance(Util.java:409)
	at com.mysql.jdbc.Util.getInstance(Util.java:384)
	at com.mysql.jdbc.SQLError.createSQLException(SQLError.java:1039)
	at com.mysql.jdbc.MysqlIO.checkErrorPacket(MysqlIO.java:4232)
	at com.mysql.jdbc.MysqlIO.checkErrorPacket(MysqlIO.java:4164)
	at com.mysql.jdbc.MysqlIO.sendCommand(MysqlIO.java:2615)
	at com.mysql.jdbc.MysqlIO.sqlQueryDirect(MysqlIO.java:2776)
	at com.mysql.jdbc.ConnectionImpl.execSQL(ConnectionImpl.java:2838)
	at com.mysql.jdbc.PreparedStatement.executeInternal(PreparedStatement.java:2082)
	at com.mysql.jdbc.PreparedStatement.execute(PreparedStatement.java:1307)
	at com.mchange.v2.c3p0.impl.NewProxyPreparedStatement.execute(NewProxyPreparedStatement.java:67)
	at sun.reflect.NativeMethodAccessorImpl.invoke0(Native Method)
	at sun.reflect.NativeMethodAccessorImpl.invoke(NativeMethodAccessorImpl.java:62)
	at sun.reflect.DelegatingMethodAccessorImpl.invoke(DelegatingMethodAccessorImpl.java:43)
	at java.lang.reflect.Method.invoke(Method.java:497)
	at org.apache.ibatis.logging.jdbc.PreparedStatementLogger.invoke(PreparedStatementLogger.java:59)
	at com.sun.proxy.$Proxy54.execute(Unknown Source)
	at org.apache.ibatis.executor.statement.PreparedStatementHandler.update(PreparedStatementHandler.java:46)
	at org.apache.ibatis.executor.statement.RoutingStatementHandler.update(RoutingStatementHandler.java:74)
	at org.apache.ibatis.executor.ReuseExecutor.doUpdate(ReuseExecutor.java:52)
	at org.apache.ibatis.executor.BaseExecutor.update(BaseExecutor.java:117)
	at org.apache.ibatis.executor.CachingExecutor.update(CachingExecutor.java:76)
	at sun.reflect.NativeMethodAccessorImpl.invoke0(Native Method)
	at sun.reflect.NativeMethodAccessorImpl.invoke(NativeMethodAccessorImpl.java:62)
	at sun.reflect.DelegatingMethodAccessorImpl.invoke(DelegatingMethodAccessorImpl.java:43)
	at java.lang.reflect.Method.invoke(Method.java:497)
	at org.apache.ibatis.plugin.Plugin.invoke(Plugin.java:63)
	at com.sun.proxy.$Proxy52.update(Unknown Source)
	at org.apache.ibatis.session.defaults.DefaultSqlSession.update(DefaultSqlSession.java:198)
	at org.apache.ibatis.session.defaults.DefaultSqlSession.insert(DefaultSqlSession.java:185)
	at sun.reflect.NativeMethodAccessorImpl.invoke0(Native Method)
	at sun.reflect.NativeMethodAccessorImpl.invoke(NativeMethodAccessorImpl.java:62)
	at sun.reflect.DelegatingMethodAccessorImpl.invoke(DelegatingMethodAccessorImpl.java:43)
	at java.lang.reflect.Method.invoke(Method.java:497)
	at org.mybatis.spring.SqlSessionTemplate$SqlSessionInterceptor.invoke(SqlSessionTemplate.java:434)
	at com.sun.proxy.$Proxy21.insert(Unknown Source)
	at org.mybatis.spring.SqlSessionTemplate.insert(SqlSessionTemplate.java:279)
	at org.apache.ibatis.binding.MapperMethod.execute(MapperMethod.java:57)
	at org.apache.ibatis.binding.MapperProxy.invoke(MapperProxy.java:59)
	at com.sun.proxy.$Proxy40.insertCancelTable(Unknown Source)
	at com.sise.service.serviceimpl.CancelTableServiceImpl.saveCancelTable(CancelTableServiceImpl.java:21)
	at dao.CancelTableTest.Test(CancelTableTest.java:28)
	at sun.reflect.NativeMethodAccessorImpl.invoke0(Native Method)
	at sun.reflect.NativeMethodAccessorImpl.invoke(NativeMethodAccessorImpl.java:62)
	at sun.reflect.DelegatingMethodAccessorImpl.invoke(DelegatingMethodAccessorImpl.java:43)
	at java.lang.reflect.Method.invoke(Method.java:497)
	at org.junit.runners.model.FrameworkMethod$1.runReflectiveCall(FrameworkMethod.java:50)
	at org.junit.internal.runners.model.ReflectiveCallable.run(ReflectiveCallable.java:12)
	at org.junit.runners.model.FrameworkMethod.invokeExplosively(FrameworkMethod.java:47)
	at org.junit.internal.runners.statements.InvokeMethod.evaluate(InvokeMethod.java:17)
	at org.springframework.test.context.junit4.statements.RunBeforeTestMethodCallbacks.evaluate(RunBeforeTestMethodCallbacks.java:75)
	at org.springframework.test.context.junit4.statements.RunAfterTestMethodCallbacks.evaluate(RunAfterTestMethodCallbacks.java:86)
	at org.springframework.test.context.junit4.statements.SpringRepeat.evaluate(SpringRepeat.java:84)
	at org.junit.runners.ParentRunner.runLeaf(ParentRunner.java:325)
	at org.springframework.test.context.junit4.SpringJUnit4ClassRunner.runChild(SpringJUnit4ClassRunner.java:252)
	at org.springframework.test.context.junit4.SpringJUnit4ClassRunner.runChild(SpringJUnit4ClassRunner.java:94)
	at org.junit.runners.ParentRunner$3.run(ParentRunner.java:290)
	at org.junit.runners.ParentRunner$1.schedule(ParentRunner.java:71)
	at org.junit.runners.ParentRunner.runChildren(ParentRunner.java:288)
	at org.junit.runners.ParentRunner.access$000(ParentRunner.java:58)
	at org.junit.runners.ParentRunner$2.evaluate(ParentRunner.java:268)
	at org.springframework.test.context.junit4.statements.RunBeforeTestClassCallbacks.evaluate(RunBeforeTestClassCallbacks.java:61)
	at org.springframework.test.context.junit4.statements.RunAfterTestClassCallbacks.evaluate(RunAfterTestClassCallbacks.java:70)
	at org.junit.runners.ParentRunner.run(ParentRunner.java:363)
	at org.springframework.test.context.junit4.SpringJUnit4ClassRunner.run(SpringJUnit4ClassRunner.java:191)
	at org.apache.maven.surefire.junit4.JUnit4Provider.execute(JUnit4Provider.java:252)
	at org.apache.maven.surefire.junit4.JUnit4Provider.executeTestSet(JUnit4Provider.java:141)
	at org.apache.maven.surefire.junit4.JUnit4Provider.invoke(JUnit4Provider.java:112)
	at sun.reflect.NativeMethodAccessorImpl.invoke0(Native Method)
	at sun.reflect.NativeMethodAccessorImpl.invoke(NativeMethodAccessorImpl.java:62)
	at sun.reflect.DelegatingMethodAccessorImpl.invoke(DelegatingMethodAccessorImpl.java:43)
	at java.lang.reflect.Method.invoke(Method.java:497)
	at org.apache.maven.surefire.util.ReflectionUtils.invokeMethodWithArray(ReflectionUtils.java:189)
	at org.apache.maven.surefire.booter.ProviderFactory$ProviderProxy.invoke(ProviderFactory.java:165)
	at org.apache.maven.surefire.booter.ProviderFactory.invokeProvider(ProviderFactory.java:85)
	at org.apache.maven.surefire.booter.ForkedBooter.runSuitesInProcess(ForkedBooter.java:115)
	at org.apache.maven.surefire.booter.ForkedBooter.main(ForkedBooter.java:75)
DEBUG - Attempted to convert SQLException to SQLException. Leaving it alone. [SQLState: 23000; errorCode: 1062]
com.mysql.jdbc.exceptions.jdbc4.MySQLIntegrityConstraintViolationException: Duplicate entry &apos;100001&apos; for key &apos;registration_id&apos;
	at sun.reflect.NativeConstructorAccessorImpl.newInstance0(Native Method)
	at sun.reflect.NativeConstructorAccessorImpl.newInstance(NativeConstructorAccessorImpl.java:62)
	at sun.reflect.DelegatingConstructorAccessorImpl.newInstance(DelegatingConstructorAccessorImpl.java:45)
	at java.lang.reflect.Constructor.newInstance(Constructor.java:422)
	at com.mysql.jdbc.Util.handleNewInstance(Util.java:409)
	at com.mysql.jdbc.Util.getInstance(Util.java:384)
	at com.mysql.jdbc.SQLError.createSQLException(SQLError.java:1039)
	at com.mysql.jdbc.MysqlIO.checkErrorPacket(MysqlIO.java:4232)
	at com.mysql.jdbc.MysqlIO.checkErrorPacket(MysqlIO.java:4164)
	at com.mysql.jdbc.MysqlIO.sendCommand(MysqlIO.java:2615)
	at com.mysql.jdbc.MysqlIO.sqlQueryDirect(MysqlIO.java:2776)
	at com.mysql.jdbc.ConnectionImpl.execSQL(ConnectionImpl.java:2838)
	at com.mysql.jdbc.PreparedStatement.executeInternal(PreparedStatement.java:2082)
	at com.mysql.jdbc.PreparedStatement.execute(PreparedStatement.java:1307)
	at com.mchange.v2.c3p0.impl.NewProxyPreparedStatement.execute(NewProxyPreparedStatement.java:67)
	at sun.reflect.NativeMethodAccessorImpl.invoke0(Native Method)
	at sun.reflect.NativeMethodAccessorImpl.invoke(NativeMethodAccessorImpl.java:62)
	at sun.reflect.DelegatingMethodAccessorImpl.invoke(DelegatingMethodAccessorImpl.java:43)
	at java.lang.reflect.Method.invoke(Method.java:497)
	at org.apache.ibatis.logging.jdbc.PreparedStatementLogger.invoke(PreparedStatementLogger.java:59)
	at com.sun.proxy.$Proxy54.execute(Unknown Source)
	at org.apache.ibatis.executor.statement.PreparedStatementHandler.update(PreparedStatementHandler.java:46)
	at org.apache.ibatis.executor.statement.RoutingStatementHandler.update(RoutingStatementHandler.java:74)
	at org.apache.ibatis.executor.ReuseExecutor.doUpdate(ReuseExecutor.java:52)
	at org.apache.ibatis.executor.BaseExecutor.update(BaseExecutor.java:117)
	at org.apache.ibatis.executor.CachingExecutor.update(CachingExecutor.java:76)
	at sun.reflect.NativeMethodAccessorImpl.invoke0(Native Method)
	at sun.reflect.NativeMethodAccessorImpl.invoke(NativeMethodAccessorImpl.java:62)
	at sun.reflect.DelegatingMethodAccessorImpl.invoke(DelegatingMethodAccessorImpl.java:43)
	at java.lang.reflect.Method.invoke(Method.java:497)
	at org.apache.ibatis.plugin.Plugin.invoke(Plugin.java:63)
	at com.sun.proxy.$Proxy52.update(Unknown Source)
	at org.apache.ibatis.session.defaults.DefaultSqlSession.update(DefaultSqlSession.java:198)
	at org.apache.ibatis.session.defaults.DefaultSqlSession.insert(DefaultSqlSession.java:185)
	at sun.reflect.NativeMethodAccessorImpl.invoke0(Native Method)
	at sun.reflect.NativeMethodAccessorImpl.invoke(NativeMethodAccessorImpl.java:62)
	at sun.reflect.DelegatingMethodAccessorImpl.invoke(DelegatingMethodAccessorImpl.java:43)
	at java.lang.reflect.Method.invoke(Method.java:497)
	at org.mybatis.spring.SqlSessionTemplate$SqlSessionInterceptor.invoke(SqlSessionTemplate.java:434)
	at com.sun.proxy.$Proxy21.insert(Unknown Source)
	at org.mybatis.spring.SqlSessionTemplate.insert(SqlSessionTemplate.java:279)
	at org.apache.ibatis.binding.MapperMethod.execute(MapperMethod.java:57)
	at org.apache.ibatis.binding.MapperProxy.invoke(MapperProxy.java:59)
	at com.sun.proxy.$Proxy40.insertCancelTable(Unknown Source)
	at com.sise.service.serviceimpl.CancelTableServiceImpl.saveCancelTable(CancelTableServiceImpl.java:21)
	at dao.CancelTableTest.Test(CancelTableTest.java:28)
	at sun.reflect.NativeMethodAccessorImpl.invoke0(Native Method)
	at sun.reflect.NativeMethodAccessorImpl.invoke(NativeMethodAccessorImpl.java:62)
	at sun.reflect.DelegatingMethodAccessorImpl.invoke(DelegatingMethodAccessorImpl.java:43)
	at java.lang.reflect.Method.invoke(Method.java:497)
	at org.junit.runners.model.FrameworkMethod$1.runReflectiveCall(FrameworkMethod.java:50)
	at org.junit.internal.runners.model.ReflectiveCallable.run(ReflectiveCallable.java:12)
	at org.junit.runners.model.FrameworkMethod.invokeExplosively(FrameworkMethod.java:47)
	at org.junit.internal.runners.statements.InvokeMethod.evaluate(InvokeMethod.java:17)
	at org.springframework.test.context.junit4.statements.RunBeforeTestMethodCallbacks.evaluate(RunBeforeTestMethodCallbacks.java:75)
	at org.springframework.test.context.junit4.statements.RunAfterTestMethodCallbacks.evaluate(RunAfterTestMethodCallbacks.java:86)
	at org.springframework.test.context.junit4.statements.SpringRepeat.evaluate(SpringRepeat.java:84)
	at org.junit.runners.ParentRunner.runLeaf(ParentRunner.java:325)
	at org.springframework.test.context.junit4.SpringJUnit4ClassRunner.runChild(SpringJUnit4ClassRunner.java:252)
	at org.springframework.test.context.junit4.SpringJUnit4ClassRunner.runChild(SpringJUnit4ClassRunner.java:94)
	at org.junit.runners.ParentRunner$3.run(ParentRunner.java:290)
	at org.junit.runners.ParentRunner$1.schedule(ParentRunner.java:71)
	at org.junit.runners.ParentRunner.runChildren(ParentRunner.java:288)
	at org.junit.runners.ParentRunner.access$000(ParentRunner.java:58)
	at org.junit.runners.ParentRunner$2.evaluate(ParentRunner.java:268)
	at org.springframework.test.context.junit4.statements.RunBeforeTestClassCallbacks.evaluate(RunBeforeTestClassCallbacks.java:61)
	at org.springframework.test.context.junit4.statements.RunAfterTestClassCallbacks.evaluate(RunAfterTestClassCallbacks.java:70)
	at org.junit.runners.ParentRunner.run(ParentRunner.java:363)
	at org.springframework.test.context.junit4.SpringJUnit4ClassRunner.run(SpringJUnit4ClassRunner.java:191)
	at org.apache.maven.surefire.junit4.JUnit4Provider.execute(JUnit4Provider.java:252)
	at org.apache.maven.surefire.junit4.JUnit4Provider.executeTestSet(JUnit4Provider.java:141)
	at org.apache.maven.surefire.junit4.JUnit4Provider.invoke(JUnit4Provider.java:112)
	at sun.reflect.NativeMethodAccessorImpl.invoke0(Native Method)
	at sun.reflect.NativeMethodAccessorImpl.invoke(NativeMethodAccessorImpl.java:62)
	at sun.reflect.DelegatingMethodAccessorImpl.invoke(DelegatingMethodAccessorImpl.java:43)
	at java.lang.reflect.Method.invoke(Method.java:497)
	at org.apache.maven.surefire.util.ReflectionUtils.invokeMethodWithArray(ReflectionUtils.java:189)
	at org.apache.maven.surefire.booter.ProviderFactory$ProviderProxy.invoke(ProviderFactory.java:165)
	at org.apache.maven.surefire.booter.ProviderFactory.invokeProvider(ProviderFactory.java:85)
	at org.apache.maven.surefire.booter.ForkedBooter.runSuitesInProcess(ForkedBooter.java:115)
	at org.apache.maven.surefire.booter.ForkedBooter.main(ForkedBooter.java:75)
DEBUG - Testing a Connection in response to an Exception:
com.mysql.jdbc.exceptions.jdbc4.MySQLIntegrityConstraintViolationException: Duplicate entry &apos;100001&apos; for key &apos;registration_id&apos;
	at sun.reflect.NativeConstructorAccessorImpl.newInstance0(Native Method)
	at sun.reflect.NativeConstructorAccessorImpl.newInstance(NativeConstructorAccessorImpl.java:62)
	at sun.reflect.DelegatingConstructorAccessorImpl.newInstance(DelegatingConstructorAccessorImpl.java:45)
	at java.lang.reflect.Constructor.newInstance(Constructor.java:422)
	at com.mysql.jdbc.Util.handleNewInstance(Util.java:409)
	at com.mysql.jdbc.Util.getInstance(Util.java:384)
	at com.mysql.jdbc.SQLError.createSQLException(SQLError.java:1039)
	at com.mysql.jdbc.MysqlIO.checkErrorPacket(MysqlIO.java:4232)
	at com.mysql.jdbc.MysqlIO.checkErrorPacket(MysqlIO.java:4164)
	at com.mysql.jdbc.MysqlIO.sendCommand(MysqlIO.java:2615)
	at com.mysql.jdbc.MysqlIO.sqlQueryDirect(MysqlIO.java:2776)
	at com.mysql.jdbc.ConnectionImpl.execSQL(ConnectionImpl.java:2838)
	at com.mysql.jdbc.PreparedStatement.executeInternal(PreparedStatement.java:2082)
	at com.mysql.jdbc.PreparedStatement.execute(PreparedStatement.java:1307)
	at com.mchange.v2.c3p0.impl.NewProxyPreparedStatement.execute(NewProxyPreparedStatement.java:67)
	at sun.reflect.NativeMethodAccessorImpl.invoke0(Native Method)
	at sun.reflect.NativeMethodAccessorImpl.invoke(NativeMethodAccessorImpl.java:62)
	at sun.reflect.DelegatingMethodAccessorImpl.invoke(DelegatingMethodAccessorImpl.java:43)
	at java.lang.reflect.Method.invoke(Method.java:497)
	at org.apache.ibatis.logging.jdbc.PreparedStatementLogger.invoke(PreparedStatementLogger.java:59)
	at com.sun.proxy.$Proxy54.execute(Unknown Source)
	at org.apache.ibatis.executor.statement.PreparedStatementHandler.update(PreparedStatementHandler.java:46)
	at org.apache.ibatis.executor.statement.RoutingStatementHandler.update(RoutingStatementHandler.java:74)
	at org.apache.ibatis.executor.ReuseExecutor.doUpdate(ReuseExecutor.java:52)
	at org.apache.ibatis.executor.BaseExecutor.update(BaseExecutor.java:117)
	at org.apache.ibatis.executor.CachingExecutor.update(CachingExecutor.java:76)
	at sun.reflect.NativeMethodAccessorImpl.invoke0(Native Method)
	at sun.reflect.NativeMethodAccessorImpl.invoke(NativeMethodAccessorImpl.java:62)
	at sun.reflect.DelegatingMethodAccessorImpl.invoke(DelegatingMethodAccessorImpl.java:43)
	at java.lang.reflect.Method.invoke(Method.java:497)
	at org.apache.ibatis.plugin.Plugin.invoke(Plugin.java:63)
	at com.sun.proxy.$Proxy52.update(Unknown Source)
	at org.apache.ibatis.session.defaults.DefaultSqlSession.update(DefaultSqlSession.java:198)
	at org.apache.ibatis.session.defaults.DefaultSqlSession.insert(DefaultSqlSession.java:185)
	at sun.reflect.NativeMethodAccessorImpl.invoke0(Native Method)
	at sun.reflect.NativeMethodAccessorImpl.invoke(NativeMethodAccessorImpl.java:62)
	at sun.reflect.DelegatingMethodAccessorImpl.invoke(DelegatingMethodAccessorImpl.java:43)
	at java.lang.reflect.Method.invoke(Method.java:497)
	at org.mybatis.spring.SqlSessionTemplate$SqlSessionInterceptor.invoke(SqlSessionTemplate.java:434)
	at com.sun.proxy.$Proxy21.insert(Unknown Source)
	at org.mybatis.spring.SqlSessionTemplate.insert(SqlSessionTemplate.java:279)
	at org.apache.ibatis.binding.MapperMethod.execute(MapperMethod.java:57)
	at org.apache.ibatis.binding.MapperProxy.invoke(MapperProxy.java:59)
	at com.sun.proxy.$Proxy40.insertCancelTable(Unknown Source)
	at com.sise.service.serviceimpl.CancelTableServiceImpl.saveCancelTable(CancelTableServiceImpl.java:21)
	at dao.CancelTableTest.Test(CancelTableTest.java:28)
	at sun.reflect.NativeMethodAccessorImpl.invoke0(Native Method)
	at sun.reflect.NativeMethodAccessorImpl.invoke(NativeMethodAccessorImpl.java:62)
	at sun.reflect.DelegatingMethodAccessorImpl.invoke(DelegatingMethodAccessorImpl.java:43)
	at java.lang.reflect.Method.invoke(Method.java:497)
	at org.junit.runners.model.FrameworkMethod$1.runReflectiveCall(FrameworkMethod.java:50)
	at org.junit.internal.runners.model.ReflectiveCallable.run(ReflectiveCallable.java:12)
	at org.junit.runners.model.FrameworkMethod.invokeExplosively(FrameworkMethod.java:47)
	at org.junit.internal.runners.statements.InvokeMethod.evaluate(InvokeMethod.java:17)
	at org.springframework.test.context.junit4.statements.RunBeforeTestMethodCallbacks.evaluate(RunBeforeTestMethodCallbacks.java:75)
	at org.springframework.test.context.junit4.statements.RunAfterTestMethodCallbacks.evaluate(RunAfterTestMethodCallbacks.java:86)
	at org.springframework.test.context.junit4.statements.SpringRepeat.evaluate(SpringRepeat.java:84)
	at org.junit.runners.ParentRunner.runLeaf(ParentRunner.java:325)
	at org.springframework.test.context.junit4.SpringJUnit4ClassRunner.runChild(SpringJUnit4ClassRunner.java:252)
	at org.springframework.test.context.junit4.SpringJUnit4ClassRunner.runChild(SpringJUnit4ClassRunner.java:94)
	at org.junit.runners.ParentRunner$3.run(ParentRunner.java:290)
	at org.junit.runners.ParentRunner$1.schedule(ParentRunner.java:71)
	at org.junit.runners.ParentRunner.runChildren(ParentRunner.java:288)
	at org.junit.runners.ParentRunner.access$000(ParentRunner.java:58)
	at org.junit.runners.ParentRunner$2.evaluate(ParentRunner.java:268)
	at org.springframework.test.context.junit4.statements.RunBeforeTestClassCallbacks.evaluate(RunBeforeTestClassCallbacks.java:61)
	at org.springframework.test.context.junit4.statements.RunAfterTestClassCallbacks.evaluate(RunAfterTestClassCallbacks.java:70)
	at org.junit.runners.ParentRunner.run(ParentRunner.java:363)
	at org.springframework.test.context.junit4.SpringJUnit4ClassRunner.run(SpringJUnit4ClassRunner.java:191)
	at org.apache.maven.surefire.junit4.JUnit4Provider.execute(JUnit4Provider.java:252)
	at org.apache.maven.surefire.junit4.JUnit4Provider.executeTestSet(JUnit4Provider.java:141)
	at org.apache.maven.surefire.junit4.JUnit4Provider.invoke(JUnit4Provider.java:112)
	at sun.reflect.NativeMethodAccessorImpl.invoke0(Native Method)
	at sun.reflect.NativeMethodAccessorImpl.invoke(NativeMethodAccessorImpl.java:62)
	at sun.reflect.DelegatingMethodAccessorImpl.invoke(DelegatingMethodAccessorImpl.java:43)
	at java.lang.reflect.Method.invoke(Method.java:497)
	at org.apache.maven.surefire.util.ReflectionUtils.invokeMethodWithArray(ReflectionUtils.java:189)
	at org.apache.maven.surefire.booter.ProviderFactory$ProviderProxy.invoke(ProviderFactory.java:165)
	at org.apache.maven.surefire.booter.ProviderFactory.invokeProvider(ProviderFactory.java:85)
	at org.apache.maven.surefire.booter.ForkedBooter.runSuitesInProcess(ForkedBooter.java:115)
	at org.apache.maven.surefire.booter.ForkedBooter.main(ForkedBooter.java:75)
DEBUG - Closing non transactional SqlSession [org.apache.ibatis.session.defaults.DefaultSqlSession@373ebf74]
DEBUG - Returning JDBC Connection to DataSource
DEBUG - Adding [systemProperties] PropertySource with lowest search precedence
DEBUG - Adding [systemEnvironment] PropertySource with lowest search precedence
DEBUG - Initialized StandardEnvironment with PropertySources [systemProperties,systemEnvironment]
INFO - Loading XML bean definitions from class path resource [org/springframework/jdbc/support/sql-error-codes.xml]
DEBUG - Using JAXP provider [com.sun.org.apache.xerces.internal.jaxp.DocumentBuilderFactoryImpl]
DEBUG - Found beans DTD [http://www.springframework.org/dtd/spring-beans-2.0.dtd] in classpath: spring-beans-2.0.dtd
DEBUG - Loading bean definitions
DEBUG - Creating shared instance of singleton bean &apos;DB2&apos;
DEBUG - Creating instance of bean &apos;DB2&apos;
DEBUG - Eagerly caching bean &apos;DB2&apos; to allow for resolving potential circular references
DEBUG - Finished creating instance of bean &apos;DB2&apos;
DEBUG - Creating shared instance of singleton bean &apos;Derby&apos;
DEBUG - Creating instance of bean &apos;Derby&apos;
DEBUG - Eagerly caching bean &apos;Derby&apos; to allow for resolving potential circular references
DEBUG - Finished creating instance of bean &apos;Derby&apos;
DEBUG - Creating shared instance of singleton bean &apos;H2&apos;
DEBUG - Creating instance of bean &apos;H2&apos;
DEBUG - Eagerly caching bean &apos;H2&apos; to allow for resolving potential circular references
DEBUG - Finished creating instance of bean &apos;H2&apos;
DEBUG - Creating shared instance of singleton bean &apos;HSQL&apos;
DEBUG - Creating instance of bean &apos;HSQL&apos;
DEBUG - Eagerly caching bean &apos;HSQL&apos; to allow for resolving potential circular references
DEBUG - Finished creating instance of bean &apos;HSQL&apos;
DEBUG - Creating shared instance of singleton bean &apos;Informix&apos;
DEBUG - Creating instance of bean &apos;Informix&apos;
DEBUG - Eagerly caching bean &apos;Informix&apos; to allow for resolving potential circular references
DEBUG - Finished creating instance of bean &apos;Informix&apos;
DEBUG - Creating shared instance of singleton bean &apos;MS-SQL&apos;
DEBUG - Creating instance of bean &apos;MS-SQL&apos;
DEBUG - Eagerly caching bean &apos;MS-SQL&apos; to allow for resolving potential circular references
DEBUG - Finished creating instance of bean &apos;MS-SQL&apos;
DEBUG - Creating shared instance of singleton bean &apos;MySQL&apos;
DEBUG - Creating instance of bean &apos;MySQL&apos;
DEBUG - Eagerly caching bean &apos;MySQL&apos; to allow for resolving potential circular references
DEBUG - Finished creating instance of bean &apos;MySQL&apos;
DEBUG - Creating shared instance of singleton bean &apos;Oracle&apos;
DEBUG - Creating instance of bean &apos;Oracle&apos;
DEBUG - Eagerly caching bean &apos;Oracle&apos; to allow for resolving potential circular references
DEBUG - Finished creating instance of bean &apos;Oracle&apos;
DEBUG - Creating shared instance of singleton bean &apos;PostgreSQL&apos;
DEBUG - Creating instance of bean &apos;PostgreSQL&apos;
DEBUG - Eagerly caching bean &apos;PostgreSQL&apos; to allow for resolving potential circular references
DEBUG - Finished creating instance of bean &apos;PostgreSQL&apos;
DEBUG - Creating shared instance of singleton bean &apos;Sybase&apos;
DEBUG - Creating instance of bean &apos;Sybase&apos;
DEBUG - Eagerly caching bean &apos;Sybase&apos; to allow for resolving potential circular references
DEBUG - Finished creating instance of bean &apos;Sybase&apos;
DEBUG - Creating shared instance of singleton bean &apos;Hana&apos;
DEBUG - Creating instance of bean &apos;Hana&apos;
DEBUG - Eagerly caching bean &apos;Hana&apos; to allow for resolving potential circular references
DEBUG - Finished creating instance of bean &apos;Hana&apos;
INFO - SQLErrorCodes loaded: [DB2, Derby, H2, HSQL, Informix, MS-SQL, MySQL, Oracle, PostgreSQL, Sybase, Hana]
DEBUG - Looking up default SQLErrorCodes for DataSource [com.mchange.v2.c3p0.ComboPooledDataSource@7e9187fe]
DEBUG - Fetching JDBC Connection from DataSource
DEBUG - Returning JDBC Connection to DataSource
DEBUG - SQL error codes for &apos;MySQL&apos; found
DEBUG - Caching SQL error codes for DataSource [com.mchange.v2.c3p0.ComboPooledDataSource@7e9187fe]: database product name is &apos;MySQL&apos;
DEBUG - Translating SQLException with SQL state &apos;23000&apos;, error code &apos;1062&apos;, message [Duplicate entry &apos;100001&apos; for key &apos;registration_id&apos;]; SQL was [] for task [
### Error updating database.  Cause: com.mysql.jdbc.exceptions.jdbc4.MySQLIntegrityConstraintViolationException: Duplicate entry &apos;100001&apos; for key &apos;registration_id&apos;
### The error may involve com.sise.dao.CancelTableDao.insertCancelTable-Inline
### The error occurred while setting parameters
### SQL: INSERT INTO cancel_table(cancel_content,cancel_time,employee_id,registration_id,cancel_status) VALUES (?,?,?,?,?)
### Cause: com.mysql.jdbc.exceptions.jdbc4.MySQLIntegrityConstraintViolationException: Duplicate entry &apos;100001&apos; for key &apos;registration_id&apos;
]
DEBUG - After test method: context [DefaultTestContext@610694f1 testClass = CancelTableTest, testInstance = dao.CancelTableTest@49fc609f, testMethod = Test@CancelTableTest, testException = org.springframework.dao.DuplicateKeyException: 
### Error updating database.  Cause: com.mysql.jdbc.exceptions.jdbc4.MySQLIntegrityConstraintViolationException: Duplicate entry &apos;100001&apos; for key &apos;registration_id&apos;
### The error may involve com.sise.dao.CancelTableDao.insertCancelTable-Inline
### The error occurred while setting parameters
### SQL: INSERT INTO cancel_table(cancel_content,cancel_time,employee_id,registration_id,cancel_status) VALUES (?,?,?,?,?)
### Cause: com.mysql.jdbc.exceptions.jdbc4.MySQLIntegrityConstraintViolationException: Duplicate entry &apos;100001&apos; for key &apos;registration_id&apos;
; SQL []; Duplicate entry &apos;100001&apos; for key &apos;registration_id&apos;; nested exception is com.mysql.jdbc.exceptions.jdbc4.MySQLIntegrityConstraintViolationException: Duplicate entry &apos;100001&apos; for key &apos;registration_id&apos;, mergedContextConfiguration = [MergedContextConfiguration@43814d18 testClass = CancelTableTest, locations = &apos;{classpath:ssm/applicationContext.xml}&apos;, classes = &apos;{}&apos;, contextInitializerClasses = &apos;[]&apos;, activeProfiles = &apos;{}&apos;, propertySourceLocations = &apos;{}&apos;, propertySourceProperties = &apos;{}&apos;, contextCustomizers = set[[empty]], contextLoader = &apos;org.springframework.test.context.support.DelegatingSmartContextLoader&apos;, parent = [null]]], class annotated with @DirtiesContext [false] with mode [null], method annotated with @DirtiesContext [false] with mode [null].
</system-out>
  </testcase>
</testsuite>